Warning[207] C:\USERS\IVAN-\DOCUMENTS\MEGA\COMPARTIDO\MICROCONTROLADORES\MPLAB\ASM\LCD.X\MAIN.ASM 73 : Found label after column 1. (i)
Warning[207] C:\USERS\IVAN-\DOCUMENTS\MEGA\COMPARTIDO\MICROCONTROLADORES\MPLAB\ASM\LCD.X\MAIN.ASM 74 : Found label after column 1. (var)
Warning[207] C:\USERS\IVAN-\DOCUMENTS\MEGA\COMPARTIDO\MICROCONTROLADORES\MPLAB\ASM\LCD.X\MAIN.ASM 75 : Found label after column 1. (var1)
Error[152]   C:\USERS\IVAN-\DOCUMENTS\MEGA\COMPARTIDO\MICROCONTROLADORES\MPLAB\ASM\LCD.X\MAIN.ASM 77 : Executable code and data must be defined in an appropriate section
Error[152]   C:\USERS\IVAN-\DOCUMENTS\MEGA\COMPARTIDO\MICROCONTROLADORES\MPLAB\ASM\LCD.X\MAIN.ASM 77 : Executable code and data must be defined in an appropriate section
Error[152]   C:\USERS\IVAN-\DOCUMENTS\MEGA\COMPARTIDO\MICROCONTROLADORES\MPLAB\ASM\LCD.X\MAIN.ASM 78 : Executable code and data must be defined in an appropriate section
Error[152]   C:\USERS\IVAN-\DOCUMENTS\MEGA\COMPARTIDO\MICROCONTROLADORES\MPLAB\ASM\LCD.X\MAIN.ASM 78 : Executable code and data must be defined in an appropriate section
Warning[207] C:\USERS\IVAN-\DOCUMENTS\MEGA\COMPARTIDO\MICROCONTROLADORES\MPLAB\ASM\LCD.X\MAIN.ASM 80 : Found label after column 1. (main)
Error[152]   C:\USERS\IVAN-\DOCUMENTS\MEGA\COMPARTIDO\MICROCONTROLADORES\MPLAB\ASM\LCD.X\MAIN.ASM 81 : Executable code and data must be defined in an appropriate section
Error[152]   C:\USERS\IVAN-\DOCUMENTS\MEGA\COMPARTIDO\MICROCONTROLADORES\MPLAB\ASM\LCD.X\MAIN.ASM 82 : Executable code and data must be defined in an appropriate section
Error[152]   C:\USERS\IVAN-\DOCUMENTS\MEGA\COMPARTIDO\MICROCONTROLADORES\MPLAB\ASM\LCD.X\MAIN.ASM 83 : Executable code and data must be defined in an appropriate section
Error[152]   C:\USERS\IVAN-\DOCUMENTS\MEGA\COMPARTIDO\MICROCONTROLADORES\MPLAB\ASM\LCD.X\MAIN.ASM 83 : Executable code and data must be defined in an appropriate section
Error[152]   C:\USERS\IVAN-\DOCUMENTS\MEGA\COMPARTIDO\MICROCONTROLADORES\MPLAB\ASM\LCD.X\MAIN.ASM 84 : Executable code and data must be defined in an appropriate section
Error[152]   C:\USERS\IVAN-\DOCUMENTS\MEGA\COMPARTIDO\MICROCONTROLADORES\MPLAB\ASM\LCD.X\MAIN.ASM 85 : Executable code and data must be defined in an appropriate section
Error[152]   C:\USERS\IVAN-\DOCUMENTS\MEGA\COMPARTIDO\MICROCONTROLADORES\MPLAB\ASM\LCD.X\MAIN.ASM 86 : Executable code and data must be defined in an appropriate section
Error[152]   C:\USERS\IVAN-\DOCUMENTS\MEGA\COMPARTIDO\MICROCONTROLADORES\MPLAB\ASM\LCD.X\MAIN.ASM 86 : Executable code and data must be defined in an appropriate section
Error[152]   C:\USERS\IVAN-\DOCUMENTS\MEGA\COMPARTIDO\MICROCONTROLADORES\MPLAB\ASM\LCD.X\MAIN.ASM 87 : Executable code and data must be defined in an appropriate section
Error[152]   C:\USERS\IVAN-\DOCUMENTS\MEGA\COMPARTIDO\MICROCONTROLADORES\MPLAB\ASM\LCD.X\MAIN.ASM 88 : Executable code and data must be defined in an appropriate section
Error[152]   C:\USERS\IVAN-\DOCUMENTS\MEGA\COMPARTIDO\MICROCONTROLADORES\MPLAB\ASM\LCD.X\MAIN.ASM 89 : Executable code and data must be defined in an appropriate section
Error[152]   C:\USERS\IVAN-\DOCUMENTS\MEGA\COMPARTIDO\MICROCONTROLADORES\MPLAB\ASM\LCD.X\MAIN.ASM 89 : Executable code and data must be defined in an appropriate section
Error[152]   C:\USERS\IVAN-\DOCUMENTS\MEGA\COMPARTIDO\MICROCONTROLADORES\MPLAB\ASM\LCD.X\MAIN.ASM 90 : Executable code and data must be defined in an appropriate section
Error[152]   C:\USERS\IVAN-\DOCUMENTS\MEGA\COMPARTIDO\MICROCONTROLADORES\MPLAB\ASM\LCD.X\MAIN.ASM 91 : Executable code and data must be defined in an appropriate section
Error[152]   C:\USERS\IVAN-\DOCUMENTS\MEGA\COMPARTIDO\MICROCONTROLADORES\MPLAB\ASM\LCD.X\MAIN.ASM 92 : Executable code and data must be defined in an appropriate section
Error[152]   C:\USERS\IVAN-\DOCUMENTS\MEGA\COMPARTIDO\MICROCONTROLADORES\MPLAB\ASM\LCD.X\MAIN.ASM 92 : Executable code and data must be defined in an appropriate section
Error[152]   C:\USERS\IVAN-\DOCUMENTS\MEGA\COMPARTIDO\MICROCONTROLADORES\MPLAB\ASM\LCD.X\MAIN.ASM 93 : Executable code and data must be defined in an appropriate section
Error[152]   C:\USERS\IVAN-\DOCUMENTS\MEGA\COMPARTIDO\MICROCONTROLADORES\MPLAB\ASM\LCD.X\MAIN.ASM 94 : Executable code and data must be defined in an appropriate section
Error[152]   C:\USERS\IVAN-\DOCUMENTS\MEGA\COMPARTIDO\MICROCONTROLADORES\MPLAB\ASM\LCD.X\MAIN.ASM 95 : Executable code and data must be defined in an appropriate section
Error[152]   C:\USERS\IVAN-\DOCUMENTS\MEGA\COMPARTIDO\MICROCONTROLADORES\MPLAB\ASM\LCD.X\MAIN.ASM 95 : Executable code and data must be defined in an appropriate section
Error[152]   C:\USERS\IVAN-\DOCUMENTS\MEGA\COMPARTIDO\MICROCONTROLADORES\MPLAB\ASM\LCD.X\MAIN.ASM 96 : Executable code and data must be defined in an appropriate section
Error[152]   C:\USERS\IVAN-\DOCUMENTS\MEGA\COMPARTIDO\MICROCONTROLADORES\MPLAB\ASM\LCD.X\MAIN.ASM 97 : Executable code and data must be defined in an appropriate section
Error[152]   C:\USERS\IVAN-\DOCUMENTS\MEGA\COMPARTIDO\MICROCONTROLADORES\MPLAB\ASM\LCD.X\MAIN.ASM 98 : Executable code and data must be defined in an appropriate section
Error[152]   C:\USERS\IVAN-\DOCUMENTS\MEGA\COMPARTIDO\MICROCONTROLADORES\MPLAB\ASM\LCD.X\MAIN.ASM 98 : Executable code and data must be defined in an appropriate section
Error[121]   C:\USERS\IVAN-\DOCUMENTS\MEGA\COMPARTIDO\MICROCONTROLADORES\MPLAB\ASM\LCD.X\MAIN.ASM 99 : Illegal label (_.config_30000D_BUILD/DEFAULT/PRODUCTION/MAIN.O_0000)
Error[152]   C:\USERS\IVAN-\DOCUMENTS\MEGA\COMPARTIDO\MICROCONTROLADORES\MPLAB\ASM\LCD.X\MAIN.ASM 99 : Executable code and data must be defined in an appropriate section
Error[152]   C:\USERS\IVAN-\DOCUMENTS\MEGA\COMPARTIDO\MICROCONTROLADORES\MPLAB\ASM\LCD.X\MAIN.ASM 99 : Executable code and data must be defined in an appropriate section
Error[152]   C:\USERS\IVAN-\DOCUMENTS\MEGA\COMPARTIDO\MICROCONTROLADORES\MPLAB\ASM\LCD.X\MAIN.ASM 103 : Executable code and data must be defined in an appropriate section
Error[152]   C:\USERS\IVAN-\DOCUMENTS\MEGA\COMPARTIDO\MICROCONTROLADORES\MPLAB\ASM\LCD.X\MAIN.ASM 104 : Executable code and data must be defined in an appropriate section
Error[152]   C:\USERS\IVAN-\DOCUMENTS\MEGA\COMPARTIDO\MICROCONTROLADORES\MPLAB\ASM\LCD.X\MAIN.ASM 105 : Executable code and data must be defined in an appropriate section
Error[152]   C:\USERS\IVAN-\DOCUMENTS\MEGA\COMPARTIDO\MICROCONTROLADORES\MPLAB\ASM\LCD.X\MAIN.ASM 106 : Executable code and data must be defined in an appropriate section
Error[152]   C:\USERS\IVAN-\DOCUMENTS\MEGA\COMPARTIDO\MICROCONTROLADORES\MPLAB\ASM\LCD.X\MAIN.ASM 108 : Executable code and data must be defined in an appropriate section
Error[152]   C:\USERS\IVAN-\DOCUMENTS\MEGA\COMPARTIDO\MICROCONTROLADORES\MPLAB\ASM\LCD.X\MAIN.ASM 109 : Executable code and data must be defined in an appropriate section
Error[152]   C:\USERS\IVAN-\DOCUMENTS\MEGA\COMPARTIDO\MICROCONTROLADORES\MPLAB\ASM\LCD.X\MAIN.ASM 109 : Executable code and data must be defined in an appropriate section
Error[152]   C:\USERS\IVAN-\DOCUMENTS\MEGA\COMPARTIDO\MICROCONTROLADORES\MPLAB\ASM\LCD.X\MAIN.ASM 111 : Executable code and data must be defined in an appropriate section
Error[152]   C:\USERS\IVAN-\DOCUMENTS\MEGA\COMPARTIDO\MICROCONTROLADORES\MPLAB\ASM\LCD.X\MAIN.ASM 112 : Executable code and data must be defined in an appropriate section
Error[152]   C:\USERS\IVAN-\DOCUMENTS\MEGA\COMPARTIDO\MICROCONTROLADORES\MPLAB\ASM\LCD.X\MAIN.ASM 113 : Executable code and data must be defined in an appropriate section
Error[152]   C:\USERS\IVAN-\DOCUMENTS\MEGA\COMPARTIDO\MICROCONTROLADORES\MPLAB\ASM\LCD.X\MAIN.ASM 113 : Executable code and data must be defined in an appropriate section
Error[152]   C:\USERS\IVAN-\DOCUMENTS\MEGA\COMPARTIDO\MICROCONTROLADORES\MPLAB\ASM\LCD.X\MAIN.ASM 114 : Executable code and data must be defined in an appropriate section
Error[152]   C:\USERS\IVAN-\DOCUMENTS\MEGA\COMPARTIDO\MICROCONTROLADORES\MPLAB\ASM\LCD.X\MAIN.ASM 115 : Executable code and data must be defined in an appropriate section
Error[152]   C:\USERS\IVAN-\DOCUMENTS\MEGA\COMPARTIDO\MICROCONTROLADORES\MPLAB\ASM\LCD.X\MAIN.ASM 115 : Executable code and data must be defined in an appropriate section
Error[152]   C:\USERS\IVAN-\DOCUMENTS\MEGA\COMPARTIDO\MICROCONTROLADORES\MPLAB\ASM\LCD.X\MAIN.ASM 116 : Executable code and data must be defined in an appropriate section
Error[152]   C:\USERS\IVAN-\DOCUMENTS\MEGA\COMPARTIDO\MICROCONTROLADORES\MPLAB\ASM\LCD.X\MAIN.ASM 117 : Executable code and data must be defined in an appropriate section
Error[152]   C:\USERS\IVAN-\DOCUMENTS\MEGA\COMPARTIDO\MICROCONTROLADORES\MPLAB\ASM\LCD.X\MAIN.ASM 117 : Executable code and data must be defined in an appropriate section
Error[152]   C:\USERS\IVAN-\DOCUMENTS\MEGA\COMPARTIDO\MICROCONTROLADORES\MPLAB\ASM\LCD.X\MAIN.ASM 118 : Executable code and data must be defined in an appropriate section
Error[152]   C:\USERS\IVAN-\DOCUMENTS\MEGA\COMPARTIDO\MICROCONTROLADORES\MPLAB\ASM\LCD.X\MAIN.ASM 119 : Executable code and data must be defined in an appropriate section
Error[152]   C:\USERS\IVAN-\DOCUMENTS\MEGA\COMPARTIDO\MICROCONTROLADORES\MPLAB\ASM\LCD.X\MAIN.ASM 119 : Executable code and data must be defined in an appropriate section
Error[152]   C:\USERS\IVAN-\DOCUMENTS\MEGA\COMPARTIDO\MICROCONTROLADORES\MPLAB\ASM\LCD.X\MAIN.ASM 120 : Executable code and data must be defined in an appropriate section
Error[152]   C:\USERS\IVAN-\DOCUMENTS\MEGA\COMPARTIDO\MICROCONTROLADORES\MPLAB\ASM\LCD.X\MAIN.ASM 121 : Executable code and data must be defined in an appropriate section
Error[152]   C:\USERS\IVAN-\DOCUMENTS\MEGA\COMPARTIDO\MICROCONTROLADORES\MPLAB\ASM\LCD.X\MAIN.ASM 121 : Executable code and data must be defined in an appropriate section
Error[152]   C:\USERS\IVAN-\DOCUMENTS\MEGA\COMPARTIDO\MICROCONTROLADORES\MPLAB\ASM\LCD.X\MAIN.ASM 122 : Executable code and data must be defined in an appropriate section
Error[152]   C:\USERS\IVAN-\DOCUMENTS\MEGA\COMPARTIDO\MICROCONTROLADORES\MPLAB\ASM\LCD.X\MAIN.ASM 123 : Executable code and data must be defined in an appropriate section
Error[152]   C:\USERS\IVAN-\DOCUMENTS\MEGA\COMPARTIDO\MICROCONTROLADORES\MPLAB\ASM\LCD.X\MAIN.ASM 123 : Executable code and data must be defined in an appropriate section
Error[152]   C:\USERS\IVAN-\DOCUMENTS\MEGA\COMPARTIDO\MICROCONTROLADORES\MPLAB\ASM\LCD.X\MAIN.ASM 125 : Executable code and data must be defined in an appropriate section
Error[152]   C:\USERS\IVAN-\DOCUMENTS\MEGA\COMPARTIDO\MICROCONTROLADORES\MPLAB\ASM\LCD.X\MAIN.ASM 126 : Executable code and data must be defined in an appropriate section
Error[152]   C:\USERS\IVAN-\DOCUMENTS\MEGA\COMPARTIDO\MICROCONTROLADORES\MPLAB\ASM\LCD.X\MAIN.ASM 126 : Executable code and data must be defined in an appropriate section
Error[152]   C:\USERS\IVAN-\DOCUMENTS\MEGA\COMPARTIDO\MICROCONTROLADORES\MPLAB\ASM\LCD.X\MAIN.ASM 127 : Executable code and data must be defined in an appropriate section
Error[152]   C:\USERS\IVAN-\DOCUMENTS\MEGA\COMPARTIDO\MICROCONTROLADORES\MPLAB\ASM\LCD.X\MAIN.ASM 128 : Executable code and data must be defined in an appropriate section
Error[152]   C:\USERS\IVAN-\DOCUMENTS\MEGA\COMPARTIDO\MICROCONTROLADORES\MPLAB\ASM\LCD.X\MAIN.ASM 128 : Executable code and data must be defined in an appropriate section
Error[152]   C:\USERS\IVAN-\DOCUMENTS\MEGA\COMPARTIDO\MICROCONTROLADORES\MPLAB\ASM\LCD.X\MAIN.ASM 130 : Executable code and data must be defined in an appropriate section
Error[152]   C:\USERS\IVAN-\DOCUMENTS\MEGA\COMPARTIDO\MICROCONTROLADORES\MPLAB\ASM\LCD.X\MAIN.ASM 131 : Executable code and data must be defined in an appropriate section
Error[152]   C:\USERS\IVAN-\DOCUMENTS\MEGA\COMPARTIDO\MICROCONTROLADORES\MPLAB\ASM\LCD.X\MAIN.ASM 131 : Executable code and data must be defined in an appropriate section
Error[152]   C:\USERS\IVAN-\DOCUMENTS\MEGA\COMPARTIDO\MICROCONTROLADORES\MPLAB\ASM\LCD.X\MAIN.ASM 132 : Executable code and data must be defined in an appropriate section
Error[152]   C:\USERS\IVAN-\DOCUMENTS\MEGA\COMPARTIDO\MICROCONTROLADORES\MPLAB\ASM\LCD.X\MAIN.ASM 133 : Executable code and data must be defined in an appropriate section
Error[152]   C:\USERS\IVAN-\DOCUMENTS\MEGA\COMPARTIDO\MICROCONTROLADORES\MPLAB\ASM\LCD.X\MAIN.ASM 133 : Executable code and data must be defined in an appropriate section
Error[152]   C:\USERS\IVAN-\DOCUMENTS\MEGA\COMPARTIDO\MICROCONTROLADORES\MPLAB\ASM\LCD.X\MAIN.ASM 135 : Executable code and data must be defined in an appropriate section
Error[152]   C:\USERS\IVAN-\DOCUMENTS\MEGA\COMPARTIDO\MICROCONTROLADORES\MPLAB\ASM\LCD.X\MAIN.ASM 136 : Executable code and data must be defined in an appropriate section
Error[152]   C:\USERS\IVAN-\DOCUMENTS\MEGA\COMPARTIDO\MICROCONTROLADORES\MPLAB\ASM\LCD.X\MAIN.ASM 136 : Executable code and data must be defined in an appropriate section
Error[152]   C:\USERS\IVAN-\DOCUMENTS\MEGA\COMPARTIDO\MICROCONTROLADORES\MPLAB\ASM\LCD.X\MAIN.ASM 137 : Executable code and data must be defined in an appropriate section
Error[152]   C:\USERS\IVAN-\DOCUMENTS\MEGA\COMPARTIDO\MICROCONTROLADORES\MPLAB\ASM\LCD.X\MAIN.ASM 138 : Executable code and data must be defined in an appropriate section
Error[152]   C:\USERS\IVAN-\DOCUMENTS\MEGA\COMPARTIDO\MICROCONTROLADORES\MPLAB\ASM\LCD.X\MAIN.ASM 138 : Executable code and data must be defined in an appropriate section
Error[152]   C:\USERS\IVAN-\DOCUMENTS\MEGA\COMPARTIDO\MICROCONTROLADORES\MPLAB\ASM\LCD.X\MAIN.ASM 140 : Executable code and data must be defined in an appropriate section
Error[152]   C:\USERS\IVAN-\DOCUMENTS\MEGA\COMPARTIDO\MICROCONTROLADORES\MPLAB\ASM\LCD.X\MAIN.ASM 141 : Executable code and data must be defined in an appropriate section
Error[152]   C:\USERS\IVAN-\DOCUMENTS\MEGA\COMPARTIDO\MICROCONTROLADORES\MPLAB\ASM\LCD.X\MAIN.ASM 141 : Executable code and data must be defined in an appropriate section
Error[152]   C:\USERS\IVAN-\DOCUMENTS\MEGA\COMPARTIDO\MICROCONTROLADORES\MPLAB\ASM\LCD.X\MAIN.ASM 142 : Executable code and data must be defined in an appropriate section
Error[152]   C:\USERS\IVAN-\DOCUMENTS\MEGA\COMPARTIDO\MICROCONTROLADORES\MPLAB\ASM\LCD.X\MAIN.ASM 143 : Executable code and data must be defined in an appropriate section
Error[152]   C:\USERS\IVAN-\DOCUMENTS\MEGA\COMPARTIDO\MICROCONTROLADORES\MPLAB\ASM\LCD.X\MAIN.ASM 143 : Executable code and data must be defined in an appropriate section
Error[152]   C:\USERS\IVAN-\DOCUMENTS\MEGA\COMPARTIDO\MICROCONTROLADORES\MPLAB\ASM\LCD.X\MAIN.ASM 145 : Executable code and data must be defined in an appropriate section
Error[152]   C:\USERS\IVAN-\DOCUMENTS\MEGA\COMPARTIDO\MICROCONTROLADORES\MPLAB\ASM\LCD.X\MAIN.ASM 146 : Executable code and data must be defined in an appropriate section
Error[152]   C:\USERS\IVAN-\DOCUMENTS\MEGA\COMPARTIDO\MICROCONTROLADORES\MPLAB\ASM\LCD.X\MAIN.ASM 146 : Executable code and data must be defined in an appropriate section
Error[152]   C:\USERS\IVAN-\DOCUMENTS\MEGA\COMPARTIDO\MICROCONTROLADORES\MPLAB\ASM\LCD.X\MAIN.ASM 147 : Executable code and data must be defined in an appropriate section
Error[152]   C:\USERS\IVAN-\DOCUMENTS\MEGA\COMPARTIDO\MICROCONTROLADORES\MPLAB\ASM\LCD.X\MAIN.ASM 148 : Executable code and data must be defined in an appropriate section
Error[152]   C:\USERS\IVAN-\DOCUMENTS\MEGA\COMPARTIDO\MICROCONTROLADORES\MPLAB\ASM\LCD.X\MAIN.ASM 148 : Executable code and data must be defined in an appropriate section
Error[152]   C:\USERS\IVAN-\DOCUMENTS\MEGA\COMPARTIDO\MICROCONTROLADORES\MPLAB\ASM\LCD.X\MAIN.ASM 149 : Executable code and data must be defined in an appropriate section
Error[152]   C:\USERS\IVAN-\DOCUMENTS\MEGA\COMPARTIDO\MICROCONTROLADORES\MPLAB\ASM\LCD.X\MAIN.ASM 151 : Executable code and data must be defined in an appropriate section
Error[152]   C:\USERS\IVAN-\DOCUMENTS\MEGA\COMPARTIDO\MICROCONTROLADORES\MPLAB\ASM\LCD.X\MAIN.ASM 152 : Executable code and data must be defined in an appropriate section
Error[152]   C:\USERS\IVAN-\DOCUMENTS\MEGA\COMPARTIDO\MICROCONTROLADORES\MPLAB\ASM\LCD.X\MAIN.ASM 153 : Executable code and data must be defined in an appropriate section
Error[152]   C:\USERS\IVAN-\DOCUMENTS\MEGA\COMPARTIDO\MICROCONTROLADORES\MPLAB\ASM\LCD.X\MAIN.ASM 154 : Executable code and data must be defined in an appropriate section
Error[152]   C:\USERS\IVAN-\DOCUMENTS\MEGA\COMPARTIDO\MICROCONTROLADORES\MPLAB\ASM\LCD.X\MAIN.ASM 155 : Executable code and data must be defined in an appropriate section
Error[152]   C:\USERS\IVAN-\DOCUMENTS\MEGA\COMPARTIDO\MICROCONTROLADORES\MPLAB\ASM\LCD.X\MAIN.ASM 156 : Executable code and data must be defined in an appropriate section
Error[152]   C:\USERS\IVAN-\DOCUMENTS\MEGA\COMPARTIDO\MICROCONTROLADORES\MPLAB\ASM\LCD.X\MAIN.ASM 157 : Executable code and data must be defined in an appropriate section
Error[152]   C:\USERS\IVAN-\DOCUMENTS\MEGA\COMPARTIDO\MICROCONTROLADORES\MPLAB\ASM\LCD.X\MAIN.ASM 158 : Executable code and data must be defined in an appropriate section
Error[152]   C:\USERS\IVAN-\DOCUMENTS\MEGA\COMPARTIDO\MICROCONTROLADORES\MPLAB\ASM\LCD.X\MAIN.ASM 158 : Executable code and data must be defined in an appropriate section
Error[152]   C:\USERS\IVAN-\DOCUMENTS\MEGA\COMPARTIDO\MICROCONTROLADORES\MPLAB\ASM\LCD.X\MAIN.ASM 159 : Executable code and data must be defined in an appropriate section
Error[152]   C:\USERS\IVAN-\DOCUMENTS\MEGA\COMPARTIDO\MICROCONTROLADORES\MPLAB\ASM\LCD.X\MAIN.ASM 161 : Executable code and data must be defined in an appropriate section
Error[152]   C:\USERS\IVAN-\DOCUMENTS\MEGA\COMPARTIDO\MICROCONTROLADORES\MPLAB\ASM\LCD.X\MAIN.ASM 162 : Executable code and data must be defined in an appropriate section
Error[152]   C:\USERS\IVAN-\DOCUMENTS\MEGA\COMPARTIDO\MICROCONTROLADORES\MPLAB\ASM\LCD.X\MAIN.ASM 163 : Executable code and data must be defined in an appropriate section
Error[152]   C:\USERS\IVAN-\DOCUMENTS\MEGA\COMPARTIDO\MICROCONTROLADORES\MPLAB\ASM\LCD.X\MAIN.ASM 163 : Executable code and data must be defined in an appropriate section
Error[152]   C:\USERS\IVAN-\DOCUMENTS\MEGA\COMPARTIDO\MICROCONTROLADORES\MPLAB\ASM\LCD.X\MAIN.ASM 164 : Executable code and data must be defined in an appropriate section
Error[113]   C:\USERS\IVAN-\DOCUMENTS\MEGA\COMPARTIDO\MICROCONTROLADORES\MPLAB\ASM\LCD.X\MAIN.ASM 164 : Symbol not previously defined (w)
Error[152]   C:\USERS\IVAN-\DOCUMENTS\MEGA\COMPARTIDO\MICROCONTROLADORES\MPLAB\ASM\LCD.X\MAIN.ASM 164 : Executable code and data must be defined in an appropriate section
Error[152]   C:\USERS\IVAN-\DOCUMENTS\MEGA\COMPARTIDO\MICROCONTROLADORES\MPLAB\ASM\LCD.X\MAIN.ASM 165 : Executable code and data must be defined in an appropriate section
Error[152]   C:\USERS\IVAN-\DOCUMENTS\MEGA\COMPARTIDO\MICROCONTROLADORES\MPLAB\ASM\LCD.X\MAIN.ASM 165 : Executable code and data must be defined in an appropriate section
Error[152]   C:\USERS\IVAN-\DOCUMENTS\MEGA\COMPARTIDO\MICROCONTROLADORES\MPLAB\ASM\LCD.X\MAIN.ASM 166 : Executable code and data must be defined in an appropriate section
Error[152]   C:\USERS\IVAN-\DOCUMENTS\MEGA\COMPARTIDO\MICROCONTROLADORES\MPLAB\ASM\LCD.X\MAIN.ASM 168 : Executable code and data must be defined in an appropriate section
Warning[207] C:\USERS\IVAN-\DOCUMENTS\MEGA\COMPARTIDO\MICROCONTROLADORES\MPLAB\ASM\LCD.X\MAIN.ASM 169 : Found label after column 1. (cicDelay)
Error[152]   C:\USERS\IVAN-\DOCUMENTS\MEGA\COMPARTIDO\MICROCONTROLADORES\MPLAB\ASM\LCD.X\MAIN.ASM 170 : Executable code and data must be defined in an appropriate section
Error[152]   C:\USERS\IVAN-\DOCUMENTS\MEGA\COMPARTIDO\MICROCONTROLADORES\MPLAB\ASM\LCD.X\MAIN.ASM 171 : Executable code and data must be defined in an appropriate section
Error[152]   C:\USERS\IVAN-\DOCUMENTS\MEGA\COMPARTIDO\MICROCONTROLADORES\MPLAB\ASM\LCD.X\MAIN.ASM 172 : Executable code and data must be defined in an appropriate section
Error[152]   C:\USERS\IVAN-\DOCUMENTS\MEGA\COMPARTIDO\MICROCONTROLADORES\MPLAB\ASM\LCD.X\MAIN.ASM 172 : Executable code and data must be defined in an appropriate section
Error[152]   C:\USERS\IVAN-\DOCUMENTS\MEGA\COMPARTIDO\MICROCONTROLADORES\MPLAB\ASM\LCD.X\MAIN.ASM 173 : Executable code and data must be defined in an appropriate section
Error[152]   C:\USERS\IVAN-\DOCUMENTS\MEGA\COMPARTIDO\MICROCONTROLADORES\MPLAB\ASM\LCD.X\MAIN.ASM 175 : Executable code and data must be defined in an appropriate section
Error[152]   C:\USERS\IVAN-\DOCUMENTS\MEGA\COMPARTIDO\MICROCONTROLADORES\MPLAB\ASM\LCD.X\MAIN.ASM 176 : Executable code and data must be defined in an appropriate section
Warning[207] C:\USERS\IVAN-\DOCUMENTS\MEGA\COMPARTIDO\MICROCONTROLADORES\MPLAB\ASM\LCD.X\MAIN.ASM 177 : Found label after column 1. (ret1)
Error[152]   C:\USERS\IVAN-\DOCUMENTS\MEGA\COMPARTIDO\MICROCONTROLADORES\MPLAB\ASM\LCD.X\MAIN.ASM 178 : Executable code and data must be defined in an appropriate section
Error[152]   C:\USERS\IVAN-\DOCUMENTS\MEGA\COMPARTIDO\MICROCONTROLADORES\MPLAB\ASM\LCD.X\MAIN.ASM 179 : Executable code and data must be defined in an appropriate section
Warning[207] C:\USERS\IVAN-\DOCUMENTS\MEGA\COMPARTIDO\MICROCONTROLADORES\MPLAB\ASM\LCD.X\MAIN.ASM 180 : Found label after column 1. (ret2)
Error[152]   C:\USERS\IVAN-\DOCUMENTS\MEGA\COMPARTIDO\MICROCONTROLADORES\MPLAB\ASM\LCD.X\MAIN.ASM 181 : Executable code and data must be defined in an appropriate section
Error[152]   C:\USERS\IVAN-\DOCUMENTS\MEGA\COMPARTIDO\MICROCONTROLADORES\MPLAB\ASM\LCD.X\MAIN.ASM 182 : Executable code and data must be defined in an appropriate section
Error[152]   C:\USERS\IVAN-\DOCUMENTS\MEGA\COMPARTIDO\MICROCONTROLADORES\MPLAB\ASM\LCD.X\MAIN.ASM 182 : Executable code and data must be defined in an appropriate section
Error[152]   C:\USERS\IVAN-\DOCUMENTS\MEGA\COMPARTIDO\MICROCONTROLADORES\MPLAB\ASM\LCD.X\MAIN.ASM 183 : Executable code and data must be defined in an appropriate section
Error[152]   C:\USERS\IVAN-\DOCUMENTS\MEGA\COMPARTIDO\MICROCONTROLADORES\MPLAB\ASM\LCD.X\MAIN.ASM 184 : Executable code and data must be defined in an appropriate section
Error[152]   C:\USERS\IVAN-\DOCUMENTS\MEGA\COMPARTIDO\MICROCONTROLADORES\MPLAB\ASM\LCD.X\MAIN.ASM 184 : Executable code and data must be defined in an appropriate section
Error[152]   C:\USERS\IVAN-\DOCUMENTS\MEGA\COMPARTIDO\MICROCONTROLADORES\MPLAB\ASM\LCD.X\MAIN.ASM 185 : Executable code and data must be defined in an appropriate section
Error[152]   C:\USERS\IVAN-\DOCUMENTS\MEGA\COMPARTIDO\MICROCONTROLADORES\MPLAB\ASM\LCD.X\MAIN.ASM 187 : Executable code and data must be defined in an appropriate section
Warning[207] C:\USERS\IVAN-\DOCUMENTS\MEGA\COMPARTIDO\MICROCONTROLADORES\MPLAB\ASM\LCD.X\MAIN.ASM 188 : Found label after column 1. (cdelay)
Error[152]   C:\USERS\IVAN-\DOCUMENTS\MEGA\COMPARTIDO\MICROCONTROLADORES\MPLAB\ASM\LCD.X\MAIN.ASM 189 : Executable code and data must be defined in an appropriate section
Error[152]   C:\USERS\IVAN-\DOCUMENTS\MEGA\COMPARTIDO\MICROCONTROLADORES\MPLAB\ASM\LCD.X\MAIN.ASM 189 : Executable code and data must be defined in an appropriate section
Error[152]   C:\USERS\IVAN-\DOCUMENTS\MEGA\COMPARTIDO\MICROCONTROLADORES\MPLAB\ASM\LCD.X\MAIN.ASM 190 : Executable code and data must be defined in an appropriate section
Error[152]   C:\USERS\IVAN-\DOCUMENTS\MEGA\COMPARTIDO\MICROCONTROLADORES\MPLAB\ASM\LCD.X\MAIN.ASM 191 : Executable code and data must be defined in an appropriate section
Error[152]   C:\USERS\IVAN-\DOCUMENTS\MEGA\COMPARTIDO\MICROCONTROLADORES\MPLAB\ASM\LCD.X\MAIN.ASM 191 : Executable code and data must be defined in an appropriate section
Error[152]   C:\USERS\IVAN-\DOCUMENTS\MEGA\COMPARTIDO\MICROCONTROLADORES\MPLAB\ASM\LCD.X\MAIN.ASM 192 : Executable code and data must be defined in an appropriate section
Error[152]   C:\USERS\IVAN-\DOCUMENTS\MEGA\COMPARTIDO\MICROCONTROLADORES\MPLAB\ASM\LCD.X\MAIN.ASM 194 : Executable code and data must be defined in an appropriate section
Error[152]   C:\USERS\IVAN-\DOCUMENTS\MEGA\COMPARTIDO\MICROCONTROLADORES\MPLAB\ASM\LCD.X\MAIN.ASM 195 : Executable code and data must be defined in an appropriate section
Error[152]   C:\USERS\IVAN-\DOCUMENTS\MEGA\COMPARTIDO\MICROCONTROLADORES\MPLAB\ASM\LCD.X\MAIN.ASM 196 : Executable code and data must be defined in an appropriate section
Error[152]   C:\USERS\IVAN-\DOCUMENTS\MEGA\COMPARTIDO\MICROCONTROLADORES\MPLAB\ASM\LCD.X\MAIN.ASM 197 : Executable code and data must be defined in an appropriate section
Error[152]   C:\USERS\IVAN-\DOCUMENTS\MEGA\COMPARTIDO\MICROCONTROLADORES\MPLAB\ASM\LCD.X\MAIN.ASM 198 : Executable code and data must be defined in an appropriate section
Error[152]   C:\USERS\IVAN-\DOCUMENTS\MEGA\COMPARTIDO\MICROCONTROLADORES\MPLAB\ASM\LCD.X\MAIN.ASM 199 : Executable code and data must be defined in an appropriate section
Error[152]   C:\USERS\IVAN-\DOCUMENTS\MEGA\COMPARTIDO\MICROCONTROLADORES\MPLAB\ASM\LCD.X\MAIN.ASM 200 : Executable code and data must be defined in an appropriate section
Error[152]   C:\USERS\IVAN-\DOCUMENTS\MEGA\COMPARTIDO\MICROCONTROLADORES\MPLAB\ASM\LCD.X\MAIN.ASM 201 : Executable code and data must be defined in an appropriate section
Error[152]   C:\USERS\IVAN-\DOCUMENTS\MEGA\COMPARTIDO\MICROCONTROLADORES\MPLAB\ASM\LCD.X\MAIN.ASM 202 : Executable code and data must be defined in an appropriate section
Error[152]   C:\USERS\IVAN-\DOCUMENTS\MEGA\COMPARTIDO\MICROCONTROLADORES\MPLAB\ASM\LCD.X\MAIN.ASM 203 : Executable code and data must be defined in an appropriate section
Error[152]   C:\USERS\IVAN-\DOCUMENTS\MEGA\COMPARTIDO\MICROCONTROLADORES\MPLAB\ASM\LCD.X\MAIN.ASM 204 : Executable code and data must be defined in an appropriate section
Warning[203] C:\USERS\IVAN-\DOCUMENTS\MEGA\COMPARTIDO\MICROCONTROLADORES\MPLAB\ASM\LCD.X\MAIN.ASM 205 : Found opcode in column 1. (return)
Error[152]   C:\USERS\IVAN-\DOCUMENTS\MEGA\COMPARTIDO\MICROCONTROLADORES\MPLAB\ASM\LCD.X\MAIN.ASM 205 : Executable code and data must be defined in an appropriate section
Warning[205] C:\USERS\IVAN-\DOCUMENTS\MEGA\COMPARTIDO\MICROCONTROLADORES\MPLAB\ASM\LCD.X\MAIN.ASM 207 : Found directive in column 1. (end)
