MPASM 5.77                          MAIN.ASM   6-3-2018  23:02:09         PAGE  1


LOC  OBJECT CODE     LINE SOURCE TEXT
  VALUE

                      00001 
                      00002 ; PIC18F4550 Configuration Bit Settings
                      00003 
                      00004 ; Assembly source line config statements
                      00005 
                      00006 #include "p18f4550.inc"
                      00001         LIST
                      00002 
                      00003 ;==========================================================================
                      00004 ; Build date : Nov 22 2017
                      00005 ;  MPASM PIC18F4550 processor include
                      00006 ; 
                      00007 ;  (c) Copyright 1999-2017 Microchip Technology, All rights reserved
                      00008 ;==========================================================================
                      00009 
                      01765         LIST
                      00007 
                      00008 ; CONFIG1L
                      00009   CONFIG  PLLDIV = 1            ; PLL Prescaler Selection bits (No prescale (4 MHz oscillator input driv
                            es PLL directly))
                      00010   CONFIG  CPUDIV = OSC1_PLL2    ; System Clock Postscaler Selection bits ([Primary Oscillator Src: /1][9
                            6 MHz PLL Src: /2])
                      00011   CONFIG  USBDIV = 1            ; USB Clock Selection bit (used in Full-Speed USB mode only; UCFG:FSEN =
                             1) (USB clock source comes directly from the primary oscillator block with no postscale)
                      00012 
                      00013 ; CONFIG1H
                      00014   CONFIG  FOSC = HS             ; Oscillator Selection bits (HS oscillator (HS))
                      00015   CONFIG  FCMEN = OFF           ; Fail-Safe Clock Monitor Enable bit (Fail-Safe Clock Monitor disabled)
                      00016   CONFIG  IESO = OFF            ; Internal/External Oscillator Switchover bit (Oscillator Switchover mod
                            e disabled)
                      00017 
                      00018 ; CONFIG2L
                      00019   CONFIG  PWRT = OFF            ; Power-up Timer Enable bit (PWRT disabled)
                      00020   CONFIG  BOR = OFF             ; Brown-out Reset Enable bits (Brown-out Reset disabled in hardware and 
                            software)
                      00021   CONFIG  BORV = 3              ; Brown-out Reset Voltage bits (Minimum setting 2.05V)
                      00022   CONFIG  VREGEN = OFF          ; USB Voltage Regulator Enable bit (USB voltage regulator disabled)
                      00023 
                      00024 ; CONFIG2H
                      00025   CONFIG  WDT = OFF             ; Watchdog Timer Enable bit (WDT disabled (control is placed on the SWDT
                            EN bit))
                      00026   CONFIG  WDTPS = 32768         ; Watchdog Timer Postscale Select bits (1:32768)
                      00027 
                      00028 ; CONFIG3H
                      00029   CONFIG  CCP2MX = ON           ; CCP2 MUX bit (CCP2 input/output is multiplexed with RC1)
                      00030   CONFIG  PBADEN = OFF           ; PORTB A/D Enable bit (PORTB<4:0> pins are configured as analog input 
                            channels on Reset)
                      00031   CONFIG  LPT1OSC = OFF         ; Low-Power Timer 1 Oscillator Enable bit (Timer1 configured for higher 
                            power operation)
                      00032   CONFIG  MCLRE = ON            ; MCLR Pin Enable bit (MCLR pin enabled; RE3 input pin disabled)
                      00033 
                      00034 ; CONFIG4L
                      00035   CONFIG  STVREN = ON           ; Stack Full/Underflow Reset Enable bit (Stack full/underflow will cause
MPASM 5.77                          MAIN.ASM   6-3-2018  23:02:09         PAGE  2


LOC  OBJECT CODE     LINE SOURCE TEXT
  VALUE

                             Reset)
                      00036   CONFIG  LVP = OFF              ; Single-Supply ICSP Enable bit (Single-Supply ICSP enabled)
                      00037   CONFIG  ICPRT = OFF           ; Dedicated In-Circuit Debug/Programming Port (ICPORT) Enable bit (ICPOR
                            T disabled)
                      00038   CONFIG  XINST = OFF           ; Extended Instruction Set Enable bit (Instruction set extension and Ind
                            exed Addressing mode disabled (Legacy mode))
                      00039 
                      00040 ; CONFIG5L
                      00041   CONFIG  CP0 = OFF             ; Code Protection bit (Block 0 (000800-001FFFh) is not code-protected)
                      00042   CONFIG  CP1 = OFF             ; Code Protection bit (Block 1 (002000-003FFFh) is not code-protected)
                      00043   CONFIG  CP2 = OFF             ; Code Protection bit (Block 2 (004000-005FFFh) is not code-protected)
                      00044   CONFIG  CP3 = OFF             ; Code Protection bit (Block 3 (006000-007FFFh) is not code-protected)
                      00045 
                      00046 ; CONFIG5H
                      00047   CONFIG  CPB = OFF             ; Boot Block Code Protection bit (Boot block (000000-0007FFh) is not cod
                            e-protected)
                      00048   CONFIG  CPD = OFF             ; Data EEPROM Code Protection bit (Data EEPROM is not code-protected)
                      00049 
                      00050 ; CONFIG6L
                      00051   CONFIG  WRT0 = OFF            ; Write Protection bit (Block 0 (000800-001FFFh) is not write-protected)
                      00052   CONFIG  WRT1 = OFF            ; Write Protection bit (Block 1 (002000-003FFFh) is not write-protected)
                      00053   CONFIG  WRT2 = OFF            ; Write Protection bit (Block 2 (004000-005FFFh) is not write-protected)
                      00054   CONFIG  WRT3 = OFF            ; Write Protection bit (Block 3 (006000-007FFFh) is not write-protected)
                      00055 
                      00056 ; CONFIG6H
                      00057   CONFIG  WRTC = OFF            ; Configuration Register Write Protection bit (Configuration registers (
                            300000-3000FFh) are not write-protected)
                      00058   CONFIG  WRTB = OFF            ; Boot Block Write Protection bit (Boot block (000000-0007FFh) is not wr
                            ite-protected)
                      00059   CONFIG  WRTD = OFF            ; Data EEPROM Write Protection bit (Data EEPROM is not write-protected)
                      00060 
                      00061 ; CONFIG7L
                      00062   CONFIG  EBTR0 = OFF           ; Table Read Protection bit (Block 0 (000800-001FFFh) is not protected f
                            rom table reads executed in other blocks)
                      00063   CONFIG  EBTR1 = OFF           ; Table Read Protection bit (Block 1 (002000-003FFFh) is not protected f
                            rom table reads executed in other blocks)
                      00064   CONFIG  EBTR2 = OFF           ; Table Read Protection bit (Block 2 (004000-005FFFh) is not protected f
                            rom table reads executed in other blocks)
                      00065   CONFIG  EBTR3 = OFF           ; Table Read Protection bit (Block 3 (006000-007FFFh) is not protected f
                            rom table reads executed in other blocks)
                      00066 
                      00067 ; CONFIG7H
                      00068   CONFIG  EBTRB = OFF           ; Boot Block Table Read Protection bit (Boot block (000000-0007FFh) is n
                            ot protected from table reads executed in other blocks)
                      00069 
                      00070 RES_VECT  CODE    0x0000            ; processor reset vector
000000 EF?? F???      00071     GOTO    START                   ; go to beginning of program
                      00072 
                      00073 ;----------------------------------PIC18's--------------------------------------
                      00074 ;
                      00075  org    0x0008
000008 EF?? F???      00076     goto ISR_HIGH
                      00077  ;GOTO    HIGH_ISR
MPASM 5.77                          MAIN.ASM   6-3-2018  23:02:09         PAGE  3


LOC  OBJECT CODE     LINE SOURCE TEXT
  VALUE

                      00078  ;org    0x0018
                      00079  ;    GOTO    LOW_ISR
                      00080 ;
                      00081 ;ISRH      CODE                     ; let linker place high ISR routine
                      00082 ;HIGH_ISR
                      00083     ;goto ISR_HIGH
                      00084     ;RETFIE  FAST
                      00085 ;
                      00086 ; ISRL      CODE                     ; let linker place low ISR routine
                      00087 ; LOW_ISR
                      00088 ;       <Search the device datasheet for 'context' and copy interrupt
                      00089 ;       context saving code here>
                      00090 ;     RETFIE
                      00091 ;-------------------------------------------------------------------------------
                      00092 
                      00093 MAIN_PROG CODE                      ; let linker place main program
                      00094 
  00000010            00095 num0    equ  0x10
  00000020            00096 num1    equ  0x20
  00000030            00097 num2    equ  0x30
  00000040            00098 num3    equ  0x40
  00000050            00099 num4    equ  0x50
  00000060            00100 num5    equ  0x60
  00000070            00101 numc    equ  0x70
  00000080            00102 var     equ  0x80
  00000090            00103 var1    equ  0x90
  00000100            00104 f_tmr0  equ  0x100
  00000110            00105 f1_tmr0 equ  0x110
Warning[205]: Found directive in column 1. (org)
                      00106 org 0x1000
001000                00107 START
001000 0E00           00108     movlw   0x00
001002 6EF8           00109     movwf   TBLPTRU
001004 0E12           00110     movlw   0x12
001006 6EF7           00111     movwf   TBLPTRH
001008 0E0A           00112     movlw   .10
00100A 6F70           00113     movwf   numc
00100C 0E00           00114     movlw   .0
00100E 6E10           00115     movwf   num0
001010 0E00           00116     movlw   .0  
001012 6E20           00117     movwf   num1
001014 0E00           00118     movlw   .0
001016 6E30           00119     movwf   num2
001018 0E00           00120     movlw   .0  
00101A 6E40           00121     movwf   num3
00101C 0E00           00122     movlw   .0
00101E 6E50           00123     movwf   num4
001020 0E00           00124     movlw   .0  
001022 6F60           00125     movwf   num5
001024 EC?? F???      00126     call config_ports
001028 EC?? F???      00127     call config_interrupts
Warning[207]: Found label after column 1. (loop)
00102C                00128     loop
MPASM 5.77                          MAIN.ASM   6-3-2018  23:02:09         PAGE  4


LOC  OBJECT CODE     LINE SOURCE TEXT
  VALUE

00102C EC?? F???      00129     call Display
                      00130     ;call Increment_clock
001030 EF?? F???      00131     goto loop
                      00132         
001034                00133 Display
                      00134     ;***************
001034 0EFE           00135     movlw 0xFE
001036 6E8A           00136     movwf LATB
001038 5010           00137     movf    num0,W
00103A EC?? F???      00138     call ptr_w_latd
00103E EC?? F???      00139     call DelayOneMs
                      00140     ;***************
001042 0EFD           00141     movlw 0xFD
001044 6E8A           00142     movwf LATB
001046 5020           00143     movf    num1,W
001048 EC?? F???      00144     call ptr_w_latd
00104C EC?? F???      00145     call DelayOneMs
                      00146     ;***************
001050 0EFB           00147     movlw 0xFB
001052 6E8A           00148     movwf LATB
001054 5170           00149     movf    numc,W
001056 EC?? F???      00150     call ptr_w_latd
00105A EC?? F???      00151     call DelayOneMs
                      00152     ;***************
00105E 0EF7           00153     movlw 0xF7
001060 6E8A           00154     movwf LATB
001062 5030           00155     movf    num2,W
001064 EC?? F???      00156     call ptr_w_latd
001068 EC?? F???      00157     call DelayOneMs
                      00158     ;***************
00106C 0EEF           00159     movlw 0xEF
00106E 6E8A           00160     movwf LATB
001070 5040           00161     movf    num3,W
001072 EC?? F???      00162     call ptr_w_latd
001076 EC?? F???      00163     call DelayOneMs
                      00164     ;***************
00107A 0EDF           00165     movlw 0xDF
00107C 6E8A           00166     movwf LATB
00107E 5170           00167     movf    numc,W
001080 EC?? F???      00168     call ptr_w_latd
001084 EC?? F???      00169     call DelayOneMs
                      00170     ;***************
001088 0EBF           00171     movlw 0xBF
00108A 6E8A           00172     movwf LATB
00108C 5050           00173     movf    num4,W
00108E EC?? F???      00174     call ptr_w_latd
001092 EC?? F???      00175     call DelayOneMs
                      00176     ;***************
001096 0E7F           00177     movlw 0x7F
001098 6E8A           00178     movwf LATB
00109A 5160           00179     movf    num5,W
00109C EC?? F???      00180     call ptr_w_latd
0010A0 EC?? F???      00181     call DelayOneMs
MPASM 5.77                          MAIN.ASM   6-3-2018  23:02:09         PAGE  5


LOC  OBJECT CODE     LINE SOURCE TEXT
  VALUE

0010A4 0012           00182     return
                      00183 
0010A6                00184 ptr_w_latd
0010A6 6EF6           00185     movwf   TBLPTRL
0010A8 0008           00186     tblrd   *
0010AA 50F5           00187     movf    TABLAT,W
0010AC 6E8C           00188     movwf   LATD
0010AE 0012           00189     return
0010B0                00190 DelayOneMs
0010B0 0E07           00191     movlw 0x07
0010B2 6F80           00192     movwf var
Warning[207]: Found label after column 1. (ret1)
0010B4                00193     ret1
0010B4 0EEC           00194     movlw D'236'
0010B6 6F90           00195     movwf var1
Warning[207]: Found label after column 1. (ret2)
0010B8                00196     ret2
0010B8 2F90           00197     decfsz var1
0010BA EF?? F???      00198     goto ret2
0010BE 2F80           00199     decfsz var
0010C0 EF?? F???      00200     goto ret1
0010C4 0012           00201     return
0010C6                00202 Increment_clock
0010C6 2A10           00203     incf  num0
0010C8 0E09           00204     movlw   .9
0010CA 6410           00205     cpfsgt  num0
0010CC 0012           00206     return
                      00207     
0010CE 6A10           00208     clrf    num0
0010D0 2A20           00209     incf  num1
0010D2 0E05           00210     movlw   .5
0010D4 6420           00211     cpfsgt  num1
0010D6 0012           00212     return
                      00213     
0010D8 6A20           00214     clrf    num1
0010DA 2A30           00215     incf  num2
0010DC 0E09           00216     movlw   .9
0010DE 6430           00217     cpfsgt  num2
0010E0 0012           00218     return
                      00219     
0010E2 6A30           00220     clrf    num2
0010E4 2A40           00221     incf  num3
0010E6 0E05           00222     movlw   .5
0010E8 6440           00223     cpfsgt  num3
0010EA 0012           00224     return
                      00225     ;**************
0010EC 6A40           00226     clrf    num3
0010EE 2A50           00227     incf  num4
0010F0 0E01           00228     movlw   .1
0010F2 6560           00229     cpfsgt  num5
0010F4 EF?? F???      00230     goto cmpnum4
0010F8 0E03           00231     movlw   .3
0010FA 6450           00232     cpfsgt  num4
MPASM 5.77                          MAIN.ASM   6-3-2018  23:02:09         PAGE  6


LOC  OBJECT CODE     LINE SOURCE TEXT
  VALUE

0010FC 0012           00233     return
0010FE 6A50           00234     clrf    num4
001100 6B60           00235     clrf    num5
                      00236     
Warning[207]: Found label after column 1. (cmpnum4)
001102                00237     cmpnum4
001102 0E09           00238     movlw   .9
001104 6450           00239     cpfsgt  num4
001106 0012           00240     return
001108 6A50           00241     clrf    num4
00110A 2B60           00242     incf    num5
00110C 0012           00243     return
                      00244     
00110E                00245 config_interrupts
00110E 9EF2           00246         bcf INTCON,GIEH
001110 0E88           00247         movlw   b'10001000'
001112 6ED5           00248         movwf   T0CON
001114 94F2           00249         bcf  INTCON,TMR0IF  ;Pone en cero la bandera de TMR0 para que no acceda
001116 8AF2           00250         bsf  INTCON,TMR0IE  ;Habilita la interrupcion en TMR0
001118 84F1           00251         bsf  INTCON2,TMR0IP ;Alta prioridad
00111A 0E0B           00252         movlw b'00001011' 
00111C 6ECD           00253         movwf T1CON
00111E 909E           00254         bcf PIR1,TMR1IF     ;Pone en cero la bandera de TMR0 para que no acceda
001120 809D           00255         bsf PIE1,TMR1IE     ;Habilita la interrupcion en TMR0
001122 809F           00256         bsf IPR1,TMR1IP     ;Alta prioridad
001124 8ED0           00257         bsf RCON,IPEN       ;Habilita las prioridades
001126 9CF2           00258         bcf INTCON,GIEL     ;desabilita las interrupciones de baja prioridad
001128 8EF2           00259         bsf INTCON,GIEH     ;Habilita el sistema global de interrupciones
Warning[203]: Found opcode in column 1. (return)
00112A 0012           00260 return
00112C                00261 config_ports
00112C 0E0F           00262     movlw 0x0f
00112E 6EC1           00263     movwf ADCON1
001130 0E07           00264     movlw 0x07
001132 6EB4           00265     movwf CMCON
001134 0EFF           00266     movlw 0xFF
001136 6E92           00267     movwf TRISA
001138 0E00           00268     movlw 0X00
00113A 6E93           00269     movwf TRISB
00113C 0EFF           00270     movlw 0xFF
00113E 6E94           00271     movwf TRISC
001140 0E00           00272     movlw 0x00
001142 6E95           00273     movwf TRISD
001144 0012           00274     return 
                      00275     ;Tabla de verdad
                      00276     org 0x1200
001200 F9C0 B0A4 9299 00277     DB 0xC0,0xF9,0xA4,0xB0,0x99,0x92,0x82,0xF8,0x80,0x98,0xBF,0xFF
       F882 9880 FFBF 
Warning[205]: Found directive in column 1. (org)
                      00278 org 0x100
000100                00279 ISR_HIGH
000100 B09E           00280     btfsc   PIR1,TMR1IF
000102 EC?? F???      00281     call TMR1_ISR
MPASM 5.77                          MAIN.ASM   6-3-2018  23:02:09         PAGE  7


LOC  OBJECT CODE     LINE SOURCE TEXT
  VALUE

000106 B4F2           00282     btfsc INTCON,TMR0IF
000108 EC?? F???      00283     call    TMR0_ISR
Warning[203]: Found opcode in column 1. (RETFIE)
00010C 0011           00284 RETFIE  FAST
00010E                00285 TMR0_ISR
00010E 94F2           00286     bcf INTCON,TMR0IF
000110 0E78           00287     movlw   0x78
000112 6ED6           00288     movwf   TMR0L
000114 0EEC           00289     movlw   0xEC
000116 6ED7           00290     movwf   TMR0H
000118 2B00           00291     incf f_tmr0
00011A 6700           00292     tstfsz  f_tmr0
00011C 0012           00293     return
00011E 0E0A           00294     movlw   .10
000120 6370           00295     cpfseq  numc
000122 EF?? F???      00296     goto num10
000126 0E0B           00297     movlw   .11
000128 6F70           00298     movwf   numc
00012A 0012           00299     return
Warning[207]: Found label after column 1. (num10)
00012C                00300     num10
00012C 0E0A           00301     movlw   .10
00012E 6F70           00302     movwf   numc
000130 0012           00303     return
000132                00304 TMR1_ISR
000132 8ECF           00305     bsf TMR1H,7
000134 909E           00306     bcf PIR1,TMR1IF
000136 EC?? F???      00307     call Increment_clock
Warning[203]: Found opcode in column 1. (return)
00013A 0012           00308 return
Warning[205]: Found directive in column 1. (END)
                      00309 END
MPASM 5.77                          MAIN.ASM   6-3-2018  23:02:09         PAGE  8


SYMBOL TABLE
  LABEL                             VALUE 

A                                 00000000
ABDEN                             00000000
ABDOVF                            00000007
ACCESS                            00000000
ACKDT                             00000005
ACKEN                             00000004
ACKSTAT                           00000006
ACQT0                             00000003
ACQT1                             00000004
ACQT2                             00000005
ACTVIE                            00000002
ACTVIF                            00000002
ADCON0                            00000FC2
ADCON1                            00000FC1
ADCON2                            00000FC0
ADCS0                             00000000
ADCS1                             00000001
ADCS2                             00000002
ADDEN                             00000003
ADDR0                             00000000
ADDR1                             00000001
ADDR2                             00000002
ADDR3                             00000003
ADDR4                             00000004
ADDR5                             00000005
ADDR6                             00000006
ADEN                              00000003
ADFM                              00000007
ADIE                              00000006
ADIF                              00000006
ADIP                              00000006
ADON                              00000000
ADRES                             00000FC3
ADRESH                            00000FC4
ADRESL                            00000FC3
AN0                               00000000
AN1                               00000001
AN2                               00000002
AN3                               00000003
AN4                               00000005
BANKED                            00000001
BAUDCON                           00000FB8
BAUDCTL                           00000FB8
BCLIE                             00000003
BCLIF                             00000003
BCLIP                             00000003
BF                                00000000
BGST                              00000005
BOR                               00000000
BRG16                             00000003
BRGH                              00000002
BSR                               00000FE0
BTOEE                             00000004
MPASM 5.77                          MAIN.ASM   6-3-2018  23:02:09         PAGE  9


SYMBOL TABLE
  LABEL                             VALUE 

BTOEF                             00000004
BTSEE                             00000007
BTSEF                             00000007
C                                 00000000
C1INV                             00000004
C1OUT                             00000006
C2INV                             00000005
C2OUT                             00000007
CCP1                              00000002
CCP1AS                            00000FB6
CCP1CON                           00000FBD
CCP1DEL                           00000FB7
CCP1IE                            00000002
CCP1IF                            00000002
CCP1IP                            00000002
CCP1M0                            00000000
CCP1M1                            00000001
CCP1M2                            00000002
CCP1M3                            00000003
CCP2CON                           00000FBA
CCP2IE                            00000000
CCP2IF                            00000000
CCP2IP                            00000000
CCP2M0                            00000000
CCP2M1                            00000001
CCP2M2                            00000002
CCP2M3                            00000003
CCPR1                             00000FBE
CCPR1H                            00000FBF
CCPR1L                            00000FBE
CCPR2                             00000FBB
CCPR2H                            00000FBC
CCPR2L                            00000FBB
CFGS                              00000006
CHS0                              00000002
CHS1                              00000003
CHS2                              00000004
CHS3                              00000005
CIS                               00000003
CK                                00000006
CK1SPP                            00000000
CK2SPP                            00000001
CKE                               00000006
CKP                               00000004
CLK1EN                            00000004
CLKCFG0                           00000006
CLKCFG1                           00000007
CM0                               00000000
CM1                               00000001
CM2                               00000002
CMCON                             00000FB4
CMIE                              00000006
CMIF                              00000006
MPASM 5.77                          MAIN.ASM   6-3-2018  23:02:09         PAGE 10


SYMBOL TABLE
  LABEL                             VALUE 

CMIP                              00000006
CRC16EE                           00000002
CRC16EF                           00000002
CRC5EE                            00000001
CRC5EF                            00000001
CREN                              00000004
CSEN                              00000005
CSRC                              00000007
CVR0                              00000000
CVR1                              00000001
CVR2                              00000002
CVR3                              00000003
CVRCON                            00000FB5
CVREF                             00000004
CVREN                             00000007
CVROE                             00000006
CVRR                              00000005
CVRSS                             00000004
D                                 00000005
DATA_ADDRESS                      00000005
DC                                00000001
DC1B0                             00000004
DC1B1                             00000005
DC2B0                             00000004
DC2B1                             00000005
DDRA                              TRISA
DDRB                              TRISB
DDRC                              TRISC
DDRD                              TRISD
DDRE                              TRISE
DFN8EE                            00000003
DFN8EF                            00000003
DIR                               00000002
DONE                              00000001
D_A                               00000005
D_NOT_A                           00000005
DelayOneMs                        000010B0
Display                           00001034
ECCP1AS                           00000FB6
ECCP1CON                          00000FBD
ECCP1DEL                          00000FB7
ECCPAS0                           00000004
ECCPAS1                           00000005
ECCPAS2                           00000006
ECCPASE                           00000007
EEADR                             00000FA9
EECON1                            00000FA6
EECON2                            00000FA7
EEDATA                            00000FA8
EEIE                              00000004
EEIF                              00000004
EEIP                              00000004
EEPGD                             00000007
MPASM 5.77                          MAIN.ASM   6-3-2018  23:02:09         PAGE 11


SYMBOL TABLE
  LABEL                             VALUE 

ENDP0                             00000003
ENDP1                             00000004
ENDP2                             00000005
ENDP3                             00000006
EPCONDIS                          00000003
EPHSHK                            00000004
EPINEN                            00000001
EPOUTEN                           00000002
EPSTALL                           00000000
FAST                              00000001
FERR                              00000002
FLTS                              00000002
FREE                              00000004
FRM0                              00000000
FRM1                              00000001
FRM10                             00000002
FRM2                              00000002
FRM3                              00000003
FRM4                              00000004
FRM5                              00000005
FRM6                              00000006
FRM7                              00000007
FRM8                              00000000
FRM9                              00000001
FSEN                              00000002
FSR0                              00000000
FSR0H                             00000FEA
FSR0L                             00000FE9
FSR1                              00000001
FSR1H                             00000FE2
FSR1L                             00000FE1
FSR2                              00000002
FSR2H                             00000FDA
FSR2L                             00000FD9
GCEN                              00000007
GIE                               00000007
GIEH                              00000007
GIEL                              00000006
GIE_GIEH                          00000007
GO                                00000001
GO_DONE                           00000001
GO_NOT_DONE                       00000001
HLVDCON                           00000FD2
HLVDEN                            00000004
HLVDIE                            00000002
HLVDIF                            00000002
HLVDIN                            00000005
HLVDIP                            00000002
HLVDL0                            00000000
HLVDL1                            00000001
HLVDL2                            00000002
HLVDL3                            00000003
I2C_DAT                           00000005
MPASM 5.77                          MAIN.ASM   6-3-2018  23:02:09         PAGE 12


SYMBOL TABLE
  LABEL                             VALUE 

I2C_READ                          00000002
I2C_START                         00000003
I2C_STOP                          00000004
IDLEIE                            00000004
IDLEIF                            00000004
IDLEN                             00000007
INDF0                             00000FEF
INDF1                             00000FE7
INDF2                             00000FDF
INT0                              00000000
INT0E                             00000004
INT0F                             00000001
INT0IE                            00000004
INT0IF                            00000001
INT1                              00000001
INT1E                             00000003
INT1F                             00000000
INT1IE                            00000003
INT1IF                            00000000
INT1IP                            00000006
INT1P                             00000006
INT2                              00000002
INT2E                             00000004
INT2F                             00000001
INT2IE                            00000004
INT2IF                            00000001
INT2IP                            00000007
INT2P                             00000007
INTCON                            00000FF2
INTCON2                           00000FF1
INTCON3                           00000FF0
INTEDG0                           00000006
INTEDG1                           00000005
INTEDG2                           00000004
INTSRC                            00000007
IOFS                              00000002
IPEN                              00000007
IPR1                              00000F9F
IPR2                              00000FA2
IRCF0                             00000004
IRCF1                             00000005
IRCF2                             00000006
IRVST                             00000005
ISR_HIGH                          00000100
IVRST                             00000005
Increment_clock                   000010C6
LATA                              00000F89
LATA0                             00000000
LATA1                             00000001
LATA2                             00000002
LATA3                             00000003
LATA4                             00000004
LATA5                             00000005
MPASM 5.77                          MAIN.ASM   6-3-2018  23:02:09         PAGE 13


SYMBOL TABLE
  LABEL                             VALUE 

LATA6                             00000006
LATB                              00000F8A
LATB0                             00000000
LATB1                             00000001
LATB2                             00000002
LATB3                             00000003
LATB4                             00000004
LATB5                             00000005
LATB6                             00000006
LATB7                             00000007
LATC                              00000F8B
LATC0                             00000000
LATC1                             00000001
LATC2                             00000002
LATC6                             00000006
LATC7                             00000007
LATD                              00000F8C
LATD0                             00000000
LATD1                             00000001
LATD2                             00000002
LATD3                             00000003
LATD4                             00000004
LATD5                             00000005
LATD6                             00000006
LATD7                             00000007
LATE                              00000F8D
LATE0                             00000000
LATE1                             00000001
LATE2                             00000002
LVDCON                            00000FD2
LVDEN                             00000004
LVDIE                             00000002
LVDIF                             00000002
LVDIN                             00000005
LVDIP                             00000002
LVDL0                             00000000
LVDL1                             00000001
LVDL2                             00000002
LVDL3                             00000003
LVV0                              00000000
LVV1                              00000001
LVV2                              00000002
LVV3                              00000003
N                                 00000004
NOT_A                             00000005
NOT_ADDRESS                       00000005
NOT_BOR                           00000000
NOT_DONE                          00000001
NOT_IPEN                          00000007
NOT_PD                            00000002
NOT_POR                           00000001
NOT_RBPU                          00000007
NOT_RI                            00000004
MPASM 5.77                          MAIN.ASM   6-3-2018  23:02:09         PAGE 14


SYMBOL TABLE
  LABEL                             VALUE 

NOT_T1SYNC                        00000002
NOT_T3SYNC                        00000002
NOT_TO                            00000003
NOT_W                             00000002
NOT_WRITE                         00000002
OERR                              00000001
OESPP                             00000002
OSC2                              00000006
OSCCON                            00000FD3
OSCFIE                            00000007
OSCFIF                            00000007
OSCFIP                            00000007
OSCTUNE                           00000F9B
OSTS                              00000003
OV                                00000003
P                                 00000004
P1A                               00000002
P1M0                              00000006
P1M1                              00000007
PC                                00000FF9
PCFG0                             00000000
PCFG1                             00000001
PCFG2                             00000002
PCFG3                             00000003
PCL                               00000FF9
PCLATH                            00000FFA
PCLATU                            00000FFB
PD                                00000002
PDC0                              00000000
PDC1                              00000001
PDC2                              00000002
PDC3                              00000003
PDC4                              00000004
PDC5                              00000005
PDC6                              00000006
PEIE                              00000006
PEIE_GIEL                         00000006
PEN                               00000002
PGC                               00000006
PGD                               00000007
PGM                               00000005
PIDEE                             00000000
PIDEF                             00000000
PIE1                              00000F9D
PIE2                              00000FA0
PIR1                              00000F9E
PIR2                              00000FA1
PKTDIS                            00000004
PLUSW0                            00000FEB
PLUSW1                            00000FE3
PLUSW2                            00000FDB
POR                               00000001
PORTA                             00000F80
MPASM 5.77                          MAIN.ASM   6-3-2018  23:02:09         PAGE 15


SYMBOL TABLE
  LABEL                             VALUE 

PORTB                             00000F81
PORTC                             00000F82
PORTD                             00000F83
PORTE                             00000F84
POSTDEC0                          00000FED
POSTDEC1                          00000FE5
POSTDEC2                          00000FDD
POSTINC0                          00000FEE
POSTINC1                          00000FE6
POSTINC2                          00000FDE
PPB0                              00000000
PPB1                              00000001
PPBI                              00000001
PPBRST                            00000006
PR2                               00000FCB
PREINC0                           00000FEC
PREINC1                           00000FE4
PREINC2                           00000FDC
PROD                              00000FF3
PRODH                             00000FF4
PRODL                             00000FF3
PRSEN                             00000007
PSA                               00000003
PSSAC0                            00000002
PSSAC1                            00000003
PSSBD0                            00000000
PSSBD1                            00000001
R                                 00000002
RA0                               00000000
RA1                               00000001
RA2                               00000002
RA3                               00000003
RA4                               00000004
RA5                               00000005
RA6                               00000006
RB0                               00000000
RB1                               00000001
RB2                               00000002
RB3                               00000003
RB4                               00000004
RB5                               00000005
RB6                               00000006
RB7                               00000007
RBIE                              00000003
RBIF                              00000000
RBIP                              00000000
RBPU                              00000007
RC0                               00000000
RC1                               00000001
RC2                               00000002
RC4                               00000004
RC5                               00000005
RC6                               00000006
MPASM 5.77                          MAIN.ASM   6-3-2018  23:02:09         PAGE 16


SYMBOL TABLE
  LABEL                             VALUE 

RC7                               00000007
RCEN                              00000003
RCIDL                             00000006
RCIE                              00000005
RCIF                              00000005
RCIP                              00000005
RCMT                              00000006
RCON                              00000FD0
RCREG                             00000FAE
RCSTA                             00000FAB
RD                                00000000
RD0                               00000000
RD1                               00000001
RD16                              00000007
RD2                               00000002
RD3                               00000003
RD4                               00000004
RD5                               00000005
RD6                               00000006
RD7                               00000007
RDPU                              00000007
RDSPP                             00000007
RE0                               00000000
RE1                               00000001
RE2                               00000002
RE3                               00000003
READ_WRITE                        00000002
RESUME                            00000002
RI                                00000004
RSEN                              00000001
RX                                00000007
RX9                               00000006
RX9D                              00000000
RXDTP                             00000005
R_NOT_W                           00000002
R_W                               00000002
S                                 00000003
SBOREN                            00000006
SCKP                              00000004
SCS0                              00000000
SCS1                              00000001
SE0                               00000005
SEN                               00000000
SENDB                             00000003
SMP                               00000007
SOFIE                             00000006
SOFIF                             00000006
SPBRG                             00000FAF
SPBRGH                            00000FB0
SPEN                              00000007
SPP0                              00000000
SPP1                              00000001
SPP2                              00000002
MPASM 5.77                          MAIN.ASM   6-3-2018  23:02:09         PAGE 17


SYMBOL TABLE
  LABEL                             VALUE 

SPP3                              00000003
SPP4                              00000004
SPP5                              00000005
SPP6                              00000006
SPP7                              00000007
SPPBUSY                           00000004
SPPCFG                            00000F63
SPPCON                            00000F65
SPPDATA                           00000F62
SPPEN                             00000000
SPPEPS                            00000F64
SPPIE                             00000007
SPPIF                             00000007
SPPIP                             00000007
SPPOWN                            00000001
SREN                              00000005
SSPADD                            00000FC8
SSPBUF                            00000FC9
SSPCON1                           00000FC6
SSPCON2                           00000FC5
SSPEN                             00000005
SSPIE                             00000003
SSPIF                             00000003
SSPIP                             00000003
SSPM0                             00000000
SSPM1                             00000001
SSPM2                             00000002
SSPM3                             00000003
SSPOV                             00000006
SSPSTAT                           00000FC7
STALLIE                           00000005
STALLIF                           00000005
START                             00001000
STATUS                            00000FD8
STKFUL                            00000007
STKOVF                            00000007
STKPTR                            00000FFC
STKPTR0                           00000000
STKPTR1                           00000001
STKPTR2                           00000002
STKPTR3                           00000003
STKPTR4                           00000004
STKUNF                            00000006
SUSPND                            00000001
SWDTE                             00000000
SWDTEN                            00000000
SYNC                              00000004
T08BIT                            00000006
T0CKI                             00000004
T0CON                             00000FD5
T0CS                              00000005
T0IE                              00000005
T0IF                              00000002
MPASM 5.77                          MAIN.ASM   6-3-2018  23:02:09         PAGE 18


SYMBOL TABLE
  LABEL                             VALUE 

T0IP                              00000002
T0PS0                             00000000
T0PS1                             00000001
T0PS2                             00000002
T0SE                              00000004
T13CKI                            00000000
T1CKPS0                           00000004
T1CKPS1                           00000005
T1CON                             00000FCD
T1OSCEN                           00000003
T1OSI                             00000001
T1OSO                             00000000
T1RUN                             00000006
T1SYNC                            00000002
T2CKPS0                           00000000
T2CKPS1                           00000001
T2CON                             00000FCA
T2OUTPS0                          00000003
T2OUTPS1                          00000004
T2OUTPS2                          00000005
T2OUTPS3                          00000006
T3CCP1                            00000003
T3CCP2                            00000006
T3CKPS0                           00000004
T3CKPS1                           00000005
T3CON                             00000FB1
T3NSYNC                           00000002
T3SYNC                            00000002
TABLAT                            00000FF5
TBLPTR                            00000FF6
TBLPTRH                           00000FF7
TBLPTRL                           00000FF6
TBLPTRU                           00000FF8
TMR0                              00000FD6
TMR0H                             00000FD7
TMR0IE                            00000005
TMR0IF                            00000002
TMR0IP                            00000002
TMR0L                             00000FD6
TMR0ON                            00000007
TMR0_ISR                          0000010E
TMR1                              00000FCE
TMR1CS                            00000001
TMR1H                             00000FCF
TMR1IE                            00000000
TMR1IF                            00000000
TMR1IP                            00000000
TMR1L                             00000FCE
TMR1ON                            00000000
TMR1_ISR                          00000132
TMR2                              00000FCC
TMR2IE                            00000001
TMR2IF                            00000001
MPASM 5.77                          MAIN.ASM   6-3-2018  23:02:09         PAGE 19


SYMBOL TABLE
  LABEL                             VALUE 

TMR2IP                            00000001
TMR2ON                            00000002
TMR3                              00000FB2
TMR3CS                            00000001
TMR3H                             00000FB3
TMR3IE                            00000001
TMR3IF                            00000001
TMR3IP                            00000001
TMR3L                             00000FB2
TMR3ON                            00000000
TO                                00000003
TOS                               00000FFD
TOSH                              00000FFE
TOSL                              00000FFD
TOSU                              00000FFF
TOUTPS0                           00000003
TOUTPS1                           00000004
TOUTPS2                           00000005
TOUTPS3                           00000006
TRISA                             00000F92
TRISA0                            00000000
TRISA1                            00000001
TRISA2                            00000002
TRISA3                            00000003
TRISA4                            00000004
TRISA5                            00000005
TRISA6                            00000006
TRISB                             00000F93
TRISB0                            00000000
TRISB1                            00000001
TRISB2                            00000002
TRISB3                            00000003
TRISB4                            00000004
TRISB5                            00000005
TRISB6                            00000006
TRISB7                            00000007
TRISC                             00000F94
TRISC0                            00000000
TRISC1                            00000001
TRISC2                            00000002
TRISC6                            00000006
TRISC7                            00000007
TRISD                             00000F95
TRISD0                            00000000
TRISD1                            00000001
TRISD2                            00000002
TRISD3                            00000003
TRISD4                            00000004
TRISD5                            00000005
TRISD6                            00000006
TRISD7                            00000007
TRISE                             00000F96
TRISE0                            00000000
MPASM 5.77                          MAIN.ASM   6-3-2018  23:02:09         PAGE 20


SYMBOL TABLE
  LABEL                             VALUE 

TRISE1                            00000001
TRISE2                            00000002
TRMT                              00000001
TRNIE                             00000003
TRNIF                             00000003
TUN0                              00000000
TUN1                              00000001
TUN2                              00000002
TUN3                              00000003
TUN4                              00000004
TX                                00000006
TX9                               00000006
TX9D                              00000000
TXCKP                             00000004
TXEN                              00000005
TXIE                              00000004
TXIF                              00000004
TXIP                              00000004
TXREG                             00000FAD
TXSTA                             00000FAC
UA                                00000001
UADDR                             00000F6E
UCFG                              00000F6F
UCON                              00000F6D
UEIE                              00000F6B
UEIR                              00000F6A
UEP0                              00000F70
UEP1                              00000F71
UEP10                             00000F7A
UEP11                             00000F7B
UEP12                             00000F7C
UEP13                             00000F7D
UEP14                             00000F7E
UEP15                             00000F7F
UEP2                              00000F72
UEP3                              00000F73
UEP4                              00000F74
UEP5                              00000F75
UEP6                              00000F76
UEP7                              00000F77
UEP8                              00000F78
UEP9                              00000F79
UERRIE                            00000001
UERRIF                            00000001
UFRM                              00000F66
UFRMH                             00000F67
UFRML                             00000F66
UIE                               00000F69
UIR                               00000F68
UOEMON                            00000006
UPUEN                             00000004
URSTIE                            00000000
URSTIF                            00000000
MPASM 5.77                          MAIN.ASM   6-3-2018  23:02:09         PAGE 21


SYMBOL TABLE
  LABEL                             VALUE 

USBEN                             00000003
USBIE                             00000005
USBIF                             00000005
USBIP                             00000005
USTAT                             00000F6C
UTEYE                             00000007
UTRDIS                            00000003
VCFG0                             00000004
VCFG1                             00000005
VDIRMAG                           00000007
VREFM                             00000002
VREFP                             00000003
W                                 00000000
WCOL                              00000007
WDTCON                            00000FD1
WR                                00000001
WREG                              00000FE8
WREN                              00000002
WRERR                             00000003
WRSPP                             00000006
WS0                               00000000
WS1                               00000001
WS2                               00000002
WS3                               00000003
WUE                               00000001
Z                                 00000002
_BORV_0_2L                        000000E7
_BORV_1_2L                        000000EF
_BORV_2_2L                        000000F7
_BORV_3_2L                        000000FF
_BOR_OFF_2L                       000000F9
_BOR_ON_2L                        000000FF
_BOR_ON_ACTIVE_2L                 000000FD
_BOR_SOFT_2L                      000000FB
_CCP2MX_OFF_3H                    000000FE
_CCP2MX_ON_3H                     000000FF
_CONFIG1H                         00300001
_CONFIG1L                         00300000
_CONFIG2H                         00300003
_CONFIG2L                         00300002
_CONFIG3H                         00300005
_CONFIG4L                         00300006
_CONFIG5H                         00300009
_CONFIG5L                         00300008
_CONFIG6H                         0030000B
_CONFIG6L                         0030000A
_CONFIG7H                         0030000D
_CONFIG7L                         0030000C
_CP0_OFF_5L                       000000FF
_CP0_ON_5L                        000000FE
_CP1_OFF_5L                       000000FF
_CP1_ON_5L                        000000FD
_CP2_OFF_5L                       000000FF
MPASM 5.77                          MAIN.ASM   6-3-2018  23:02:09         PAGE 22


SYMBOL TABLE
  LABEL                             VALUE 

_CP2_ON_5L                        000000FB
_CP3_OFF_5L                       000000FF
_CP3_ON_5L                        000000F7
_CPB_OFF_5H                       000000FF
_CPB_ON_5H                        000000BF
_CPD_OFF_5H                       000000FF
_CPD_ON_5H                        0000007F
_CPUDIV_OSC1_PLL2_1L              000000E7
_CPUDIV_OSC2_PLL3_1L              000000EF
_CPUDIV_OSC3_PLL4_1L              000000F7
_CPUDIV_OSC4_PLL6_1L              000000FF
_DEBUG_OFF_4L                     000000FF
_DEBUG_ON_4L                      0000007F
_DEVID1                           003FFFFE
_DEVID2                           003FFFFF
_EBTR0_OFF_7L                     000000FF
_EBTR0_ON_7L                      000000FE
_EBTR1_OFF_7L                     000000FF
_EBTR1_ON_7L                      000000FD
_EBTR2_OFF_7L                     000000FF
_EBTR2_ON_7L                      000000FB
_EBTR3_OFF_7L                     000000FF
_EBTR3_ON_7L                      000000F7
_EBTRB_OFF_7H                     000000FF
_EBTRB_ON_7H                      000000BF
_FCMEN_OFF_1H                     000000BF
_FCMEN_ON_1H                      000000FF
_FOSC_ECIO_EC_1H                  000000F4
_FOSC_ECPLLIO_EC_1H               000000F6
_FOSC_ECPLL_EC_1H                 000000F7
_FOSC_EC_EC_1H                    000000F5
_FOSC_HSPLL_HS_1H                 000000FE
_FOSC_HS_1H                       000000FC
_FOSC_INTOSCIO_EC_1H              000000F8
_FOSC_INTOSC_EC_1H                000000F9
_FOSC_INTOSC_HS_1H                000000FB
_FOSC_INTOSC_XT_1H                000000FA
_FOSC_XTPLL_XT_1H                 000000F2
_FOSC_XT_XT_1H                    000000F0
_ICPRT_OFF_4L                     000000DF
_ICPRT_ON_4L                      000000FF
_IDLOC0                           00200000
_IDLOC1                           00200001
_IDLOC2                           00200002
_IDLOC3                           00200003
_IDLOC4                           00200004
_IDLOC5                           00200005
_IDLOC6                           00200006
_IDLOC7                           00200007
_IESO_OFF_1H                      0000007F
_IESO_ON_1H                       000000FF
_LPT1OSC_OFF_3H                   000000FB
_LPT1OSC_ON_3H                    000000FF
MPASM 5.77                          MAIN.ASM   6-3-2018  23:02:09         PAGE 23


SYMBOL TABLE
  LABEL                             VALUE 

_LVP_OFF_4L                       000000FB
_LVP_ON_4L                        000000FF
_MCLRE_OFF_3H                     0000007F
_MCLRE_ON_3H                      000000FF
_PBADEN_OFF_3H                    000000FD
_PBADEN_ON_3H                     000000FF
_PLLDIV_10_1L                     000000FE
_PLLDIV_12_1L                     000000FF
_PLLDIV_1_1L                      000000F8
_PLLDIV_2_1L                      000000F9
_PLLDIV_3_1L                      000000FA
_PLLDIV_4_1L                      000000FB
_PLLDIV_5_1L                      000000FC
_PLLDIV_6_1L                      000000FD
_PWRT_OFF_2L                      000000FF
_PWRT_ON_2L                       000000FE
_STVREN_OFF_4L                    000000FE
_STVREN_ON_4L                     000000FF
_USBDIV_1_1L                      000000DF
_USBDIV_2_1L                      000000FF
_VREGEN_OFF_2L                    000000DF
_VREGEN_ON_2L                     000000FF
_WDTPS_1024_2H                    000000F5
_WDTPS_128_2H                     000000EF
_WDTPS_16384_2H                   000000FD
_WDTPS_16_2H                      000000E9
_WDTPS_1_2H                       000000E1
_WDTPS_2048_2H                    000000F7
_WDTPS_256_2H                     000000F1
_WDTPS_2_2H                       000000E3
_WDTPS_32768_2H                   000000FF
_WDTPS_32_2H                      000000EB
_WDTPS_4096_2H                    000000F9
_WDTPS_4_2H                       000000E5
_WDTPS_512_2H                     000000F3
_WDTPS_64_2H                      000000ED
_WDTPS_8192_2H                    000000FB
_WDTPS_8_2H                       000000E7
_WDT_OFF_2H                       000000FE
_WDT_ON_2H                        000000FF
_WRT0_OFF_6L                      000000FF
_WRT0_ON_6L                       000000FE
_WRT1_OFF_6L                      000000FF
_WRT1_ON_6L                       000000FD
_WRT2_OFF_6L                      000000FF
_WRT2_ON_6L                       000000FB
_WRT3_OFF_6L                      000000FF
_WRT3_ON_6L                       000000F7
_WRTB_OFF_6H                      000000FF
_WRTB_ON_6H                       000000BF
_WRTC_OFF_6H                      000000FF
_WRTC_ON_6H                       000000DF
_WRTD_OFF_6H                      000000FF
MPASM 5.77                          MAIN.ASM   6-3-2018  23:02:09         PAGE 24


SYMBOL TABLE
  LABEL                             VALUE 

_WRTD_ON_6H                       0000007F
_XINST_OFF_4L                     000000BF
_XINST_ON_4L                      000000FF
__18F4550                         00000001
cmpnum4                           00001102
config_interrupts                 0000110E
config_ports                      0000112C
f1_tmr0                           00000110
f_tmr0                            00000100
loop                              0000102C
num0                              00000010
num1                              00000020
num10                             0000012C
num2                              00000030
num3                              00000040
num4                              00000050
num5                              00000060
numc                              00000070
ptr_w_latd                        000010A6
ret1                              000010B4
ret2                              000010B8
var                               00000080
var1                              00000090

Errors   :     0
Warnings :    11 reported,     0 suppressed
Messages :     0 reported,     0 suppressed

