

Microchip Technology PIC18 LITE Macro Assembler V1.45 build -152302408 
                                                                                               Mon Jun 11 08:12:11 2018

Microchip Technology Omniscient Code Generator v1.45 (Free mode) build 201711160504
     1                           	processor	18F4550
     2                           	fnconf	rparam,??,?,0
     3                           	opt	pw 120
     4                           	opt	lm
     5                           	psect	cinit,global,reloc=2,class=CODE,delta=1
     6                           	psect	cstackCOMRAM,global,class=COMRAM,space=1,delta=1,noexec
     7                           	psect	text0,global,reloc=2,class=CODE,delta=1
     8                           	psect	intsave_regs,global,class=BIGRAM,space=1,delta=1,noexec
     9                           	psect	rparam,global,class=COMRAM,space=1,delta=1,noexec
    10  0000                     
    11                           ; Version 1.45 (B)
    12                           ; Generated 30/01/2018 GMT
    13                           ; 
    14                           ; Copyright © 2018, Microchip Technology Inc. and its subsidiaries ("Microchip")
    15                           ; All rights reserved.
    16                           ; 
    17                           ; This software is developed by Microchip Technology Inc. and its subsidiaries ("Microch
      +                          ip").
    18                           ; 
    19                           ; Redistribution and use in source and binary forms, with or without modification, are
    20                           ; permitted provided that the following conditions are met:
    21                           ; 
    22                           ;     1. Redistributions of source code must retain the above copyright notice, this lis
      +                          t of
    23                           ;        conditions and the following disclaimer.
    24                           ; 
    25                           ;     2. Redistributions in binary form must reproduce the above copyright notice, this 
      +                          list
    26                           ;        of conditions and the following disclaimer in the documentation and/or other
    27                           ;        materials provided with the distribution.
    28                           ; 
    29                           ;     3. Microchip's name may not be used to endorse or promote products derived from th
      +                          is
    30                           ;        software without specific prior written permission.
    31                           ; 
    32                           ; THIS SOFTWARE IS PROVIDED BY MICROCHIP "AS IS" AND ANY EXPRESS OR IMPLIED WARRANTIES,
    33                           ; INCLUDING, BUT NOT LIMITED TO, THE IMPLIED WARRANTIES OF MERCHANTABILITY AND FITNESS F
      +                          OR
    34                           ; PURPOSE ARE DISCLAIMED.  IN NO EVENT SHALL MICROCHIP BE LIABLE FOR ANY DIRECT, INDIREC
      +                          T,
    35                           ; INCIDENTAL, SPECIAL, EXEMPLARY, OR CONSEQUENTIAL DAMAGES (INCLUDING BUT NOT LIMITED TO
    36                           ; PROCUREMENT OF SUBSTITUTE GOODS OR SERVICES; LOSS OF USE, DATA OR PROFITS; OR BUSINESS
    37                           ; INTERRUPTION) HOWSOEVER CAUSED AND ON ANY THEORY OF LIABILITY, WHETHER IN CONTRACT, ST
      +                          RICT
    38                           ; LIABILITY, OR TORT (INCLUDING NEGLIGENCE OR OTHERWISE) ARISING IN ANY WAY OUT OF THE U
      +                          SE OF
    39                           ; THIS SOFTWARE, EVEN IF ADVISED OF THE POSSIBILITY OF SUCH DAMAGE.
    40                           ; 
    41                           ; 
    42                           ; Code-generator required, PIC18F4550 Definitions
    43                           ; 
    44                           ; SFR Addresses
    45  0000                     _LATA	set	3977
    46  0000                     _PORTBbits	set	3969
    47  0000                     _LATD	set	3980
    48  0000                     _TRISD	set	3989
    49  0000                     _TRISB	set	3987
    50  0000                     _TRISA	set	3986
    51  0000                     _CMCON	set	4020
    52  0000                     _ADCON1	set	4033
    53                           
    54                           ; #config settings
    55  0000                     
    56                           	psect	cinit
    57  007F94                     __pcinit:
    58                           	opt stack 0
    59  007F94                     start_initialization:
    60                           	opt stack 0
    61  007F94                     __initialization:
    62                           	opt stack 0
    63  007F94                     end_of_initialization:
    64                           	opt stack 0
    65  007F94                     __end_of__initialization:
    66                           	opt stack 0
    67  007F94  0100               	movlb	0
    68  007F96  EFCD  F03F         	goto	_main	;jump to C main() function
    69                           
    70                           	psect	cstackCOMRAM
    71  000001                     __pcstackCOMRAM:
    72                           	opt stack 0
    73  000001                     ??_main:
    74                           
    75                           ; 1 bytes @ 0x0
    76  000001                     	ds	2
    77  000003                     main@a:
    78                           	opt stack 0
    79                           
    80                           ; 1 bytes @ 0x2
    81  000003                     	ds	1
    82                           
    83 ;;
    84 ;;Main: autosize = 0, tempsize = 2, incstack = 0, save=0
    85 ;;
    86 ;; *************** function _main *****************
    87 ;; Defined at:
    88 ;;		line 11 in file "main.c"
    89 ;; Parameters:    Size  Location     Type
    90 ;;		None
    91 ;; Auto vars:     Size  Location     Type
    92 ;;  a               1    2[COMRAM] unsigned char 
    93 ;; Return value:  Size  Location     Type
    94 ;;                  1    wreg      void 
    95 ;; Registers used:
    96 ;;		wreg, status,2, status,0
    97 ;; Tracked objects:
    98 ;;		On entry : 0/0
    99 ;;		On exit  : 0/0
   100 ;;		Unchanged: 0/0
   101 ;; Data sizes:     COMRAM   BANK0   BANK1   BANK2   BANK3   BANK4   BANK5   BANK6   BANK7
   102 ;;      Params:         0       0       0       0       0       0       0       0       0
   103 ;;      Locals:         1       0       0       0       0       0       0       0       0
   104 ;;      Temps:          2       0       0       0       0       0       0       0       0
   105 ;;      Totals:         3       0       0       0       0       0       0       0       0
   106 ;;Total ram usage:        3 bytes
   107 ;; This function calls:
   108 ;;		Nothing
   109 ;; This function is called by:
   110 ;;		Startup code after reset
   111 ;; This function uses a non-reentrant model
   112 ;;
   113                           
   114                           	psect	text0
   115  007F9A                     __ptext0:
   116                           	opt stack 0
   117  007F9A                     _main:
   118                           	opt stack 31
   119                           
   120                           ;main.c: 12: ADCON1 = 0x0F;
   121                           
   122                           ;incstack = 0
   123  007F9A  0E0F               	movlw	15
   124  007F9C  6EC1               	movwf	4033,c	;volatile
   125                           
   126                           ;main.c: 13: CMCON = 0x07;
   127  007F9E  0E07               	movlw	7
   128  007FA0  6EB4               	movwf	4020,c	;volatile
   129                           
   130                           ;main.c: 14: TRISA = 0;
   131  007FA2  0E00               	movlw	0
   132  007FA4  6E92               	movwf	3986,c	;volatile
   133                           
   134                           ;main.c: 15: TRISB = 0xFF;
   135  007FA6  6893               	setf	3987,c	;volatile
   136                           
   137                           ;main.c: 16: TRISD = 0x00;
   138  007FA8  0E00               	movlw	0
   139  007FAA  6E95               	movwf	3989,c	;volatile
   140                           
   141                           ;main.c: 17: LATD = 0;
   142  007FAC  0E00               	movlw	0
   143  007FAE  6E8C               	movwf	3980,c	;volatile
   144                           
   145                           ;main.c: 18: char a= 0;
   146  007FB0  0E00               	movlw	0
   147  007FB2  6E03               	movwf	main@a,c
   148                           
   149                           ;main.c: 20: while(PORTBbits.RB0)
   150                           
   151                           ;main.c: 19: for(;;){
   152  007FB4  D008               	goto	l24
   153  007FB6                     
   154                           ;main.c: 21: _delay((unsigned long)((1)*(20000000/4000.0)));
   155  007FB6  0E07               	movlw	7
   156  007FB8  6E01               	movwf	??_main& (0+255),c
   157  007FBA  0E7D               	movlw	125
   158  007FBC                     u47:
   159  007FBC  2EE8               	decfsz	wreg,f,c
   160  007FBE  D7FE               	bra	u47
   161  007FC0  2E01               	decfsz	??_main& (0+255),f,c
   162  007FC2  D7FC               	bra	u47
   163  007FC4  F000               	nop	
   164  007FC6                     l24:
   165  007FC6  B081               	btfsc	3969,0,c	;volatile
   166  007FC8  D7F6               	goto	l25
   167                           
   168                           ;main.c: 22: _delay((unsigned long)((200)*(20000000/4000.0)));
   169  007FCA  0E06               	movlw	6
   170  007FCC  6E02               	movwf	(??_main+1)& (0+255),c
   171  007FCE  0E13               	movlw	19
   172  007FD0  6E01               	movwf	??_main& (0+255),c
   173  007FD2  0EAE               	movlw	174
   174  007FD4                     u57:
   175  007FD4  2EE8               	decfsz	wreg,f,c
   176  007FD6  D7FE               	bra	u57
   177  007FD8  2E01               	decfsz	??_main& (0+255),f,c
   178  007FDA  D7FC               	bra	u57
   179  007FDC  2E02               	decfsz	(??_main+1)& (0+255),f,c
   180  007FDE  D7FA               	bra	u57
   181                           
   182                           ;main.c: 23: LATD = ++a;
   183  007FE0  2A03               	incf	main@a,f,c
   184  007FE2  C003  FF8C         	movff	main@a,3980	;volatile
   185                           
   186                           ;main.c: 24: if(a<50)
   187  007FE6  0E32               	movlw	50
   188  007FE8  6003               	cpfslt	main@a,c
   189  007FEA  D002               	goto	l27
   190                           
   191                           ;main.c: 25: LATA = 0x01;
   192  007FEC  0E01               	movlw	1
   193  007FEE  D006               	goto	L2
   194  007FF0                     l27:
   195                           
   196                           ;main.c: 26: else if(a<70)
   197  007FF0  0E46               	movlw	70
   198  007FF2  6003               	cpfslt	main@a,c
   199  007FF4  D002               	goto	l29
   200                           
   201                           ;main.c: 27: LATA = 0x02;
   202  007FF6  0E02               	movlw	2
   203  007FF8  D001               	goto	L2
   204  007FFA                     l29:
   205                           
   206                           ;main.c: 28: else
   207                           ;main.c: 29: LATA = 0x04;
   208  007FFA  0E04               	movlw	4
   209  007FFC                     L2:
   210  007FFC  6E89               	movwf	3977,c	;volatile
   211                           
   212                           ;main.c: 31: }
   213  007FFE  D7E3               	goto	l24
   214  008000                     __end_of_main:
   215                           	opt stack 0
   216  0000                     wreg	equ	0xFE8
   217                           wreg	equ	0xFE8
   218                           
   219                           	psect	rparam
   220  0000                     wreg	equ	0xFE8


Data Sizes:
    Strings     0
    Constant    0
    Data        0
    BSS         0
    Persistent  0
    Stack       0

Auto Spaces:
    Space          Size  Autos    Used
    COMRAM           95      3       3
    BANK0           160      0       0
    BANK1           256      0       0
    BANK2           256      0       0
    BANK3           256      0       0
    BANK4           256      0       0
    BANK5           256      0       0
    BANK6           256      0       0
    BANK7           256      0       0

Pointer List with Targets:

    None.

Critical Paths under _main in COMRAM

    None.

Critical Paths under _main in BANK0

    None.

Critical Paths under _main in BANK1

    None.

Critical Paths under _main in BANK2

    None.

Critical Paths under _main in BANK3

    None.

Critical Paths under _main in BANK4

    None.

Critical Paths under _main in BANK5

    None.

Critical Paths under _main in BANK6

    None.

Critical Paths under _main in BANK7

    None.

Call Graph Tables:

 ---------------------------------------------------------------------------------
 (Depth) Function   	        Calls       Base Space   Used Autos Params    Refs
 ---------------------------------------------------------------------------------
 (0) _main                                                 3     3      0      45
                                              0 COMRAM     3     3      0
 ---------------------------------------------------------------------------------
 Estimated maximum stack depth 0
 ---------------------------------------------------------------------------------

 Call Graph Graphs:

 _main (ROOT)

 Address spaces:
Name               Size   Autos  Total    Cost      Usage
BITCOMRAM           5F      0       0       0        0.0%
EEDATA             100      0       0       0        0.0%
NULL                 0      0       0       0        0.0%
CODE                 0      0       0       0        0.0%
COMRAM              5F      3       3       1        3.2%
STACK                0      0       0       2        0.0%
DATA                 0      0       0       3        0.0%
BITBANK0            A0      0       0       4        0.0%
BANK0               A0      0       0       5        0.0%
BITBANK1           100      0       0       6        0.0%
BANK1              100      0       0       7        0.0%
BITBANK2           100      0       0       8        0.0%
BANK2              100      0       0       9        0.0%
BITBANK3           100      0       0      10        0.0%
BANK3              100      0       0      11        0.0%
BITBANK4           100      0       0      12        0.0%
BANK4              100      0       0      13        0.0%
BITBANK5           100      0       0      14        0.0%
BANK5              100      0       0      15        0.0%
BITBANK6           100      0       0      16        0.0%
BANK6              100      0       0      17        0.0%
BITBANK7           100      0       0      18        0.0%
BANK7              100      0       0      19        0.0%
ABS                  0      0       0      20        0.0%
BIGRAM             7FF      0       0      21        0.0%
BITSFR               0      0       0     200        0.0%
SFR                  0      0       0     200        0.0%


Microchip Technology PIC18 Macro Assembler V1.45 build -152302408 
Symbol Table                                                                                   Mon Jun 11 08:12:11 2018

                     l24 7FC6                       l25 7FB6                       l27 7FF0  
                     l29 7FFA                       u47 7FBC                       u57 7FD4  
            __CFG_BORV$3 000000             __CFG_CP0$OFF 000000             __CFG_CP1$OFF 000000  
           __CFG_CP2$OFF 000000             __CFG_CP3$OFF 000000             __CFG_CPB$OFF 000000  
           __CFG_CPD$OFF 000000             __CFG_BOR$OFF 000000                      wreg 000FE8  
           __CFG_FOSC$HS 000000             __CFG_LVP$OFF 000000             __CFG_WDT$OFF 000000  
                   _LATA 000F89                     _LATD 000F8C                     _main 7F9A  
                   start 0000            __CFG_IESO$OFF 000000            __CFG_MCLRE$ON 000000  
           ___param_bank 000000            __CFG_PLLDIV$1 000000           __CFG_CCP2MX$ON 000000  
                  ?_main 0001                    _CMCON 000FB4            __CFG_USBDIV$1 000000  
                  _TRISA 000F92                    _TRISB 000F93                    _TRISD 000F95  
          __CFG_PWRT$OFF 000000            __CFG_WRT0$OFF 000000            __CFG_WRT1$OFF 000000  
          __CFG_WRT2$OFF 000000            __CFG_WRT3$OFF 000000           __CFG_EBTR0$OFF 000000  
         __CFG_FCMEN$OFF 000000           __CFG_EBTR1$OFF 000000           __CFG_EBTR2$OFF 000000  
         __CFG_EBTR3$OFF 000000            __CFG_WRTB$OFF 000000            __CFG_WRTC$OFF 000000  
          __CFG_WRTD$OFF 000000           __CFG_EBTRB$OFF 000000                    main@a 0003  
         __CFG_ICPRT$OFF 000000          __initialization 7F94             __end_of_main 8000  
                 ??_main 0001            __activetblptr 000000                   _ADCON1 000FC1  
         __CFG_XINST$OFF 000000           __CFG_STVREN$ON 000000               __accesstop 0060  
__end_of__initialization 7F94          __CFG_PBADEN$OFF 000000            ___rparam_used 000001  
         __pcstackCOMRAM 0001          __CFG_VREGEN$OFF 000000                  __Hparam 0000  
                __Lparam 0000                  __pcinit 7F94                  __ramtop 0800  
                __ptext0 7F9A     end_of_initialization 7F94                _PORTBbits 000F81  
    start_initialization 7F94         __CFG_LPT1OSC$OFF 000000         __CFG_WDTPS$32768 000000  
               __Hrparam 0000                 __Lrparam 0000            __size_of_main 0066  
  __CFG_CPUDIV$OSC1_PLL2 000000  
