Warning[207] C:\USERS\IVAN-\DOCUMENTS\MEGASYNC\MICROCONTROLADORES\MPLAB\ASM\LCD_ASM.X\MAIN.ASM 74 : Found label after column 1. (i)
Warning[207] C:\USERS\IVAN-\DOCUMENTS\MEGASYNC\MICROCONTROLADORES\MPLAB\ASM\LCD_ASM.X\MAIN.ASM 75 : Found label after column 1. (var)
Warning[207] C:\USERS\IVAN-\DOCUMENTS\MEGASYNC\MICROCONTROLADORES\MPLAB\ASM\LCD_ASM.X\MAIN.ASM 76 : Found label after column 1. (var1)
Warning[207] C:\USERS\IVAN-\DOCUMENTS\MEGASYNC\MICROCONTROLADORES\MPLAB\ASM\LCD_ASM.X\MAIN.ASM 77 : Found label after column 1. (vart)
Warning[207] C:\USERS\IVAN-\DOCUMENTS\MEGASYNC\MICROCONTROLADORES\MPLAB\ASM\LCD_ASM.X\MAIN.ASM 78 : Found label after column 1. (aux)
Warning[207] C:\USERS\IVAN-\DOCUMENTS\MEGASYNC\MICROCONTROLADORES\MPLAB\ASM\LCD_ASM.X\MAIN.ASM 79 : Found label after column 1. (count)
Warning[203] C:\USERS\IVAN-\DOCUMENTS\MEGASYNC\MICROCONTROLADORES\MPLAB\ASM\LCD_ASM.X\MAIN.ASM 87 : Found opcode in column 1. (clrf)
Warning[203] C:\USERS\IVAN-\DOCUMENTS\MEGASYNC\MICROCONTROLADORES\MPLAB\ASM\LCD_ASM.X\MAIN.ASM 88 : Found opcode in column 1. (movlw)
Warning[203] C:\USERS\IVAN-\DOCUMENTS\MEGASYNC\MICROCONTROLADORES\MPLAB\ASM\LCD_ASM.X\MAIN.ASM 89 : Found opcode in column 1. (movwf)
Warning[203] C:\USERS\IVAN-\DOCUMENTS\MEGASYNC\MICROCONTROLADORES\MPLAB\ASM\LCD_ASM.X\MAIN.ASM 92 : Found opcode in column 1. (btfss)
Warning[203] C:\USERS\IVAN-\DOCUMENTS\MEGASYNC\MICROCONTROLADORES\MPLAB\ASM\LCD_ASM.X\MAIN.ASM 93 : Found opcode in column 1. (goto)
Warning[203] C:\USERS\IVAN-\DOCUMENTS\MEGASYNC\MICROCONTROLADORES\MPLAB\ASM\LCD_ASM.X\MAIN.ASM 94 : Found opcode in column 1. (incf)
Warning[203] C:\USERS\IVAN-\DOCUMENTS\MEGASYNC\MICROCONTROLADORES\MPLAB\ASM\LCD_ASM.X\MAIN.ASM 95 : Found opcode in column 1. (btfss)
Warning[203] C:\USERS\IVAN-\DOCUMENTS\MEGASYNC\MICROCONTROLADORES\MPLAB\ASM\LCD_ASM.X\MAIN.ASM 96 : Found opcode in column 1. (goto)
Warning[203] C:\USERS\IVAN-\DOCUMENTS\MEGASYNC\MICROCONTROLADORES\MPLAB\ASM\LCD_ASM.X\MAIN.ASM 97 : Found opcode in column 1. (incf)
Warning[203] C:\USERS\IVAN-\DOCUMENTS\MEGASYNC\MICROCONTROLADORES\MPLAB\ASM\LCD_ASM.X\MAIN.ASM 98 : Found opcode in column 1. (btfss)
Warning[203] C:\USERS\IVAN-\DOCUMENTS\MEGASYNC\MICROCONTROLADORES\MPLAB\ASM\LCD_ASM.X\MAIN.ASM 99 : Found opcode in column 1. (goto)
Warning[203] C:\USERS\IVAN-\DOCUMENTS\MEGASYNC\MICROCONTROLADORES\MPLAB\ASM\LCD_ASM.X\MAIN.ASM 100 : Found opcode in column 1. (incf)
Warning[203] C:\USERS\IVAN-\DOCUMENTS\MEGASYNC\MICROCONTROLADORES\MPLAB\ASM\LCD_ASM.X\MAIN.ASM 101 : Found opcode in column 1. (btfss)
Warning[203] C:\USERS\IVAN-\DOCUMENTS\MEGASYNC\MICROCONTROLADORES\MPLAB\ASM\LCD_ASM.X\MAIN.ASM 103 : Found opcode in column 1. (incf)
Warning[203] C:\USERS\IVAN-\DOCUMENTS\MEGASYNC\MICROCONTROLADORES\MPLAB\ASM\LCD_ASM.X\MAIN.ASM 105 : Found opcode in column 1. (movlw)
Warning[203] C:\USERS\IVAN-\DOCUMENTS\MEGASYNC\MICROCONTROLADORES\MPLAB\ASM\LCD_ASM.X\MAIN.ASM 106 : Found opcode in column 1. (subwf)
Warning[203] C:\USERS\IVAN-\DOCUMENTS\MEGASYNC\MICROCONTROLADORES\MPLAB\ASM\LCD_ASM.X\MAIN.ASM 107 : Found opcode in column 1. (btfsc)
Warning[203] C:\USERS\IVAN-\DOCUMENTS\MEGASYNC\MICROCONTROLADORES\MPLAB\ASM\LCD_ASM.X\MAIN.ASM 108 : Found opcode in column 1. (goto)
Warning[203] C:\USERS\IVAN-\DOCUMENTS\MEGASYNC\MICROCONTROLADORES\MPLAB\ASM\LCD_ASM.X\MAIN.ASM 109 : Found opcode in column 1. (bsf)
Warning[203] C:\USERS\IVAN-\DOCUMENTS\MEGASYNC\MICROCONTROLADORES\MPLAB\ASM\LCD_ASM.X\MAIN.ASM 110 : Found opcode in column 1. (rlcf)
Warning[203] C:\USERS\IVAN-\DOCUMENTS\MEGASYNC\MICROCONTROLADORES\MPLAB\ASM\LCD_ASM.X\MAIN.ASM 111 : Found opcode in column 1. (goto)
Warning[203] C:\USERS\IVAN-\DOCUMENTS\MEGASYNC\MICROCONTROLADORES\MPLAB\ASM\LCD_ASM.X\MAIN.ASM 125 : Found opcode in column 1. (movf)
Warning[203] C:\USERS\IVAN-\DOCUMENTS\MEGASYNC\MICROCONTROLADORES\MPLAB\ASM\LCD_ASM.X\MAIN.ASM 127 : Found opcode in column 1. (movlw)
Warning[203] C:\USERS\IVAN-\DOCUMENTS\MEGASYNC\MICROCONTROLADORES\MPLAB\ASM\LCD_ASM.X\MAIN.ASM 128 : Found opcode in column 1. (cpfsgt)
Warning[203] C:\USERS\IVAN-\DOCUMENTS\MEGASYNC\MICROCONTROLADORES\MPLAB\ASM\LCD_ASM.X\MAIN.ASM 129 : Found opcode in column 1. (goto)
Warning[203] C:\USERS\IVAN-\DOCUMENTS\MEGASYNC\MICROCONTROLADORES\MPLAB\ASM\LCD_ASM.X\MAIN.ASM 130 : Found opcode in column 1. (incf)
Warning[203] C:\USERS\IVAN-\DOCUMENTS\MEGASYNC\MICROCONTROLADORES\MPLAB\ASM\LCD_ASM.X\MAIN.ASM 131 : Found opcode in column 1. (movlw)
Warning[203] C:\USERS\IVAN-\DOCUMENTS\MEGASYNC\MICROCONTROLADORES\MPLAB\ASM\LCD_ASM.X\MAIN.ASM 132 : Found opcode in column 1. (cpfslt)
Warning[203] C:\USERS\IVAN-\DOCUMENTS\MEGASYNC\MICROCONTROLADORES\MPLAB\ASM\LCD_ASM.X\MAIN.ASM 133 : Found opcode in column 1. (goto)
Warning[203] C:\USERS\IVAN-\DOCUMENTS\MEGASYNC\MICROCONTROLADORES\MPLAB\ASM\LCD_ASM.X\MAIN.ASM 134 : Found opcode in column 1. (call)
Warning[203] C:\USERS\IVAN-\DOCUMENTS\MEGASYNC\MICROCONTROLADORES\MPLAB\ASM\LCD_ASM.X\MAIN.ASM 136 : Found opcode in column 1. (movlw)
Warning[203] C:\USERS\IVAN-\DOCUMENTS\MEGASYNC\MICROCONTROLADORES\MPLAB\ASM\LCD_ASM.X\MAIN.ASM 137 : Found opcode in column 1. (cpfsgt)
Warning[203] C:\USERS\IVAN-\DOCUMENTS\MEGASYNC\MICROCONTROLADORES\MPLAB\ASM\LCD_ASM.X\MAIN.ASM 138 : Found opcode in column 1. (goto)
Warning[203] C:\USERS\IVAN-\DOCUMENTS\MEGASYNC\MICROCONTROLADORES\MPLAB\ASM\LCD_ASM.X\MAIN.ASM 139 : Found opcode in column 1. (call)
Warning[203] C:\USERS\IVAN-\DOCUMENTS\MEGASYNC\MICROCONTROLADORES\MPLAB\ASM\LCD_ASM.X\MAIN.ASM 141 : Found opcode in column 1. (movlw)
Warning[203] C:\USERS\IVAN-\DOCUMENTS\MEGASYNC\MICROCONTROLADORES\MPLAB\ASM\LCD_ASM.X\MAIN.ASM 142 : Found opcode in column 1. (cpfsgt)
Warning[203] C:\USERS\IVAN-\DOCUMENTS\MEGASYNC\MICROCONTROLADORES\MPLAB\ASM\LCD_ASM.X\MAIN.ASM 143 : Found opcode in column 1. (goto)
Warning[203] C:\USERS\IVAN-\DOCUMENTS\MEGASYNC\MICROCONTROLADORES\MPLAB\ASM\LCD_ASM.X\MAIN.ASM 144 : Found opcode in column 1. (call)
Warning[203] C:\USERS\IVAN-\DOCUMENTS\MEGASYNC\MICROCONTROLADORES\MPLAB\ASM\LCD_ASM.X\MAIN.ASM 145 : Found opcode in column 1. (goto)
Warning[207] C:\USERS\IVAN-\DOCUMENTS\MEGASYNC\MICROCONTROLADORES\MPLAB\ASM\LCD_ASM.X\MAIN.ASM 217 : Found label after column 1. (cicDelay)
Warning[207] C:\USERS\IVAN-\DOCUMENTS\MEGASYNC\MICROCONTROLADORES\MPLAB\ASM\LCD_ASM.X\MAIN.ASM 225 : Found label after column 1. (ret1)
Warning[207] C:\USERS\IVAN-\DOCUMENTS\MEGASYNC\MICROCONTROLADORES\MPLAB\ASM\LCD_ASM.X\MAIN.ASM 228 : Found label after column 1. (ret2)
Warning[207] C:\USERS\IVAN-\DOCUMENTS\MEGASYNC\MICROCONTROLADORES\MPLAB\ASM\LCD_ASM.X\MAIN.ASM 236 : Found label after column 1. (cdelay)
Warning[207] C:\USERS\IVAN-\DOCUMENTS\MEGASYNC\MICROCONTROLADORES\MPLAB\ASM\LCD_ASM.X\MAIN.ASM 257 : Found label after column 1. (vacio)
Warning[207] C:\USERS\IVAN-\DOCUMENTS\MEGASYNC\MICROCONTROLADORES\MPLAB\ASM\LCD_ASM.X\MAIN.ASM 279 : Found label after column 1. (m_lleno)
Warning[205] C:\USERS\IVAN-\DOCUMENTS\MEGASYNC\MICROCONTROLADORES\MPLAB\ASM\LCD_ASM.X\MAIN.ASM 350 : Found directive in column 1. (end)
