

Microchip Technology PIC18 LITE Macro Assembler V1.45 build -152302408 
                                                                                               Thu May 31 00:37:07 2018

Microchip Technology Omniscient Code Generator v1.45 (Free mode) build 201711160504
     1                           	processor	18F4550
     2                           	fnconf	rparam,??,?,0
     3                           	opt	pw 120
     4                           	opt	lm
     5                           	psect	smallconst,global,reloc=2,class=SMALLCONST,delta=1,noexec
     6                           	psect	cinit,global,reloc=2,class=CODE,delta=1
     7                           	psect	bitbssCOMRAM,global,bit,class=COMRAM,space=1,delta=1,noexec
     8                           	psect	cstackCOMRAM,global,class=COMRAM,space=1,delta=1,noexec
     9                           	psect	text0,global,reloc=2,class=CODE,delta=1
    10                           	psect	intsave_regs,global,class=BIGRAM,space=1,delta=1,noexec
    11                           	psect	rparam,global,class=COMRAM,space=1,delta=1,noexec
    12  0000                     
    13                           ; Version 1.45
    14                           ; Generated 16/11/2017 GMT
    15                           ; 
    16                           ; Copyright © 2017, Microchip Technology Inc. and its subsidiaries ("Microchip")
    17                           ; All rights reserved.
    18                           ; 
    19                           ; This software is developed by Microchip Technology Inc. and its subsidiaries ("Microch
      +                          ip").
    20                           ; 
    21                           ; Redistribution and use in source and binary forms, with or without modification, are
    22                           ; permitted provided that the following conditions are met:
    23                           ; 
    24                           ;     1. Redistributions of source code must retain the above copyright notice, this lis
      +                          t of
    25                           ;        conditions and the following disclaimer.
    26                           ; 
    27                           ;     2. Redistributions in binary form must reproduce the above copyright notice, this 
      +                          list
    28                           ;        of conditions and the following disclaimer in the documentation and/or other
    29                           ;        materials provided with the distribution.
    30                           ; 
    31                           ;     3. Microchip's name may not be used to endorse or promote products derived from th
      +                          is
    32                           ;        software without specific prior written permission.
    33                           ; 
    34                           ; THIS SOFTWARE IS PROVIDED BY MICROCHIP "AS IS" AND ANY EXPRESS OR IMPLIED WARRANTIES,
    35                           ; INCLUDING, BUT NOT LIMITED TO, THE IMPLIED WARRANTIES OF MERCHANTABILITY AND FITNESS F
      +                          OR
    36                           ; PURPOSE ARE DISCLAIMED.  IN NO EVENT SHALL MICROCHIP BE LIABLE FOR ANY DIRECT, INDIREC
      +                          T,
    37                           ; INCIDENTAL, SPECIAL, EXEMPLARY, OR CONSEQUENTIAL DAMAGES (INCLUDING BUT NOT LIMITED TO
    38                           ; PROCUREMENT OF SUBSTITUTE GOODS OR SERVICES; LOSS OF USE, DATA OR PROFITS; OR BUSINESS
    39                           ; INTERRUPTION) HOWSOEVER CAUSED AND ON ANY THEORY OF LIABILITY, WHETHER IN CONTRACT, ST
      +                          RICT
    40                           ; LIABILITY, OR TORT (INCLUDING NEGLIGENCE OR OTHERWISE) ARISING IN ANY WAY OUT OF THE U
      +                          SE OF
    41                           ; THIS SOFTWARE, EVEN IF ADVISED OF THE POSSIBILITY OF SUCH DAMAGE.
    42                           ; 
    43                           ; 
    44                           ; Code-generator required, PIC18F4550 Definitions
    45                           ; 
    46                           ; SFR Addresses
    47  0000                     
    48                           	psect	smallconst
    49  000800                     __psmallconst:
    50                           	opt stack 0
    51  000800  00                 	db	0
    52  000801                     _sinWaveForm:
    53                           	opt stack 0
    54  000801  7F                 	db	127
    55  000802  86                 	db	134
    56  000803  8E                 	db	142
    57  000804  96                 	db	150
    58  000805  9E                 	db	158
    59  000806  A6                 	db	166
    60  000807  AD                 	db	173
    61  000808  B5                 	db	181
    62  000809  BC                 	db	188
    63  00080A  C3                 	db	195
    64  00080B  C9                 	db	201
    65  00080C  CF                 	db	207
    66  00080D  D5                 	db	213
    67  00080E  DB                 	db	219
    68  00080F  E0                 	db	224
    69  000810  E5                 	db	229
    70  000811  EA                 	db	234
    71  000812  EE                 	db	238
    72  000813  F1                 	db	241
    73  000814  F5                 	db	245
    74  000815  F7                 	db	247
    75  000816  FA                 	db	250
    76  000817  FB                 	db	251
    77  000818  FC                 	db	252
    78  000819  FD                 	db	253
    79  00081A  FE                 	db	254
    80  00081B  FD                 	db	253
    81  00081C  FC                 	db	252
    82  00081D  FB                 	db	251
    83  00081E  FA                 	db	250
    84  00081F  F7                 	db	247
    85  000820  F5                 	db	245
    86  000821  F1                 	db	241
    87  000822  EE                 	db	238
    88  000823  EA                 	db	234
    89  000824  E5                 	db	229
    90  000825  E0                 	db	224
    91  000826  DB                 	db	219
    92  000827  D5                 	db	213
    93  000828  CF                 	db	207
    94  000829  C9                 	db	201
    95  00082A  C3                 	db	195
    96  00082B  BC                 	db	188
    97  00082C  B5                 	db	181
    98  00082D  AD                 	db	173
    99  00082E  A6                 	db	166
   100  00082F  9E                 	db	158
   101  000830  96                 	db	150
   102  000831  8E                 	db	142
   103  000832  86                 	db	134
   104  000833  7F                 	db	127
   105  000834  77                 	db	119
   106  000835  6F                 	db	111
   107  000836  67                 	db	103
   108  000837  5F                 	db	95
   109  000838  57                 	db	87
   110  000839  50                 	db	80
   111  00083A  48                 	db	72
   112  00083B  41                 	db	65
   113  00083C  3A                 	db	58
   114  00083D  34                 	db	52
   115  00083E  2E                 	db	46
   116  00083F  28                 	db	40
   117  000840  22                 	db	34
   118  000841  1D                 	db	29
   119  000842  18                 	db	24
   120  000843  13                 	db	19
   121  000844  0F                 	db	15
   122  000845  0C                 	db	12
   123  000846  08                 	db	8
   124  000847  06                 	db	6
   125  000848  03                 	db	3
   126  000849  02                 	db	2
   127  00084A  01                 	db	1
   128  00084B  00                 	db	0
   129  00084C  00                 	db	0
   130  00084D  00                 	db	0
   131  00084E  01                 	db	1
   132  00084F  02                 	db	2
   133  000850  03                 	db	3
   134  000851  06                 	db	6
   135  000852  08                 	db	8
   136  000853  0C                 	db	12
   137  000854  0F                 	db	15
   138  000855  13                 	db	19
   139  000856  18                 	db	24
   140  000857  1D                 	db	29
   141  000858  22                 	db	34
   142  000859  28                 	db	40
   143  00085A  2E                 	db	46
   144  00085B  34                 	db	52
   145  00085C  3A                 	db	58
   146  00085D  41                 	db	65
   147  00085E  48                 	db	72
   148  00085F  50                 	db	80
   149  000860  57                 	db	87
   150  000861  5F                 	db	95
   151  000862  67                 	db	103
   152  000863  6F                 	db	111
   153  000864  77                 	db	119
   154  000865  00                 	db	0
   155  000866                     __end_of_sinWaveForm:
   156                           	opt stack 0
   157  0000                     _PORTA	set	3968
   158  0000                     _LATB	set	3978
   159  0000                     _CMCON	set	4020
   160  0000                     _ADCON1	set	4033
   161  0000                     _TRISA	set	3986
   162  0000                     _TRISB	set	3987
   163                           
   164                           ; #config settings
   165  000866  00                 	db	0	; dummy byte at the end
   166  0000                     
   167                           	psect	cinit
   168  000914                     __pcinit:
   169                           	opt stack 0
   170  000914                     start_initialization:
   171                           	opt stack 0
   172  000914                     __initialization:
   173                           	opt stack 0
   174                           
   175                           ; Clear objects allocated to BITCOMRAM (1 bytes)
   176  000914  6A04               	clrf	(__pbitbssCOMRAM/(0+8))& (0+255),c
   177  000916                     end_of_initialization:
   178                           	opt stack 0
   179  000916                     __end_of__initialization:
   180                           	opt stack 0
   181  000916  0E00               	movlw	low (__Lmediumconst shr (0+16))
   182  000918  6EF8               	movwf	tblptru,c
   183  00091A  0100               	movlb	0
   184  00091C  EF34  F004         	goto	_main	;jump to C main() function
   185                           tblptru	equ	0xFF8
   186                           
   187                           	psect	bitbssCOMRAM
   188  000020                     __pbitbssCOMRAM:
   189                           	opt stack 0
   190  000020                     main@flag:
   191                           	opt stack 0
   192  000020                     	ds	1
   193                           tblptru	equ	0xFF8
   194                           
   195                           	psect	cstackCOMRAM
   196  000001                     __pcstackCOMRAM:
   197                           	opt stack 0
   198  000001                     ??_main:
   199                           
   200                           ; 1 bytes @ 0x0
   201  000001                     	ds	2
   202  000003                     main@i:
   203                           	opt stack 0
   204                           
   205                           ; 1 bytes @ 0x2
   206  000003                     	ds	1
   207                           tblptru	equ	0xFF8
   208                           
   209 ;;
   210 ;;Main: autosize = 0, tempsize = 2, incstack = 0, save=0
   211 ;;
   212 ;; *************** function _main *****************
   213 ;; Defined at:
   214 ;;		line 20 in file "main.c"
   215 ;; Parameters:    Size  Location     Type
   216 ;;		None
   217 ;; Auto vars:     Size  Location     Type
   218 ;;  i               1    2[COMRAM] unsigned char 
   219 ;; Return value:  Size  Location     Type
   220 ;;                  1    wreg      void 
   221 ;; Registers used:
   222 ;;		wreg, status,2, status,0, tblptrl, tblptrh, tblptru, prodl, prodh
   223 ;; Tracked objects:
   224 ;;		On entry : 0/0
   225 ;;		On exit  : 0/0
   226 ;;		Unchanged: 0/0
   227 ;; Data sizes:     COMRAM   BANK0   BANK1   BANK2   BANK3   BANK4   BANK5   BANK6   BANK7
   228 ;;      Params:         0       0       0       0       0       0       0       0       0
   229 ;;      Locals:         1       0       0       0       0       0       0       0       0
   230 ;;      Temps:          2       0       0       0       0       0       0       0       0
   231 ;;      Totals:         3       0       0       0       0       0       0       0       0
   232 ;;Total ram usage:        3 bytes
   233 ;; This function calls:
   234 ;;		Nothing
   235 ;; This function is called by:
   236 ;;		Startup code after reset
   237 ;; This function uses a non-reentrant model
   238 ;;
   239                           
   240                           	psect	text0
   241  000868                     __ptext0:
   242                           	opt stack 0
   243  000868                     _main:
   244                           	opt stack 31
   245                           
   246                           ;main.c: 21: TRISB = 0x00;
   247                           
   248                           ;incstack = 0
   249  000868  0E00               	movlw	0
   250  00086A  6E93               	movwf	3987,c	;volatile
   251                           
   252                           ;main.c: 22: TRISA = 0xFF;
   253  00086C  6892               	setf	3986,c	;volatile
   254                           
   255                           ;main.c: 23: ADCON1 = 0x0F;
   256  00086E  0E0F               	movlw	15
   257  000870  6EC1               	movwf	4033,c	;volatile
   258                           
   259                           ;main.c: 24: CMCON = 0x07;
   260  000872  0E07               	movlw	7
   261  000874  6EB4               	movwf	4020,c	;volatile
   262  000876  D034               	goto	u70
   263  000878  068A               	decf	3978,f,c	;volatile
   264                           
   265                           ;main.c: 30: break;
   266  00087A  D036               	goto	l24
   267  00087C                     l27:
   268                           
   269                           ;main.c: 32: if(flag) LATB++;
   270  00087C  A004               	btfss	main@flag/(0+8),main@flag& (0+7),c
   271  00087E  D002               	goto	l28
   272  000880  2A8A               	incf	3978,f,c	;volatile
   273  000882  D001               	goto	l29
   274  000884                     l28:
   275                           
   276                           ;main.c: 33: else LATB--;
   277  000884  068A               	decf	3978,f,c	;volatile
   278  000886                     l29:
   279                           
   280                           ;main.c: 34: if(LATB>=0xFF) flag = 0;
   281  000886  288A               	incf	3978,w,c	;volatile
   282  000888  B4D8               	btfsc	status,2,c
   283  00088A  9004               	bcf	main@flag/(0+8),main@flag& (0+7),c
   284                           
   285                           ;main.c: 35: if(!flag && !LATB) flag = 1;
   286  00088C  B004               	btfsc	main@flag/(0+8),main@flag& (0+7),c
   287  00088E  D02C               	goto	l24
   288  000890  508A               	movf	3978,w,c	;volatile
   289  000892  A4D8               	btfss	status,2,c
   290  000894  D029               	goto	l24
   291  000896  8004               	bsf	main@flag/(0+8),main@flag& (0+7),c
   292                           
   293                           ;main.c: 36: break;
   294  000898  D027               	goto	l24
   295  00089A                     
   296                           ;main.c: 38: for(i = 2;i;__nop(),--i); LATB = 0;
   297  00089A  0E02               	movlw	2
   298  00089C  6E03               	movwf	main@i,c
   299  00089E  D002               	goto	l33
   300  0008A0                     l34:
   301  0008A0  F000               	nop	
   302  0008A2  0603               	decf	main@i,f,c
   303  0008A4                     l33:
   304  0008A4  5003               	movf	main@i,w,c
   305  0008A6  A4D8               	btfss	status,2,c
   306  0008A8  D7FB               	goto	l34
   307  0008AA  0E00               	movlw	0
   308  0008AC  6E8A               	movwf	3978,c	;volatile
   309                           
   310                           ;main.c: 39: for(i = 5;i;__nop(),--i); LATB = 0xFF;
   311  0008AE  0E05               	movlw	5
   312  0008B0  6E03               	movwf	main@i,c
   313  0008B2  D002               	goto	l36
   314  0008B4                     l37:
   315  0008B4  F000               	nop	
   316  0008B6  0603               	decf	main@i,f,c
   317  0008B8                     l36:
   318  0008B8  5003               	movf	main@i,w,c
   319  0008BA  A4D8               	btfss	status,2,c
   320  0008BC  D7FB               	goto	l37
   321  0008BE  688A               	setf	3978,c	;volatile
   322                           
   323                           ;main.c: 40: break;
   324  0008C0  D013               	goto	l24
   325  0008C2                     
   326                           ;main.c: 42: LATB = sinWaveForm[i++];
   327  0008C2  5003               	movf	main@i,w,c
   328  0008C4  0D01               	mullw	1
   329  0008C6  0E01               	movlw	low _sinWaveForm
   330  0008C8  24F3               	addwf	prodl,w,c
   331  0008CA  6EF6               	movwf	tblptrl,c
   332  0008CC  0E08               	movlw	high _sinWaveForm
   333  0008CE  20F4               	addwfc	prodh,w,c
   334  0008D0  6EF7               	movwf	tblptrh,c
   335  0008D2                     	if	0	;There are less than 3 active tblptr bytes
   336  0008D2                     	endif
   337  0008D2  0008               	tblrd		*
   338  0008D4  CFF5 FF8A          	movff	tablat,3978	;volatile
   339  0008D8  2A03               	incf	main@i,f,c
   340                           
   341                           ;main.c: 43: if(i>99) i = 0;
   342  0008DA  0E63               	movlw	99
   343  0008DC  6403               	cpfsgt	main@i,c
   344  0008DE  D004               	goto	l24
   345  0008E0                     u70:
   346  0008E0  0E00               	movlw	0
   347  0008E2  6E03               	movwf	main@i,c
   348                           
   349                           ;main.c: 44: break;
   350  0008E4  D001               	goto	l24
   351  0008E6                     
   352                           ;main.c: 46: LATB++;
   353  0008E6  2A8A               	incf	3978,f,c	;volatile
   354  0008E8                     l24:
   355  0008E8  5080               	movf	3968,w,c	;volatile
   356  0008EA  0B07               	andlw	7
   357  0008EC  6E01               	movwf	??_main& (0+255),c
   358  0008EE  6A02               	clrf	(??_main+1)& (0+255),c
   359                           
   360                           ; Switch on 2 bytes has been partitioned into a top level switch of size 1, and 1 sub-sw
      +                          itches
   361                           ; Switch size 1, requested type "space"
   362                           ; Number of cases is 1, Range of values is 0 to 0
   363                           ; switch strategies available:
   364                           ; Name         Instructions Cycles
   365                           ; simple_byte            4     3 (average)
   366                           ;	Chosen strategy is simple_byte
   367  0008F0  5002               	movf	??_main+1,w,c
   368  0008F2  0A00               	xorlw	0	; case 0
   369  0008F4  A4D8               	btfss	status,2,c
   370  0008F6  D7F7               	goto	l41
   371                           
   372                           ; Switch size 1, requested type "space"
   373                           ; Number of cases is 4, Range of values is 0 to 3
   374                           ; switch strategies available:
   375                           ; Name         Instructions Cycles
   376                           ; simple_byte           13     7 (average)
   377                           ;	Chosen strategy is simple_byte
   378  0008F8  5001               	movf	??_main,w,c
   379  0008FA  0A00               	xorlw	0	; case 0
   380  0008FC  B4D8               	btfsc	status,2,c
   381  0008FE  D7BC               	goto	l25
   382  000900  0A01               	xorlw	1	; case 1
   383  000902  B4D8               	btfsc	status,2,c
   384  000904  D7BB               	goto	l27
   385  000906  0A03               	xorlw	3	; case 2
   386  000908  B4D8               	btfsc	status,2,c
   387  00090A  D7C7               	goto	l32
   388  00090C  0A01               	xorlw	1	; case 3
   389  00090E  B4D8               	btfsc	status,2,c
   390  000910  D7D8               	goto	l39
   391  000912  D7E9               	goto	l41
   392  000914                     __end_of_main:
   393                           	opt stack 0
   394                           tblptru	equ	0xFF8
   395                           tblptrh	equ	0xFF7
   396                           tblptrl	equ	0xFF6
   397                           tablat	equ	0xFF5
   398                           prodh	equ	0xFF4
   399                           prodl	equ	0xFF3
   400                           status	equ	0xFD8
   401                           tblptru	equ	0xFF8
   402                           tblptrh	equ	0xFF7
   403                           tblptrl	equ	0xFF6
   404                           tablat	equ	0xFF5
   405                           prodh	equ	0xFF4
   406                           prodl	equ	0xFF3
   407                           status	equ	0xFD8
   408                           
   409                           	psect	rparam
   410  0000                     tblptru	equ	0xFF8
   411                           tblptrh	equ	0xFF7
   412                           tblptrl	equ	0xFF6
   413                           tablat	equ	0xFF5
   414                           prodh	equ	0xFF4
   415                           prodl	equ	0xFF3
   416                           status	equ	0xFD8


Data Sizes:
    Strings     0
    Constant    101
    Data        0
    BSS         0
    Persistent  0
    Stack       0

Auto Spaces:
    Space          Size  Autos    Used
    COMRAM           95      3       4
    BANK0           160      0       0
    BANK1           256      0       0
    BANK2           256      0       0
    BANK3           256      0       0
    BANK4           256      0       0
    BANK5           256      0       0
    BANK6           256      0       0
    BANK7           256      0       0

Pointer List with Targets:

    None.

Critical Paths under _main in COMRAM

    None.

Critical Paths under _main in BANK0

    None.

Critical Paths under _main in BANK1

    None.

Critical Paths under _main in BANK2

    None.

Critical Paths under _main in BANK3

    None.

Critical Paths under _main in BANK4

    None.

Critical Paths under _main in BANK5

    None.

Critical Paths under _main in BANK6

    None.

Critical Paths under _main in BANK7

    None.

Call Graph Tables:

 ---------------------------------------------------------------------------------
 (Depth) Function   	        Calls       Base Space   Used Autos Params    Refs
 ---------------------------------------------------------------------------------
 (0) _main                                                 3     3      0      60
                                              0 COMRAM     3     3      0
 ---------------------------------------------------------------------------------
 Estimated maximum stack depth 0
 ---------------------------------------------------------------------------------

 Call Graph Graphs:

 _main (ROOT)

 Address spaces:
Name               Size   Autos  Total    Cost      Usage
BIGRAM             7FF      0       0      21        0.0%
EEDATA             100      0       0       0        0.0%
BITBANK7           100      0       0      18        0.0%
BANK7              100      0       0      19        0.0%
BITBANK6           100      0       0      16        0.0%
BANK6              100      0       0      17        0.0%
BITBANK5           100      0       0      14        0.0%
BANK5              100      0       0      15        0.0%
BITBANK4           100      0       0      12        0.0%
BANK4              100      0       0      13        0.0%
BITBANK3           100      0       0      10        0.0%
BANK3              100      0       0      11        0.0%
BITBANK2           100      0       0       8        0.0%
BANK2              100      0       0       9        0.0%
BITBANK1           100      0       0       6        0.0%
BANK1              100      0       0       7        0.0%
BITBANK0            A0      0       0       4        0.0%
BANK0               A0      0       0       5        0.0%
BITCOMRAM           5F      0       1       0        1.1%
COMRAM              5F      3       4       1        4.2%
BITSFR               0      0       0     200        0.0%
SFR                  0      0       0     200        0.0%
STACK                0      0       0       2        0.0%
NULL                 0      0       0       0        0.0%
ABS                  0      0       4      20        0.0%
DATA                 0      0       4       3        0.0%
CODE                 0      0       0       0        0.0%


Microchip Technology PIC18 Macro Assembler V1.45 build -152302408 
Symbol Table                                                                                   Thu May 31 00:37:07 2018

                     l24 08E8                       l32 089A                       l41 08E6  
                     l33 08A4                       l25 0878                       l34 08A0  
                     l27 087C                       l36 08B8                       l28 0884  
                     l37 08B4                       l29 0886                       l39 08C2  
                     u70 08E0              __CFG_BORV$3 000000             __CFG_CP0$OFF 000000  
           __CFG_CP1$OFF 000000             __CFG_CP2$OFF 000000             __CFG_CP3$OFF 000000  
           __CFG_CPB$OFF 000000             __CFG_CPD$OFF 000000             __CFG_BOR$OFF 000000  
           __CFG_FOSC$HS 000000             __CFG_LVP$OFF 000000             __CFG_WDT$OFF 000000  
                   _LATB 000F8A                     _main 0868                     prodh 000FF4  
                   prodl 000FF3                     start 0000            __CFG_IESO$OFF 000000  
          __CFG_MCLRE$ON 000000             ___param_bank 000000            __CFG_PLLDIV$1 000000  
         __CFG_CCP2MX$ON 000000                    ?_main 0001                    _CMCON 000FB4  
                  _PORTA 000F80            __CFG_USBDIV$1 000000                    _TRISA 000F92  
                  _TRISB 000F93            __CFG_PWRT$OFF 000000            __CFG_WRT0$OFF 000000  
          __CFG_WRT1$OFF 000000            __CFG_WRT2$OFF 000000            __CFG_WRT3$OFF 000000  
         __CFG_EBTR0$OFF 000000           __CFG_FCMEN$OFF 000000           __CFG_EBTR1$OFF 000000  
         __CFG_EBTR2$OFF 000000           __CFG_EBTR3$OFF 000000            __CFG_WRTB$OFF 000000  
          __CFG_WRTC$OFF 000000            __CFG_WRTD$OFF 000000           __CFG_EBTRB$OFF 000000  
                  main@i 0003           __pbitbssCOMRAM 0020                    tablat 000FF5  
                  status 000FD8           __CFG_ICPRT$OFF 000000          __initialization 0914  
           __end_of_main 0914                   ??_main 0001            __activetblptr 000002  
                 _ADCON1 000FC1           __CFG_XINST$OFF 000000           __CFG_STVREN$ON 000000  
           __mediumconst 0000                   tblptrh 000FF7                   tblptrl 000FF6  
                 tblptru 000FF8               __accesstop 0060  __end_of__initialization 0916  
        __CFG_PBADEN$OFF 000000            ___rparam_used 000001           __pcstackCOMRAM 0001  
        __CFG_VREGEN$OFF 000000                  __Hparam 0000                  __Lparam 0000  
           __psmallconst 0800                  __pcinit 0914                  __ramtop 0800  
                __ptext0 0868     end_of_initialization 0916            __Lmediumconst 0000  
    start_initialization 0914         __CFG_LPT1OSC$OFF 000000              __smallconst 0800  
       __CFG_WDTPS$32768 000000                 __Hrparam 0000      __end_of_sinWaveForm 0866  
               __Lrparam 0000            __size_of_main 00AC                 main@flag 0020  
  __CFG_CPUDIV$OSC1_PLL2 000000              _sinWaveForm 0801  
