

Microchip Technology PIC18 LITE Macro Assembler V1.45 build -152302408 
                                                                                               Tue Apr 17 14:11:20 2018

Microchip Technology Omniscient Code Generator v1.45 (Free mode) build 201711160504
     1                           	processor	18F4550
     2                           	fnconf	rparam,??,?,0
     3                           	opt	pw 120
     4                           	opt	lm
     5                           	psect	cinit,global,reloc=2,class=CODE,delta=1
     6                           	psect	cstackCOMRAM,global,class=COMRAM,space=1,delta=1,noexec
     7                           	psect	text0,global,reloc=2,class=CODE,delta=1
     8                           	psect	intcodelo,global,reloc=2,class=CODE,delta=1
     9                           	psect	intcode,global,reloc=2,class=CODE,delta=1
    10                           	psect	intcode_body,global,reloc=2,class=CODE,delta=1
    11                           	psect	intsave_regs,global,class=BIGRAM,space=1,delta=1,noexec
    12                           	psect	rparam,global,class=COMRAM,space=1,delta=1,noexec
    13                           	psect	temp,global,ovrld,common,class=COMRAM,space=1,delta=1
    14  0000                     
    15                           ; Version 1.45
    16                           ; Generated 16/11/2017 GMT
    17                           ; 
    18                           ; Copyright © 2017, Microchip Technology Inc. and its subsidiaries ("Microchip")
    19                           ; All rights reserved.
    20                           ; 
    21                           ; This software is developed by Microchip Technology Inc. and its subsidiaries ("Microch
      +                          ip").
    22                           ; 
    23                           ; Redistribution and use in source and binary forms, with or without modification, are
    24                           ; permitted provided that the following conditions are met:
    25                           ; 
    26                           ;     1. Redistributions of source code must retain the above copyright notice, this lis
      +                          t of
    27                           ;        conditions and the following disclaimer.
    28                           ; 
    29                           ;     2. Redistributions in binary form must reproduce the above copyright notice, this 
      +                          list
    30                           ;        of conditions and the following disclaimer in the documentation and/or other
    31                           ;        materials provided with the distribution.
    32                           ; 
    33                           ;     3. Microchip's name may not be used to endorse or promote products derived from th
      +                          is
    34                           ;        software without specific prior written permission.
    35                           ; 
    36                           ; THIS SOFTWARE IS PROVIDED BY MICROCHIP "AS IS" AND ANY EXPRESS OR IMPLIED WARRANTIES,
    37                           ; INCLUDING, BUT NOT LIMITED TO, THE IMPLIED WARRANTIES OF MERCHANTABILITY AND FITNESS F
      +                          OR
    38                           ; PURPOSE ARE DISCLAIMED.  IN NO EVENT SHALL MICROCHIP BE LIABLE FOR ANY DIRECT, INDIREC
      +                          T,
    39                           ; INCIDENTAL, SPECIAL, EXEMPLARY, OR CONSEQUENTIAL DAMAGES (INCLUDING BUT NOT LIMITED TO
    40                           ; PROCUREMENT OF SUBSTITUTE GOODS OR SERVICES; LOSS OF USE, DATA OR PROFITS; OR BUSINESS
    41                           ; INTERRUPTION) HOWSOEVER CAUSED AND ON ANY THEORY OF LIABILITY, WHETHER IN CONTRACT, ST
      +                          RICT
    42                           ; LIABILITY, OR TORT (INCLUDING NEGLIGENCE OR OTHERWISE) ARISING IN ANY WAY OUT OF THE U
      +                          SE OF
    43                           ; THIS SOFTWARE, EVEN IF ADVISED OF THE POSSIBILITY OF SUCH DAMAGE.
    44                           ; 
    45                           ; 
    46                           ; Code-generator required, PIC18F4550 Definitions
    47                           ; 
    48                           ; SFR Addresses
    49  0000                     _RCONbits	set	4048
    50  0000                     _INTCON2bits	set	4081
    51  0000                     _TRISBbits	set	3987
    52  0000                     _INTCONbits	set	4082
    53  0000                     _LATBbits	set	3978
    54  0000                     _INTCON3bits	set	4080
    55                           
    56                           ; #config settings
    57  0000                     
    58                           	psect	cinit
    59  0001C6                     __pcinit:
    60                           	opt stack 0
    61  0001C6                     start_initialization:
    62                           	opt stack 0
    63  0001C6                     __initialization:
    64                           	opt stack 0
    65  0001C6                     end_of_initialization:
    66                           	opt stack 0
    67  0001C6                     __end_of__initialization:
    68                           	opt stack 0
    69  0001C6  902C               	bcf	int$flags,0,c	;clear compiler interrupt flag (level 1)
    70  0001C8  922C               	bcf	int$flags,1,c	;clear compiler interrupt flag (level 2)
    71  0001CA  0100               	movlb	0
    72  0001CC  EFD0  F000         	goto	_main	;jump to C main() function
    73                           
    74                           	psect	cstackCOMRAM
    75  000001                     __pcstackCOMRAM:
    76                           	opt stack 0
    77  000001                     ??_RSI_int1:
    78  000001                     
    79                           ; 1 bytes @ 0x0
    80  000001                     	ds	20
    81  000015                     ??_RSI_int2:
    82                           
    83                           ; 1 bytes @ 0x14
    84  000015                     	ds	23
    85  00002C                     
    86                           ; 1 bytes @ 0x2B
    87 ;;
    88 ;;Main: autosize = 0, tempsize = 0, incstack = 0, save=0
    89 ;;
    90 ;; *************** function _main *****************
    91 ;; Defined at:
    92 ;;		line 96 in file "main.c"
    93 ;; Parameters:    Size  Location     Type
    94 ;;		None
    95 ;; Auto vars:     Size  Location     Type
    96 ;;		None
    97 ;; Return value:  Size  Location     Type
    98 ;;                  1    wreg      void 
    99 ;; Registers used:
   100 ;;		None
   101 ;; Tracked objects:
   102 ;;		On entry : 0/0
   103 ;;		On exit  : 0/0
   104 ;;		Unchanged: 0/0
   105 ;; Data sizes:     COMRAM   BANK0   BANK1   BANK2   BANK3   BANK4   BANK5   BANK6   BANK7
   106 ;;      Params:         0       0       0       0       0       0       0       0       0
   107 ;;      Locals:         0       0       0       0       0       0       0       0       0
   108 ;;      Temps:          0       0       0       0       0       0       0       0       0
   109 ;;      Totals:         0       0       0       0       0       0       0       0       0
   110 ;;Total ram usage:        0 bytes
   111 ;; Hardware stack levels required when called:    2
   112 ;; This function calls:
   113 ;;		Nothing
   114 ;; This function is called by:
   115 ;;		Startup code after reset
   116 ;; This function uses a non-reentrant model
   117 ;;
   118                           
   119                           	psect	text0
   120  0001A0                     __ptext0:
   121                           	opt stack 0
   122  0001A0                     _main:
   123                           	opt stack 29
   124                           
   125                           ;main.c: 97: INTCONbits.GIEH=0;
   126                           
   127                           ;incstack = 0
   128  0001A0  9EF2               	bcf	intcon,7,c	;volatile
   129                           
   130                           ;main.c: 98: TRISBbits.RB1 = 1;
   131  0001A2  8293               	bsf	3987,1,c	;volatile
   132                           
   133                           ;main.c: 99: TRISBbits.RB2 = 1;
   134  0001A4  8493               	bsf	3987,2,c	;volatile
   135                           
   136                           ;main.c: 100: TRISBbits.RB5 = 0;
   137  0001A6  9A93               	bcf	3987,5,c	;volatile
   138                           
   139                           ;main.c: 101: TRISBbits.RB6 = 0;
   140  0001A8  9C93               	bcf	3987,6,c	;volatile
   141                           
   142                           ;main.c: 102: LATBbits.LB5 = 0;
   143  0001AA  9A8A               	bcf	3978,5,c	;volatile
   144                           
   145                           ;main.c: 103: LATBbits.LB6 = 0;
   146  0001AC  9C8A               	bcf	3978,6,c	;volatile
   147                           
   148                           ;main.c: 105: INTCON3bits.INT1IF = 0;
   149  0001AE  90F0               	bcf	intcon3,0,c	;volatile
   150                           
   151                           ;main.c: 106: INTCON3bits.INT1IE = 1;
   152  0001B0  86F0               	bsf	intcon3,3,c	;volatile
   153                           
   154                           ;main.c: 107: INTCON3bits.INT1IP = 1;
   155  0001B2  8CF0               	bsf	intcon3,6,c	;volatile
   156                           
   157                           ;main.c: 109: INTCON2bits.INTEDG1 = 1;
   158  0001B4  8AF1               	bsf	intcon2,5,c	;volatile
   159                           
   160                           ;main.c: 111: INTCON3bits.INT2IF = 0;
   161  0001B6  92F0               	bcf	intcon3,1,c	;volatile
   162                           
   163                           ;main.c: 112: INTCON3bits.INT2IE = 1;
   164  0001B8  88F0               	bsf	intcon3,4,c	;volatile
   165                           
   166                           ;main.c: 113: INTCON3bits.INT2IP = 0;
   167  0001BA  9EF0               	bcf	intcon3,7,c	;volatile
   168                           
   169                           ;main.c: 115: INTCON2bits.INTEDG2 = 1;
   170  0001BC  88F1               	bsf	intcon2,4,c	;volatile
   171                           
   172                           ;main.c: 117: RCONbits.IPEN = 1;
   173  0001BE  8ED0               	bsf	4048,7,c	;volatile
   174                           
   175                           ;main.c: 119: INTCONbits.GIEL = 1;
   176  0001C0  8CF2               	bsf	intcon,6,c	;volatile
   177                           
   178                           ;main.c: 120: INTCONbits.GIEH = 1;
   179  0001C2  8EF2               	bsf	intcon,7,c	;volatile
   180  0001C4                     l31:
   181  0001C4  D7FF               	goto	l31
   182  0001C6                     __end_of_main:
   183                           	opt stack 0
   184                           intcon	equ	0xFF2
   185                           intcon2	equ	0xFF1
   186                           intcon3	equ	0xFF0
   187                           
   188 ;; *************** function _RSI_int2 *****************
   189 ;; Defined at:
   190 ;;		line 88 in file "main.c"
   191 ;; Parameters:    Size  Location     Type
   192 ;;		None
   193 ;; Auto vars:     Size  Location     Type
   194 ;;		None
   195 ;; Return value:  Size  Location     Type
   196 ;;                  1    wreg      void 
   197 ;; Registers used:
   198 ;;		wreg
   199 ;; Tracked objects:
   200 ;;		On entry : 0/0
   201 ;;		On exit  : 0/0
   202 ;;		Unchanged: 0/0
   203 ;; Data sizes:     COMRAM   BANK0   BANK1   BANK2   BANK3   BANK4   BANK5   BANK6   BANK7
   204 ;;      Params:         0       0       0       0       0       0       0       0       0
   205 ;;      Locals:         0       0       0       0       0       0       0       0       0
   206 ;;      Temps:         23       0       0       0       0       0       0       0       0
   207 ;;      Totals:        23       0       0       0       0       0       0       0       0
   208 ;;Total ram usage:       23 bytes
   209 ;; Hardware stack levels used:    1
   210 ;; Hardware stack levels required when called:    1
   211 ;; This function calls:
   212 ;;		Nothing
   213 ;; This function is called by:
   214 ;;		Interrupt level 1
   215 ;; This function uses a non-reentrant model
   216 ;;
   217                           
   218                           	psect	intcodelo
   219  000018                     __pintcodelo:
   220                           	opt stack 0
   221  000018                     _RSI_int2:
   222                           	opt stack 29
   223                           
   224                           ;incstack = 0
   225  000018  802C               	bsf	btemp,0,c	;set compiler interrupt flag (level 1)
   226  00001A  CFD8 F017          	movff	status,??_RSI_int2+2
   227  00001E  CFE8 F018          	movff	wreg,??_RSI_int2+3
   228  000022  CFE0 F019          	movff	bsr,??_RSI_int2+4
   229  000026  CFFA F01A          	movff	pclath,??_RSI_int2+5
   230  00002A  CFFB F01B          	movff	pclatu,??_RSI_int2+6
   231  00002E  CFE9 F01C          	movff	fsr0l,??_RSI_int2+7
   232  000032  CFEA F01D          	movff	fsr0h,??_RSI_int2+8
   233  000036  CFE1 F01E          	movff	fsr1l,??_RSI_int2+9
   234  00003A  CFE2 F01F          	movff	fsr1h,??_RSI_int2+10
   235  00003E  CFD9 F020          	movff	fsr2l,??_RSI_int2+11
   236  000042  CFDA F021          	movff	fsr2h,??_RSI_int2+12
   237  000046  CFF3 F022          	movff	prodl,??_RSI_int2+13
   238  00004A  CFF4 F023          	movff	prodh,??_RSI_int2+14
   239  00004E  CFF6 F024          	movff	tblptrl,??_RSI_int2+15
   240  000052  CFF7 F025          	movff	tblptrh,??_RSI_int2+16
   241  000056  CFF8 F026          	movff	tblptru,??_RSI_int2+17
   242  00005A  CFF5 F027          	movff	tablat,??_RSI_int2+18
   243  00005E  C02C  F028         	movff	btemp,??_RSI_int2+19
   244  000062  C02D  F029         	movff	btemp+1,??_RSI_int2+20
   245  000066  C02E  F02A         	movff	btemp+2,??_RSI_int2+21
   246  00006A  C02F  F02B         	movff	btemp+3,??_RSI_int2+22
   247                           
   248                           ;main.c: 89: if(INTCON3bits.INT2IF){
   249  00006E  A2F0               	btfss	intcon3,1,c	;volatile
   250  000070  D00E               	goto	i1l25
   251                           
   252                           ;main.c: 90: LATBbits.LB6 = 1;
   253  000072  8C8A               	bsf	3978,6,c	;volatile
   254                           
   255                           ;main.c: 91: _delay((unsigned long)((5000)*(20000000/4000.0)));
   256  000074  0E7F               	movlw	127
   257  000076  6E16               	movwf	(??_RSI_int2+1)& (0+255),c
   258  000078  0ED4               	movlw	212
   259  00007A  6E15               	movwf	??_RSI_int2& (0+255),c
   260  00007C  0E32               	movlw	50
   261  00007E                     i1u3_27:
   262  00007E  2EE8               	decfsz	wreg,f,c
   263  000080  D7FE               	bra	i1u3_27
   264  000082  2E15               	decfsz	??_RSI_int2& (0+255),f,c
   265  000084  D7FC               	bra	i1u3_27
   266  000086  2E16               	decfsz	(??_RSI_int2+1)& (0+255),f,c
   267  000088  D7FA               	bra	i1u3_27
   268                           
   269                           ;main.c: 92: LATBbits.LB6 = 0;
   270  00008A  9C8A               	bcf	3978,6,c	;volatile
   271                           
   272                           ;main.c: 93: INTCON3bits.INT2IF = 0;
   273  00008C  92F0               	bcf	intcon3,1,c	;volatile
   274  00008E                     i1l25:
   275  00008E  C02B  F02F         	movff	??_RSI_int2+22,btemp+3
   276  000092  C02A  F02E         	movff	??_RSI_int2+21,btemp+2
   277  000096  C029  F02D         	movff	??_RSI_int2+20,btemp+1
   278  00009A  C028  F02C         	movff	??_RSI_int2+19,btemp
   279  00009E  C027  FFF5         	movff	??_RSI_int2+18,tablat
   280  0000A2  C026  FFF8         	movff	??_RSI_int2+17,tblptru
   281  0000A6  C025  FFF7         	movff	??_RSI_int2+16,tblptrh
   282  0000AA  C024  FFF6         	movff	??_RSI_int2+15,tblptrl
   283  0000AE  C023  FFF4         	movff	??_RSI_int2+14,prodh
   284  0000B2  C022  FFF3         	movff	??_RSI_int2+13,prodl
   285  0000B6  C021  FFDA         	movff	??_RSI_int2+12,fsr2h
   286  0000BA  C020  FFD9         	movff	??_RSI_int2+11,fsr2l
   287  0000BE  C01F  FFE2         	movff	??_RSI_int2+10,fsr1h
   288  0000C2  C01E  FFE1         	movff	??_RSI_int2+9,fsr1l
   289  0000C6  C01D  FFEA         	movff	??_RSI_int2+8,fsr0h
   290  0000CA  C01C  FFE9         	movff	??_RSI_int2+7,fsr0l
   291  0000CE  C01B  FFFB         	movff	??_RSI_int2+6,pclatu
   292  0000D2  C01A  FFFA         	movff	??_RSI_int2+5,pclath
   293  0000D6  C019  FFE0         	movff	??_RSI_int2+4,bsr
   294  0000DA  C018  FFE8         	movff	??_RSI_int2+3,wreg
   295  0000DE  C017  FFD8         	movff	??_RSI_int2+2,status
   296  0000E2  902C               	bcf	btemp,0,c	;clear compiler interrupt flag (level 1)
   297  0000E4  0010               	retfie	
   298  0000E6                     __end_of_RSI_int2:
   299                           	opt stack 0
   300                           pclatu	equ	0xFFB
   301                           pclath	equ	0xFFA
   302                           tblptru	equ	0xFF8
   303                           tblptrh	equ	0xFF7
   304                           tblptrl	equ	0xFF6
   305                           tablat	equ	0xFF5
   306                           prodh	equ	0xFF4
   307                           prodl	equ	0xFF3
   308                           intcon	equ	0xFF2
   309                           intcon2	equ	0xFF1
   310                           intcon3	equ	0xFF0
   311                           fsr0h	equ	0xFEA
   312                           fsr0l	equ	0xFE9
   313                           wreg	equ	0xFE8
   314                           fsr1h	equ	0xFE2
   315                           fsr1l	equ	0xFE1
   316                           bsr	equ	0xFE0
   317                           fsr2h	equ	0xFDA
   318                           fsr2l	equ	0xFD9
   319                           status	equ	0xFD8
   320                           
   321 ;; *************** function _RSI_int1 *****************
   322 ;; Defined at:
   323 ;;		line 80 in file "main.c"
   324 ;; Parameters:    Size  Location     Type
   325 ;;		None
   326 ;; Auto vars:     Size  Location     Type
   327 ;;		None
   328 ;; Return value:  Size  Location     Type
   329 ;;                  1    wreg      void 
   330 ;; Registers used:
   331 ;;		wreg
   332 ;; Tracked objects:
   333 ;;		On entry : 0/0
   334 ;;		On exit  : 0/0
   335 ;;		Unchanged: 0/0
   336 ;; Data sizes:     COMRAM   BANK0   BANK1   BANK2   BANK3   BANK4   BANK5   BANK6   BANK7
   337 ;;      Params:         0       0       0       0       0       0       0       0       0
   338 ;;      Locals:         0       0       0       0       0       0       0       0       0
   339 ;;      Temps:         20       0       0       0       0       0       0       0       0
   340 ;;      Totals:        20       0       0       0       0       0       0       0       0
   341 ;;Total ram usage:       20 bytes
   342 ;; Hardware stack levels used:    1
   343 ;; This function calls:
   344 ;;		Nothing
   345 ;; This function is called by:
   346 ;;		Interrupt level 2
   347 ;; This function uses a non-reentrant model
   348 ;;
   349                           
   350                           	psect	intcode
   351  000008                     __pintcode:
   352                           	opt stack 0
   353  000008                     _RSI_int1:
   354                           	opt stack 29
   355                           
   356                           ;incstack = 0
   357  000008  822C               	bsf	btemp,1,c	;set compiler interrupt flag (level 2)
   358  00000A  ED75  F000         	call	int_func,f	;refresh shadow registers
   359                           pclatu	equ	0xFFB
   360                           pclath	equ	0xFFA
   361                           tblptru	equ	0xFF8
   362                           tblptrh	equ	0xFF7
   363                           tblptrl	equ	0xFF6
   364                           tablat	equ	0xFF5
   365                           prodh	equ	0xFF4
   366                           prodl	equ	0xFF3
   367                           intcon	equ	0xFF2
   368                           intcon2	equ	0xFF1
   369                           intcon3	equ	0xFF0
   370                           fsr0h	equ	0xFEA
   371                           fsr0l	equ	0xFE9
   372                           wreg	equ	0xFE8
   373                           fsr1h	equ	0xFE2
   374                           fsr1l	equ	0xFE1
   375                           bsr	equ	0xFE0
   376                           fsr2h	equ	0xFDA
   377                           fsr2l	equ	0xFD9
   378                           status	equ	0xFD8
   379                           
   380                           	psect	intcode_body
   381  0000EA                     __pintcode_body:
   382                           	opt stack 29
   383  0000EA                     int_func:
   384                           	opt stack 29
   385  0000EA  0006               	pop		; remove dummy address from shadow register refresh
   386  0000EC  CFFA F003          	movff	pclath,??_RSI_int1+2
   387  0000F0  CFFB F004          	movff	pclatu,??_RSI_int1+3
   388  0000F4  CFE9 F005          	movff	fsr0l,??_RSI_int1+4
   389  0000F8  CFEA F006          	movff	fsr0h,??_RSI_int1+5
   390  0000FC  CFE1 F007          	movff	fsr1l,??_RSI_int1+6
   391  000100  CFE2 F008          	movff	fsr1h,??_RSI_int1+7
   392  000104  CFD9 F009          	movff	fsr2l,??_RSI_int1+8
   393  000108  CFDA F00A          	movff	fsr2h,??_RSI_int1+9
   394  00010C  CFF3 F00B          	movff	prodl,??_RSI_int1+10
   395  000110  CFF4 F00C          	movff	prodh,??_RSI_int1+11
   396  000114  CFF6 F00D          	movff	tblptrl,??_RSI_int1+12
   397  000118  CFF7 F00E          	movff	tblptrh,??_RSI_int1+13
   398  00011C  CFF8 F00F          	movff	tblptru,??_RSI_int1+14
   399  000120  CFF5 F010          	movff	tablat,??_RSI_int1+15
   400  000124  C02C  F011         	movff	btemp,??_RSI_int1+16
   401  000128  C02D  F012         	movff	btemp+1,??_RSI_int1+17
   402  00012C  C02E  F013         	movff	btemp+2,??_RSI_int1+18
   403  000130  C02F  F014         	movff	btemp+3,??_RSI_int1+19
   404                           
   405                           ;main.c: 81: if(INTCON3bits.INT1IF){
   406  000134  A0F0               	btfss	intcon3,0,c	;volatile
   407  000136  D00E               	goto	i2l19
   408                           
   409                           ;main.c: 82: LATBbits.LB5 = 1;
   410  000138  8A8A               	bsf	3978,5,c	;volatile
   411                           
   412                           ;main.c: 83: _delay((unsigned long)((5000)*(20000000/4000.0)));
   413  00013A  0E7F               	movlw	127
   414  00013C  6E02               	movwf	(??_RSI_int1+1)& (0+255),c
   415  00013E  0ED4               	movlw	212
   416  000140  6E01               	movwf	??_RSI_int1& (0+255),c
   417  000142  0E32               	movlw	50
   418  000144                     i2u4_47:
   419  000144  2EE8               	decfsz	wreg,f,c
   420  000146  D7FE               	bra	i2u4_47
   421  000148  2E01               	decfsz	??_RSI_int1& (0+255),f,c
   422  00014A  D7FC               	bra	i2u4_47
   423  00014C  2E02               	decfsz	(??_RSI_int1+1)& (0+255),f,c
   424  00014E  D7FA               	bra	i2u4_47
   425                           
   426                           ;main.c: 84: LATBbits.LB5 = 0;
   427  000150  9A8A               	bcf	3978,5,c	;volatile
   428                           
   429                           ;main.c: 85: INTCON3bits.INT1IF = 0;
   430  000152  90F0               	bcf	intcon3,0,c	;volatile
   431  000154                     i2l19:
   432  000154  C014  F02F         	movff	??_RSI_int1+19,btemp+3
   433  000158  C013  F02E         	movff	??_RSI_int1+18,btemp+2
   434  00015C  C012  F02D         	movff	??_RSI_int1+17,btemp+1
   435  000160  C011  F02C         	movff	??_RSI_int1+16,btemp
   436  000164  C010  FFF5         	movff	??_RSI_int1+15,tablat
   437  000168  C00F  FFF8         	movff	??_RSI_int1+14,tblptru
   438  00016C  C00E  FFF7         	movff	??_RSI_int1+13,tblptrh
   439  000170  C00D  FFF6         	movff	??_RSI_int1+12,tblptrl
   440  000174  C00C  FFF4         	movff	??_RSI_int1+11,prodh
   441  000178  C00B  FFF3         	movff	??_RSI_int1+10,prodl
   442  00017C  C00A  FFDA         	movff	??_RSI_int1+9,fsr2h
   443  000180  C009  FFD9         	movff	??_RSI_int1+8,fsr2l
   444  000184  C008  FFE2         	movff	??_RSI_int1+7,fsr1h
   445  000188  C007  FFE1         	movff	??_RSI_int1+6,fsr1l
   446  00018C  C006  FFEA         	movff	??_RSI_int1+5,fsr0h
   447  000190  C005  FFE9         	movff	??_RSI_int1+4,fsr0l
   448  000194  C004  FFFB         	movff	??_RSI_int1+3,pclatu
   449  000198  C003  FFFA         	movff	??_RSI_int1+2,pclath
   450  00019C  922C               	bcf	btemp,1,c	;clear compiler interrupt flag (level 2)
   451  00019E  0011               	retfie		f
   452  0001A0                     __end_of_RSI_int1:
   453                           	opt stack 0
   454  0000                     pclatu	equ	0xFFB
   455                           pclath	equ	0xFFA
   456                           tblptru	equ	0xFF8
   457                           tblptrh	equ	0xFF7
   458                           tblptrl	equ	0xFF6
   459                           tablat	equ	0xFF5
   460                           prodh	equ	0xFF4
   461                           prodl	equ	0xFF3
   462                           intcon	equ	0xFF2
   463                           intcon2	equ	0xFF1
   464                           intcon3	equ	0xFF0
   465                           fsr0h	equ	0xFEA
   466                           fsr0l	equ	0xFE9
   467                           wreg	equ	0xFE8
   468                           fsr1h	equ	0xFE2
   469                           fsr1l	equ	0xFE1
   470                           bsr	equ	0xFE0
   471                           fsr2h	equ	0xFDA
   472                           fsr2l	equ	0xFD9
   473                           status	equ	0xFD8
   474                           pclatu	equ	0xFFB
   475                           pclath	equ	0xFFA
   476                           tblptru	equ	0xFF8
   477                           tblptrh	equ	0xFF7
   478                           tblptrl	equ	0xFF6
   479                           tablat	equ	0xFF5
   480                           prodh	equ	0xFF4
   481                           prodl	equ	0xFF3
   482                           intcon	equ	0xFF2
   483                           intcon2	equ	0xFF1
   484                           intcon3	equ	0xFF0
   485                           fsr0h	equ	0xFEA
   486                           fsr0l	equ	0xFE9
   487                           wreg	equ	0xFE8
   488                           fsr1h	equ	0xFE2
   489                           fsr1l	equ	0xFE1
   490                           bsr	equ	0xFE0
   491                           fsr2h	equ	0xFDA
   492                           fsr2l	equ	0xFD9
   493                           status	equ	0xFD8
   494                           
   495                           	psect	rparam
   496  0000                     pclatu	equ	0xFFB
   497                           pclath	equ	0xFFA
   498                           tblptru	equ	0xFF8
   499                           tblptrh	equ	0xFF7
   500                           tblptrl	equ	0xFF6
   501                           tablat	equ	0xFF5
   502                           prodh	equ	0xFF4
   503                           prodl	equ	0xFF3
   504                           intcon	equ	0xFF2
   505                           intcon2	equ	0xFF1
   506                           intcon3	equ	0xFF0
   507                           fsr0h	equ	0xFEA
   508                           fsr0l	equ	0xFE9
   509                           wreg	equ	0xFE8
   510                           fsr1h	equ	0xFE2
   511                           fsr1l	equ	0xFE1
   512                           bsr	equ	0xFE0
   513                           fsr2h	equ	0xFDA
   514                           fsr2l	equ	0xFD9
   515                           status	equ	0xFD8
   516                           
   517                           	psect	temp
   518  00002C                     btemp:
   519                           	opt stack 0
   520  00002C                     	ds	1
   521  0000                     int$flags	set	btemp
   522  0000                     wtemp6	set	btemp+1
   523                           pclatu	equ	0xFFB
   524                           pclath	equ	0xFFA
   525                           tblptru	equ	0xFF8
   526                           tblptrh	equ	0xFF7
   527                           tblptrl	equ	0xFF6
   528                           tablat	equ	0xFF5
   529                           prodh	equ	0xFF4
   530                           prodl	equ	0xFF3
   531                           intcon	equ	0xFF2
   532                           intcon2	equ	0xFF1
   533                           intcon3	equ	0xFF0
   534                           fsr0h	equ	0xFEA
   535                           fsr0l	equ	0xFE9
   536                           wreg	equ	0xFE8
   537                           fsr1h	equ	0xFE2
   538                           fsr1l	equ	0xFE1
   539                           bsr	equ	0xFE0
   540                           fsr2h	equ	0xFDA
   541                           fsr2l	equ	0xFD9
   542                           status	equ	0xFD8


Data Sizes:
    Strings     0
    Constant    0
    Data        0
    BSS         0
    Persistent  0
    Stack       0

Auto Spaces:
    Space          Size  Autos    Used
    COMRAM           94     43      43
    BANK0           160      0       0
    BANK1           256      0       0
    BANK2           256      0       0
    BANK3           256      0       0
    BANK4           256      0       0
    BANK5           256      0       0
    BANK6           256      0       0
    BANK7           256      0       0

Pointer List with Targets:

    None.

Critical Paths under _main in COMRAM

    None.

Critical Paths under _RSI_int2 in COMRAM

    None.

Critical Paths under _RSI_int1 in COMRAM

    None.

Critical Paths under _main in BANK0

    None.

Critical Paths under _RSI_int2 in BANK0

    None.

Critical Paths under _RSI_int1 in BANK0

    None.

Critical Paths under _main in BANK1

    None.

Critical Paths under _RSI_int2 in BANK1

    None.

Critical Paths under _RSI_int1 in BANK1

    None.

Critical Paths under _main in BANK2

    None.

Critical Paths under _RSI_int2 in BANK2

    None.

Critical Paths under _RSI_int1 in BANK2

    None.

Critical Paths under _main in BANK3

    None.

Critical Paths under _RSI_int2 in BANK3

    None.

Critical Paths under _RSI_int1 in BANK3

    None.

Critical Paths under _main in BANK4

    None.

Critical Paths under _RSI_int2 in BANK4

    None.

Critical Paths under _RSI_int1 in BANK4

    None.

Critical Paths under _main in BANK5

    None.

Critical Paths under _RSI_int2 in BANK5

    None.

Critical Paths under _RSI_int1 in BANK5

    None.

Critical Paths under _main in BANK6

    None.

Critical Paths under _RSI_int2 in BANK6

    None.

Critical Paths under _RSI_int1 in BANK6

    None.

Critical Paths under _main in BANK7

    None.

Critical Paths under _RSI_int2 in BANK7

    None.

Critical Paths under _RSI_int1 in BANK7

    None.

Call Graph Tables:

 ---------------------------------------------------------------------------------
 (Depth) Function   	        Calls       Base Space   Used Autos Params    Refs
 ---------------------------------------------------------------------------------
 (0) _main                                                 0     0      0       0
 ---------------------------------------------------------------------------------
 Estimated maximum stack depth 0
 ---------------------------------------------------------------------------------
 (Depth) Function   	        Calls       Base Space   Used Autos Params    Refs
 ---------------------------------------------------------------------------------
 (1) _RSI_int2                                            23    23      0       0
                                             20 COMRAM    23    23      0
 ---------------------------------------------------------------------------------
 Estimated maximum stack depth 1
 ---------------------------------------------------------------------------------
 (Depth) Function   	        Calls       Base Space   Used Autos Params    Refs
 ---------------------------------------------------------------------------------
 (2) _RSI_int1                                            20    20      0       0
                                              0 COMRAM    20    20      0
 ---------------------------------------------------------------------------------
 Estimated maximum stack depth 2
 ---------------------------------------------------------------------------------

 Call Graph Graphs:

 _main (ROOT)

 _RSI_int2 (ROOT)

 _RSI_int1 (ROOT)

 Address spaces:
Name               Size   Autos  Total    Cost      Usage
BITCOMRAM           5E      0       0       0        0.0%
EEDATA             100      0       0       0        0.0%
NULL                 0      0       0       0        0.0%
CODE                 0      0       0       0        0.0%
COMRAM              5E     2B      2B       1       45.7%
STACK                0      0       0       2        0.0%
DATA                 0      0       0       3        0.0%
BITBANK0            A0      0       0       4        0.0%
BANK0               A0      0       0       5        0.0%
BITBANK1           100      0       0       6        0.0%
BANK1              100      0       0       7        0.0%
BITBANK2           100      0       0       8        0.0%
BANK2              100      0       0       9        0.0%
BITBANK3           100      0       0      10        0.0%
BANK3              100      0       0      11        0.0%
BITBANK4           100      0       0      12        0.0%
BANK4              100      0       0      13        0.0%
BITBANK5           100      0       0      14        0.0%
BANK5              100      0       0      15        0.0%
BITBANK6           100      0       0      16        0.0%
BANK6              100      0       0      17        0.0%
BITBANK7           100      0       0      18        0.0%
BANK7              100      0       0      19        0.0%
ABS                  0      0       0      20        0.0%
BIGRAM             7FF      0       0      21        0.0%
BITSFR               0      0       0     200        0.0%
SFR                  0      0       0     200        0.0%


Microchip Technology PIC18 Macro Assembler V1.45 build -152302408 
Symbol Table                                                                                   Tue Apr 17 14:11:20 2018

                     l31 01C4                       bsr 000FE0              __CFG_BORV$3 000000  
           __CFG_CP0$OFF 000000             __CFG_CP1$OFF 000000             __CFG_CP2$OFF 000000  
           __CFG_CP3$OFF 000000             __CFG_CPB$OFF 000000             __CFG_CPD$OFF 000000  
           __CFG_BOR$OFF 000000                      wreg 000FE8             __CFG_FOSC$HS 000000  
           __CFG_LVP$OFF 000000             __CFG_WDT$OFF 000000                     i1l25 008E  
                   i2l19 0154                     _main 01A0                     fsr0h 000FEA  
                   fsr1h 000FE2                     fsr2h 000FDA                     fsr0l 000FE9  
                   fsr1l 000FE1                     fsr2l 000FD9                     btemp 002C  
                   prodh 000FF4                     prodl 000FF3                     start 00E6  
          __CFG_IESO$OFF 000000            __CFG_MCLRE$ON 000000             ___param_bank 000000  
          __CFG_PLLDIV$1 000000           __CFG_CCP2MX$ON 000000                    ?_main 0001  
          __CFG_USBDIV$1 000000            __CFG_PWRT$OFF 000000            __CFG_WRT0$OFF 000000  
          __CFG_WRT1$OFF 000000            __CFG_WRT2$OFF 000000            __CFG_WRT3$OFF 000000  
         __CFG_EBTR0$OFF 000000           __CFG_FCMEN$OFF 000000           __CFG_EBTR1$OFF 000000  
         __CFG_EBTR2$OFF 000000           __CFG_EBTR3$OFF 000000            __CFG_WRTB$OFF 000000  
          __CFG_WRTC$OFF 000000            __CFG_WRTD$OFF 000000           __CFG_EBTRB$OFF 000000  
                  pclath 000FFA                    tablat 000FF5         __end_of_RSI_int1 01A0  
       __end_of_RSI_int2 00E6                    status 000FD8                    wtemp6 002D  
         __CFG_ICPRT$OFF 000000          __initialization 01C6             __end_of_main 01C6  
                 ??_main 002C            __activetblptr 000000                   i1u3_27 007E  
                 i2u4_47 0144           __CFG_XINST$OFF 000000           __CFG_STVREN$ON 000000  
                 tblptrh 000FF7                   tblptrl 000FF6                   tblptru 000FF8  
             __accesstop 0060  __end_of__initialization 01C6          __CFG_PBADEN$OFF 000000  
          ___rparam_used 000001           __pcstackCOMRAM 0001                ?_RSI_int1 0001  
              ?_RSI_int2 0001               ??_RSI_int1 0001               ??_RSI_int2 0015  
        __CFG_VREGEN$OFF 000000                  __Hparam 0000                  __Lparam 0000  
                __pcinit 01C6                  __ramtop 0800                  __ptext0 01A0  
         __pintcode_body 00EA     end_of_initialization 01C6                  int_func 00EA  
              _TRISBbits 000F93      start_initialization 01C6        __size_of_RSI_int1 0198  
      __size_of_RSI_int2 00CE         __CFG_LPT1OSC$OFF 000000                __pintcode 0008  
            __pintcodelo 0018                 _LATBbits 000F8A                 _RCONbits 000FD0  
       __CFG_WDTPS$32768 000000                 _RSI_int1 0008                 _RSI_int2 0018  
            _INTCON2bits 000FF1              _INTCON3bits 000FF0                 __Hrparam 0000  
               __Lrparam 0000            __size_of_main 0026                 int$flags 002C  
  __CFG_CPUDIV$OSC1_PLL2 000000               _INTCONbits 000FF2                 intlevel1 0000  
               intlevel2 0000  
