MPASM 5.77                          MAIN.ASM   4-2-2018  22:47:13         PAGE  1


LOC  OBJECT CODE     LINE SOURCE TEXT
  VALUE

                      00001 
                      00002 ; PIC18F4550 Configuration Bit Settings
                      00003 
                      00004 ; Assembly source line config statements
                      00005 
                      00006 #include "p18f4550.inc"
                      00001         LIST
                      00002 
                      00003 ;==========================================================================
                      00004 ; Build date : Nov 22 2017
                      00005 ;  MPASM PIC18F4550 processor include
                      00006 ; 
                      00007 ;  (c) Copyright 1999-2017 Microchip Technology, All rights reserved
                      00008 ;==========================================================================
                      00009 
                      01765         LIST
                      00007 
                      00008 ; CONFIG1L
                      00009   CONFIG  PLLDIV = 1            ; PLL Prescaler Selection bits (No prescale (4 MHz oscillator input driv
                            es PLL directly))
                      00010   CONFIG  CPUDIV = OSC1_PLL2    ; System Clock Postscaler Selection bits ([Primary Oscillator Src: /1][9
                            6 MHz PLL Src: /2])
                      00011   CONFIG  USBDIV = 1            ; USB Clock Selection bit (used in Full-Speed USB mode only; UCFG:FSEN =
                             1) (USB clock source comes directly from the primary oscillator block with no postscale)
                      00012 
                      00013 ; CONFIG1H
                      00014   CONFIG  FOSC = HS             ; Oscillator Selection bits (HS oscillator (HS))
                      00015   CONFIG  FCMEN = OFF           ; Fail-Safe Clock Monitor Enable bit (Fail-Safe Clock Monitor disabled)
                      00016   CONFIG  IESO = OFF            ; Internal/External Oscillator Switchover bit (Oscillator Switchover mod
                            e disabled)
                      00017 
                      00018 ; CONFIG2L
                      00019   CONFIG  PWRT = OFF            ; Power-up Timer Enable bit (PWRT disabled)
                      00020   CONFIG  BOR = OFF             ; Brown-out Reset Enable bits (Brown-out Reset disabled in hardware and 
                            software)
                      00021   CONFIG  BORV = 3              ; Brown-out Reset Voltage bits (Minimum setting 2.05V)
                      00022   CONFIG  VREGEN = OFF          ; USB Voltage Regulator Enable bit (USB voltage regulator disabled)
                      00023 
                      00024 ; CONFIG2H
                      00025   CONFIG  WDT = OFF             ; Watchdog Timer Enable bit (WDT disabled (control is placed on the SWDT
                            EN bit))
                      00026   CONFIG  WDTPS = 32768         ; Watchdog Timer Postscale Select bits (1:32768)
                      00027 
                      00028 ; CONFIG3H
                      00029   CONFIG  CCP2MX = ON           ; CCP2 MUX bit (CCP2 input/output is multiplexed with RC1)
                      00030   CONFIG  PBADEN = ON           ; PORTB A/D Enable bit (PORTB<4:0> pins are configured as analog input c
                            hannels on Reset)
                      00031   CONFIG  LPT1OSC = OFF         ; Low-Power Timer 1 Oscillator Enable bit (Timer1 configured for higher 
                            power operation)
                      00032   CONFIG  MCLRE = ON            ; MCLR Pin Enable bit (MCLR pin enabled; RE3 input pin disabled)
                      00033 
                      00034 ; CONFIG4L
                      00035   CONFIG  STVREN = ON           ; Stack Full/Underflow Reset Enable bit (Stack full/underflow will cause
MPASM 5.77                          MAIN.ASM   4-2-2018  22:47:13         PAGE  2


LOC  OBJECT CODE     LINE SOURCE TEXT
  VALUE

                             Reset)
                      00036   CONFIG  LVP = ON              ; Single-Supply ICSP Enable bit (Single-Supply ICSP enabled)
                      00037   CONFIG  ICPRT = OFF           ; Dedicated In-Circuit Debug/Programming Port (ICPORT) Enable bit (ICPOR
                            T disabled)
                      00038   CONFIG  XINST = OFF           ; Extended Instruction Set Enable bit (Instruction set extension and Ind
                            exed Addressing mode disabled (Legacy mode))
                      00039 
                      00040 ; CONFIG5L
                      00041   CONFIG  CP0 = OFF             ; Code Protection bit (Block 0 (000800-001FFFh) is not code-protected)
                      00042   CONFIG  CP1 = OFF             ; Code Protection bit (Block 1 (002000-003FFFh) is not code-protected)
                      00043   CONFIG  CP2 = OFF             ; Code Protection bit (Block 2 (004000-005FFFh) is not code-protected)
                      00044   CONFIG  CP3 = OFF             ; Code Protection bit (Block 3 (006000-007FFFh) is not code-protected)
                      00045 
                      00046 ; CONFIG5H
                      00047   CONFIG  CPB = OFF             ; Boot Block Code Protection bit (Boot block (000000-0007FFh) is not cod
                            e-protected)
                      00048   CONFIG  CPD = OFF             ; Data EEPROM Code Protection bit (Data EEPROM is not code-protected)
                      00049 
                      00050 ; CONFIG6L
                      00051   CONFIG  WRT0 = OFF            ; Write Protection bit (Block 0 (000800-001FFFh) is not write-protected)
                      00052   CONFIG  WRT1 = OFF            ; Write Protection bit (Block 1 (002000-003FFFh) is not write-protected)
                      00053   CONFIG  WRT2 = OFF            ; Write Protection bit (Block 2 (004000-005FFFh) is not write-protected)
                      00054   CONFIG  WRT3 = OFF            ; Write Protection bit (Block 3 (006000-007FFFh) is not write-protected)
                      00055 
                      00056 ; CONFIG6H
                      00057   CONFIG  WRTC = OFF            ; Configuration Register Write Protection bit (Configuration registers (
                            300000-3000FFh) are not write-protected)
                      00058   CONFIG  WRTB = OFF            ; Boot Block Write Protection bit (Boot block (000000-0007FFh) is not wr
                            ite-protected)
                      00059   CONFIG  WRTD = OFF            ; Data EEPROM Write Protection bit (Data EEPROM is not write-protected)
                      00060 
                      00061 ; CONFIG7L
                      00062   CONFIG  EBTR0 = OFF           ; Table Read Protection bit (Block 0 (000800-001FFFh) is not protected f
                            rom table reads executed in other blocks)
                      00063   CONFIG  EBTR1 = OFF           ; Table Read Protection bit (Block 1 (002000-003FFFh) is not protected f
                            rom table reads executed in other blocks)
                      00064   CONFIG  EBTR2 = OFF           ; Table Read Protection bit (Block 2 (004000-005FFFh) is not protected f
                            rom table reads executed in other blocks)
                      00065   CONFIG  EBTR3 = OFF           ; Table Read Protection bit (Block 3 (006000-007FFFh) is not protected f
                            rom table reads executed in other blocks)
                      00066 
                      00067 ; CONFIG7H
                      00068   CONFIG  EBTRB = OFF           ; Boot Block Table Read Protection bit (Boot block (000000-0007FFh) is n
                            ot protected from table reads executed in other blocks)
                      00069 
                      00070 
                      00071 ;Manejo de tablas
Warning[207]: Found label after column 1. (i)
  00000010            00072   i     equ 0x10
Warning[207]: Found label after column 1. (num0)
  00000020            00073   num0  equ 0x20
Warning[207]: Found label after column 1. (num1)
  00000030            00074   num1  equ 0x30
MPASM 5.77                          MAIN.ASM   4-2-2018  22:47:13         PAGE  3


LOC  OBJECT CODE     LINE SOURCE TEXT
  VALUE

Warning[207]: Found label after column 1. (num2)
  00000040            00075   num2  equ 0x40
Warning[207]: Found label after column 1. (num3)
  00000050            00076   num3  equ 0x50
Warning[207]: Found label after column 1. (var)
  00000060            00077   var   equ 0x60
Warning[207]: Found label after column 1. (var1)
  00000070            00078   var1  equ 0x70
Warning[207]: Found label after column 1. (var2)
  00000080            00079   var2  equ 0x80
                      00080         
Warning[205]: Found directive in column 1. (org)
                      00081 org 0x1000
001000                00082 main:
001000 EC?? F???      00083     call    config_ports
001004 0E00           00084     movlw   0x00
001006 6EF8           00085     movwf   TBLPTRU
001008 0E12           00086     movlw   0x12
00100A 6EF7           00087     movwf   TBLPTRH
00100C 0E00           00088     movlw   0x00
00100E 6E8B           00089     movwf   LATC
001010 6E20           00090     movwf   num0
001012 6E30           00091     movwf   num1
001014 6E40           00092     movwf   num2
001016 6E50           00093     movwf   num3
                      00094     
001018                00095 ciclo:
001018 0E01           00096     movlw D'1'
00101A 6E10           00097     movwf i
Warning[207]: Found label after column 1. (cic0Delay)
00101C                00098     cic0Delay
00101C EC?? F???      00099     call Display
001020 2E10           00100     decfsz i
001022 EF?? F???      00101     goto cic0Delay
                      00102     
001026 2A20           00103     incf    num0
001028 0E09           00104     movlw   0x09
00102A 6420           00105     cpfsgt  num0
00102C EF?? F???      00106     goto ciclo
                      00107     
001030 0E00           00108     movlw   0x00
001032 6E20           00109     movwf   num0
001034 2A30           00110     incf    num1
001036 0E09           00111     movlw   0x09
001038 6430           00112     cpfsgt  num1
00103A EF?? F???      00113     goto ciclo
                      00114     
00103E 0E00           00115     movlw   0x00
001040 6E30           00116     movwf   num1
001042 2A40           00117     incf    num2
001044 0E09           00118     movlw   0x09
001046 6440           00119     cpfsgt  num2
001048 EF?? F???      00120     goto ciclo
MPASM 5.77                          MAIN.ASM   4-2-2018  22:47:13         PAGE  4


LOC  OBJECT CODE     LINE SOURCE TEXT
  VALUE

                      00121     
00104C 0E00           00122     movlw   0x00
00104E 6E40           00123     movwf   num2
001050 2A50           00124     incf    num3
001052 0E09           00125     movlw   0x09
001054 6450           00126     cpfsgt  num3
001056 EF?? F???      00127     goto ciclo
                      00128     
00105A 0E00           00129     movlw   0x00
00105C 6E20           00130     movwf   num0
00105E 6E30           00131     movwf   num1
001060 6E40           00132     movwf   num2
001062 6E50           00133     movwf   num3
                      00134     
001064 EF?? F???      00135     goto ciclo
                      00136  
001068                00137 Display
001068 0E80           00138     movlw   0x80
00106A 6E8B           00139     movwf   LATC
                      00140     
00106C 5020           00141     movf    num0,W
00106E 6EF6           00142     movwf   TBLPTRL
001070 0008           00143     tblrd   *
001072 50F5           00144     movf    TABLAT,W
001074 0980           00145     iorlw   0x80
001076 6E8C           00146     movwf   LATD
                      00147     
001078 EC?? F???      00148     call DelayDisp
                      00149     
00107C 0E40           00150     movlw   0x40
00107E 6E8B           00151     movwf   LATC
                      00152     
001080 5030           00153     movf    num1,W
001082 6EF6           00154     movwf   TBLPTRL
001084 0008           00155     tblrd   *
001086 50F5           00156     movf    TABLAT,W
001088 0980           00157     iorlw   0x80
00108A 6E8C           00158     movwf   LATD
                      00159     
00108C EC?? F???      00160     call DelayDisp  
                      00161     
001090 0E01           00162     movlw   0x01
001092 6E8B           00163     movwf   LATC
001094 8A8B           00164     bsf     LATC,5
                      00165     
001096 5040           00166     movf    num2,W
001098 6EF6           00167     movwf   TBLPTRL
00109A 0008           00168     tblrd   *
00109C 50F5           00169     movf    TABLAT,W
00109E 0980           00170     iorlw   0x80
0010A0 6E8C           00171     movwf   LATD
                      00172     
0010A2 EC?? F???      00173     call DelayDisp
MPASM 5.77                          MAIN.ASM   4-2-2018  22:47:13         PAGE  5


LOC  OBJECT CODE     LINE SOURCE TEXT
  VALUE

                      00174     
0010A6 0E02           00175     movlw   0x02
0010A8 6E8B           00176     movwf   LATC
0010AA 888B           00177     bsf     LATC,4
                      00178     
0010AC 5050           00179     movf    num3,W
0010AE 6EF6           00180     movwf   TBLPTRL
0010B0 0008           00181     tblrd   *
0010B2 50F5           00182     movf    TABLAT,W
0010B4 0980           00183     iorlw   0x80
0010B6 6E8C           00184     movwf   LATD
                      00185     
0010B8 EC?? F???      00186     call DelayDisp
0010BC 0012           00187     return
0010BE                00188 DelayDisp
0010BE 0E05           00189     movlw D'5'
0010C0 6F80           00190     movwf var2
Warning[207]: Found label after column 1. (cycDelay)
0010C2                00191     cycDelay
0010C2 EC?? F???      00192     call DelayOneMs
0010C6 2F80           00193     decfsz var2
0010C8 EF?? F???      00194     goto cycDelay
0010CC 0012           00195     return
0010CE                00196 DelayOneMs
0010CE 0E07           00197     movlw 0x07
0010D0 6F60           00198     movwf var
Warning[207]: Found label after column 1. (ret1)
0010D2                00199     ret1
0010D2 0EEC           00200     movlw D'236'
0010D4 6F70           00201     movwf var1
Warning[207]: Found label after column 1. (ret2)
0010D6                00202     ret2
0010D6 2F70           00203     decfsz var1
0010D8 EF?? F???      00204     goto ret2
0010DC 2F60           00205     decfsz var
0010DE EF?? F???      00206     goto ret1
0010E2 0012           00207     return
                      00208 
0010E4                00209 config_ports
0010E4 0E0F           00210     movlw 0x0f
0010E6 6EC1           00211     movwf ADCON1
0010E8 0E07           00212     movlw 0x07
0010EA 6EB4           00213     movwf CMCON
0010EC 0EFF           00214     movlw 0xFF
0010EE 6E92           00215     movwf TRISA
0010F0 0EFF           00216     movlw 0XFF
0010F2 6E93           00217     movwf TRISB
0010F4 0E3C           00218     movlw 0x3C
0010F6 6E94           00219     movwf TRISC
0010F8 0E00           00220     movlw 0x00
0010FA 6E95           00221     movwf TRISD
0010FC 0012           00222     return 
                      00223     ;Tabla de verdad
MPASM 5.77                          MAIN.ASM   4-2-2018  22:47:13         PAGE  6


LOC  OBJECT CODE     LINE SOURCE TEXT
  VALUE

                      00224     org 0x1200
001200 7940 3024 1219 00225     DB 0x40,0x79,0x24,0x30,0x19,0x12,0x02,0xF8,0x00,0x18,0x08,0x03,0x46,0x21,0x06,0x0E
       F802 1800 0308 
       2146 0E06 
                      00226     
Warning[205]: Found directive in column 1. (end)
                      00227 end
MPASM 5.77                          MAIN.ASM   4-2-2018  22:47:13         PAGE  7


SYMBOL TABLE
  LABEL                             VALUE 

A                                 00000000
ABDEN                             00000000
ABDOVF                            00000007
ACCESS                            00000000
ACKDT                             00000005
ACKEN                             00000004
ACKSTAT                           00000006
ACQT0                             00000003
ACQT1                             00000004
ACQT2                             00000005
ACTVIE                            00000002
ACTVIF                            00000002
ADCON0                            00000FC2
ADCON1                            00000FC1
ADCON2                            00000FC0
ADCS0                             00000000
ADCS1                             00000001
ADCS2                             00000002
ADDEN                             00000003
ADDR0                             00000000
ADDR1                             00000001
ADDR2                             00000002
ADDR3                             00000003
ADDR4                             00000004
ADDR5                             00000005
ADDR6                             00000006
ADEN                              00000003
ADFM                              00000007
ADIE                              00000006
ADIF                              00000006
ADIP                              00000006
ADON                              00000000
ADRES                             00000FC3
ADRESH                            00000FC4
ADRESL                            00000FC3
AN0                               00000000
AN1                               00000001
AN2                               00000002
AN3                               00000003
AN4                               00000005
BANKED                            00000001
BAUDCON                           00000FB8
BAUDCTL                           00000FB8
BCLIE                             00000003
BCLIF                             00000003
BCLIP                             00000003
BF                                00000000
BGST                              00000005
BOR                               00000000
BRG16                             00000003
BRGH                              00000002
BSR                               00000FE0
BTOEE                             00000004
MPASM 5.77                          MAIN.ASM   4-2-2018  22:47:13         PAGE  8


SYMBOL TABLE
  LABEL                             VALUE 

BTOEF                             00000004
BTSEE                             00000007
BTSEF                             00000007
C                                 00000000
C1INV                             00000004
C1OUT                             00000006
C2INV                             00000005
C2OUT                             00000007
CCP1                              00000002
CCP1AS                            00000FB6
CCP1CON                           00000FBD
CCP1DEL                           00000FB7
CCP1IE                            00000002
CCP1IF                            00000002
CCP1IP                            00000002
CCP1M0                            00000000
CCP1M1                            00000001
CCP1M2                            00000002
CCP1M3                            00000003
CCP2CON                           00000FBA
CCP2IE                            00000000
CCP2IF                            00000000
CCP2IP                            00000000
CCP2M0                            00000000
CCP2M1                            00000001
CCP2M2                            00000002
CCP2M3                            00000003
CCPR1                             00000FBE
CCPR1H                            00000FBF
CCPR1L                            00000FBE
CCPR2                             00000FBB
CCPR2H                            00000FBC
CCPR2L                            00000FBB
CFGS                              00000006
CHS0                              00000002
CHS1                              00000003
CHS2                              00000004
CHS3                              00000005
CIS                               00000003
CK                                00000006
CK1SPP                            00000000
CK2SPP                            00000001
CKE                               00000006
CKP                               00000004
CLK1EN                            00000004
CLKCFG0                           00000006
CLKCFG1                           00000007
CM0                               00000000
CM1                               00000001
CM2                               00000002
CMCON                             00000FB4
CMIE                              00000006
CMIF                              00000006
MPASM 5.77                          MAIN.ASM   4-2-2018  22:47:13         PAGE  9


SYMBOL TABLE
  LABEL                             VALUE 

CMIP                              00000006
CRC16EE                           00000002
CRC16EF                           00000002
CRC5EE                            00000001
CRC5EF                            00000001
CREN                              00000004
CSEN                              00000005
CSRC                              00000007
CVR0                              00000000
CVR1                              00000001
CVR2                              00000002
CVR3                              00000003
CVRCON                            00000FB5
CVREF                             00000004
CVREN                             00000007
CVROE                             00000006
CVRR                              00000005
CVRSS                             00000004
D                                 00000005
DATA_ADDRESS                      00000005
DC                                00000001
DC1B0                             00000004
DC1B1                             00000005
DC2B0                             00000004
DC2B1                             00000005
DDRA                              TRISA
DDRB                              TRISB
DDRC                              TRISC
DDRD                              TRISD
DDRE                              TRISE
DFN8EE                            00000003
DFN8EF                            00000003
DIR                               00000002
DONE                              00000001
D_A                               00000005
D_NOT_A                           00000005
DelayDisp                         000010BE
DelayOneMs                        000010CE
Display                           00001068
ECCP1AS                           00000FB6
ECCP1CON                          00000FBD
ECCP1DEL                          00000FB7
ECCPAS0                           00000004
ECCPAS1                           00000005
ECCPAS2                           00000006
ECCPASE                           00000007
EEADR                             00000FA9
EECON1                            00000FA6
EECON2                            00000FA7
EEDATA                            00000FA8
EEIE                              00000004
EEIF                              00000004
EEIP                              00000004
MPASM 5.77                          MAIN.ASM   4-2-2018  22:47:13         PAGE 10


SYMBOL TABLE
  LABEL                             VALUE 

EEPGD                             00000007
ENDP0                             00000003
ENDP1                             00000004
ENDP2                             00000005
ENDP3                             00000006
EPCONDIS                          00000003
EPHSHK                            00000004
EPINEN                            00000001
EPOUTEN                           00000002
EPSTALL                           00000000
FAST                              00000001
FERR                              00000002
FLTS                              00000002
FREE                              00000004
FRM0                              00000000
FRM1                              00000001
FRM10                             00000002
FRM2                              00000002
FRM3                              00000003
FRM4                              00000004
FRM5                              00000005
FRM6                              00000006
FRM7                              00000007
FRM8                              00000000
FRM9                              00000001
FSEN                              00000002
FSR0                              00000000
FSR0H                             00000FEA
FSR0L                             00000FE9
FSR1                              00000001
FSR1H                             00000FE2
FSR1L                             00000FE1
FSR2                              00000002
FSR2H                             00000FDA
FSR2L                             00000FD9
GCEN                              00000007
GIE                               00000007
GIEH                              00000007
GIEL                              00000006
GIE_GIEH                          00000007
GO                                00000001
GO_DONE                           00000001
GO_NOT_DONE                       00000001
HLVDCON                           00000FD2
HLVDEN                            00000004
HLVDIE                            00000002
HLVDIF                            00000002
HLVDIN                            00000005
HLVDIP                            00000002
HLVDL0                            00000000
HLVDL1                            00000001
HLVDL2                            00000002
HLVDL3                            00000003
MPASM 5.77                          MAIN.ASM   4-2-2018  22:47:13         PAGE 11


SYMBOL TABLE
  LABEL                             VALUE 

I2C_DAT                           00000005
I2C_READ                          00000002
I2C_START                         00000003
I2C_STOP                          00000004
IDLEIE                            00000004
IDLEIF                            00000004
IDLEN                             00000007
INDF0                             00000FEF
INDF1                             00000FE7
INDF2                             00000FDF
INT0                              00000000
INT0E                             00000004
INT0F                             00000001
INT0IE                            00000004
INT0IF                            00000001
INT1                              00000001
INT1E                             00000003
INT1F                             00000000
INT1IE                            00000003
INT1IF                            00000000
INT1IP                            00000006
INT1P                             00000006
INT2                              00000002
INT2E                             00000004
INT2F                             00000001
INT2IE                            00000004
INT2IF                            00000001
INT2IP                            00000007
INT2P                             00000007
INTCON                            00000FF2
INTCON2                           00000FF1
INTCON3                           00000FF0
INTEDG0                           00000006
INTEDG1                           00000005
INTEDG2                           00000004
INTSRC                            00000007
IOFS                              00000002
IPEN                              00000007
IPR1                              00000F9F
IPR2                              00000FA2
IRCF0                             00000004
IRCF1                             00000005
IRCF2                             00000006
IRVST                             00000005
IVRST                             00000005
LATA                              00000F89
LATA0                             00000000
LATA1                             00000001
LATA2                             00000002
LATA3                             00000003
LATA4                             00000004
LATA5                             00000005
LATA6                             00000006
MPASM 5.77                          MAIN.ASM   4-2-2018  22:47:13         PAGE 12


SYMBOL TABLE
  LABEL                             VALUE 

LATB                              00000F8A
LATB0                             00000000
LATB1                             00000001
LATB2                             00000002
LATB3                             00000003
LATB4                             00000004
LATB5                             00000005
LATB6                             00000006
LATB7                             00000007
LATC                              00000F8B
LATC0                             00000000
LATC1                             00000001
LATC2                             00000002
LATC6                             00000006
LATC7                             00000007
LATD                              00000F8C
LATD0                             00000000
LATD1                             00000001
LATD2                             00000002
LATD3                             00000003
LATD4                             00000004
LATD5                             00000005
LATD6                             00000006
LATD7                             00000007
LATE                              00000F8D
LATE0                             00000000
LATE1                             00000001
LATE2                             00000002
LVDCON                            00000FD2
LVDEN                             00000004
LVDIE                             00000002
LVDIF                             00000002
LVDIN                             00000005
LVDIP                             00000002
LVDL0                             00000000
LVDL1                             00000001
LVDL2                             00000002
LVDL3                             00000003
LVV0                              00000000
LVV1                              00000001
LVV2                              00000002
LVV3                              00000003
N                                 00000004
NOT_A                             00000005
NOT_ADDRESS                       00000005
NOT_BOR                           00000000
NOT_DONE                          00000001
NOT_IPEN                          00000007
NOT_PD                            00000002
NOT_POR                           00000001
NOT_RBPU                          00000007
NOT_RI                            00000004
NOT_T1SYNC                        00000002
MPASM 5.77                          MAIN.ASM   4-2-2018  22:47:13         PAGE 13


SYMBOL TABLE
  LABEL                             VALUE 

NOT_T3SYNC                        00000002
NOT_TO                            00000003
NOT_W                             00000002
NOT_WRITE                         00000002
OERR                              00000001
OESPP                             00000002
OSC2                              00000006
OSCCON                            00000FD3
OSCFIE                            00000007
OSCFIF                            00000007
OSCFIP                            00000007
OSCTUNE                           00000F9B
OSTS                              00000003
OV                                00000003
P                                 00000004
P1A                               00000002
P1M0                              00000006
P1M1                              00000007
PC                                00000FF9
PCFG0                             00000000
PCFG1                             00000001
PCFG2                             00000002
PCFG3                             00000003
PCL                               00000FF9
PCLATH                            00000FFA
PCLATU                            00000FFB
PD                                00000002
PDC0                              00000000
PDC1                              00000001
PDC2                              00000002
PDC3                              00000003
PDC4                              00000004
PDC5                              00000005
PDC6                              00000006
PEIE                              00000006
PEIE_GIEL                         00000006
PEN                               00000002
PGC                               00000006
PGD                               00000007
PGM                               00000005
PIDEE                             00000000
PIDEF                             00000000
PIE1                              00000F9D
PIE2                              00000FA0
PIR1                              00000F9E
PIR2                              00000FA1
PKTDIS                            00000004
PLUSW0                            00000FEB
PLUSW1                            00000FE3
PLUSW2                            00000FDB
POR                               00000001
PORTA                             00000F80
PORTB                             00000F81
MPASM 5.77                          MAIN.ASM   4-2-2018  22:47:13         PAGE 14


SYMBOL TABLE
  LABEL                             VALUE 

PORTC                             00000F82
PORTD                             00000F83
PORTE                             00000F84
POSTDEC0                          00000FED
POSTDEC1                          00000FE5
POSTDEC2                          00000FDD
POSTINC0                          00000FEE
POSTINC1                          00000FE6
POSTINC2                          00000FDE
PPB0                              00000000
PPB1                              00000001
PPBI                              00000001
PPBRST                            00000006
PR2                               00000FCB
PREINC0                           00000FEC
PREINC1                           00000FE4
PREINC2                           00000FDC
PROD                              00000FF3
PRODH                             00000FF4
PRODL                             00000FF3
PRSEN                             00000007
PSA                               00000003
PSSAC0                            00000002
PSSAC1                            00000003
PSSBD0                            00000000
PSSBD1                            00000001
R                                 00000002
RA0                               00000000
RA1                               00000001
RA2                               00000002
RA3                               00000003
RA4                               00000004
RA5                               00000005
RA6                               00000006
RB0                               00000000
RB1                               00000001
RB2                               00000002
RB3                               00000003
RB4                               00000004
RB5                               00000005
RB6                               00000006
RB7                               00000007
RBIE                              00000003
RBIF                              00000000
RBIP                              00000000
RBPU                              00000007
RC0                               00000000
RC1                               00000001
RC2                               00000002
RC4                               00000004
RC5                               00000005
RC6                               00000006
RC7                               00000007
MPASM 5.77                          MAIN.ASM   4-2-2018  22:47:13         PAGE 15


SYMBOL TABLE
  LABEL                             VALUE 

RCEN                              00000003
RCIDL                             00000006
RCIE                              00000005
RCIF                              00000005
RCIP                              00000005
RCMT                              00000006
RCON                              00000FD0
RCREG                             00000FAE
RCSTA                             00000FAB
RD                                00000000
RD0                               00000000
RD1                               00000001
RD16                              00000007
RD2                               00000002
RD3                               00000003
RD4                               00000004
RD5                               00000005
RD6                               00000006
RD7                               00000007
RDPU                              00000007
RDSPP                             00000007
RE0                               00000000
RE1                               00000001
RE2                               00000002
RE3                               00000003
READ_WRITE                        00000002
RESUME                            00000002
RI                                00000004
RSEN                              00000001
RX                                00000007
RX9                               00000006
RX9D                              00000000
RXDTP                             00000005
R_NOT_W                           00000002
R_W                               00000002
S                                 00000003
SBOREN                            00000006
SCKP                              00000004
SCS0                              00000000
SCS1                              00000001
SE0                               00000005
SEN                               00000000
SENDB                             00000003
SMP                               00000007
SOFIE                             00000006
SOFIF                             00000006
SPBRG                             00000FAF
SPBRGH                            00000FB0
SPEN                              00000007
SPP0                              00000000
SPP1                              00000001
SPP2                              00000002
SPP3                              00000003
MPASM 5.77                          MAIN.ASM   4-2-2018  22:47:13         PAGE 16


SYMBOL TABLE
  LABEL                             VALUE 

SPP4                              00000004
SPP5                              00000005
SPP6                              00000006
SPP7                              00000007
SPPBUSY                           00000004
SPPCFG                            00000F63
SPPCON                            00000F65
SPPDATA                           00000F62
SPPEN                             00000000
SPPEPS                            00000F64
SPPIE                             00000007
SPPIF                             00000007
SPPIP                             00000007
SPPOWN                            00000001
SREN                              00000005
SSPADD                            00000FC8
SSPBUF                            00000FC9
SSPCON1                           00000FC6
SSPCON2                           00000FC5
SSPEN                             00000005
SSPIE                             00000003
SSPIF                             00000003
SSPIP                             00000003
SSPM0                             00000000
SSPM1                             00000001
SSPM2                             00000002
SSPM3                             00000003
SSPOV                             00000006
SSPSTAT                           00000FC7
STALLIE                           00000005
STALLIF                           00000005
STATUS                            00000FD8
STKFUL                            00000007
STKOVF                            00000007
STKPTR                            00000FFC
STKPTR0                           00000000
STKPTR1                           00000001
STKPTR2                           00000002
STKPTR3                           00000003
STKPTR4                           00000004
STKUNF                            00000006
SUSPND                            00000001
SWDTE                             00000000
SWDTEN                            00000000
SYNC                              00000004
T08BIT                            00000006
T0CKI                             00000004
T0CON                             00000FD5
T0CS                              00000005
T0IE                              00000005
T0IF                              00000002
T0IP                              00000002
T0PS0                             00000000
MPASM 5.77                          MAIN.ASM   4-2-2018  22:47:13         PAGE 17


SYMBOL TABLE
  LABEL                             VALUE 

T0PS1                             00000001
T0PS2                             00000002
T0SE                              00000004
T13CKI                            00000000
T1CKPS0                           00000004
T1CKPS1                           00000005
T1CON                             00000FCD
T1OSCEN                           00000003
T1OSI                             00000001
T1OSO                             00000000
T1RUN                             00000006
T1SYNC                            00000002
T2CKPS0                           00000000
T2CKPS1                           00000001
T2CON                             00000FCA
T2OUTPS0                          00000003
T2OUTPS1                          00000004
T2OUTPS2                          00000005
T2OUTPS3                          00000006
T3CCP1                            00000003
T3CCP2                            00000006
T3CKPS0                           00000004
T3CKPS1                           00000005
T3CON                             00000FB1
T3NSYNC                           00000002
T3SYNC                            00000002
TABLAT                            00000FF5
TBLPTR                            00000FF6
TBLPTRH                           00000FF7
TBLPTRL                           00000FF6
TBLPTRU                           00000FF8
TMR0                              00000FD6
TMR0H                             00000FD7
TMR0IE                            00000005
TMR0IF                            00000002
TMR0IP                            00000002
TMR0L                             00000FD6
TMR0ON                            00000007
TMR1                              00000FCE
TMR1CS                            00000001
TMR1H                             00000FCF
TMR1IE                            00000000
TMR1IF                            00000000
TMR1IP                            00000000
TMR1L                             00000FCE
TMR1ON                            00000000
TMR2                              00000FCC
TMR2IE                            00000001
TMR2IF                            00000001
TMR2IP                            00000001
TMR2ON                            00000002
TMR3                              00000FB2
TMR3CS                            00000001
MPASM 5.77                          MAIN.ASM   4-2-2018  22:47:13         PAGE 18


SYMBOL TABLE
  LABEL                             VALUE 

TMR3H                             00000FB3
TMR3IE                            00000001
TMR3IF                            00000001
TMR3IP                            00000001
TMR3L                             00000FB2
TMR3ON                            00000000
TO                                00000003
TOS                               00000FFD
TOSH                              00000FFE
TOSL                              00000FFD
TOSU                              00000FFF
TOUTPS0                           00000003
TOUTPS1                           00000004
TOUTPS2                           00000005
TOUTPS3                           00000006
TRISA                             00000F92
TRISA0                            00000000
TRISA1                            00000001
TRISA2                            00000002
TRISA3                            00000003
TRISA4                            00000004
TRISA5                            00000005
TRISA6                            00000006
TRISB                             00000F93
TRISB0                            00000000
TRISB1                            00000001
TRISB2                            00000002
TRISB3                            00000003
TRISB4                            00000004
TRISB5                            00000005
TRISB6                            00000006
TRISB7                            00000007
TRISC                             00000F94
TRISC0                            00000000
TRISC1                            00000001
TRISC2                            00000002
TRISC6                            00000006
TRISC7                            00000007
TRISD                             00000F95
TRISD0                            00000000
TRISD1                            00000001
TRISD2                            00000002
TRISD3                            00000003
TRISD4                            00000004
TRISD5                            00000005
TRISD6                            00000006
TRISD7                            00000007
TRISE                             00000F96
TRISE0                            00000000
TRISE1                            00000001
TRISE2                            00000002
TRMT                              00000001
TRNIE                             00000003
MPASM 5.77                          MAIN.ASM   4-2-2018  22:47:13         PAGE 19


SYMBOL TABLE
  LABEL                             VALUE 

TRNIF                             00000003
TUN0                              00000000
TUN1                              00000001
TUN2                              00000002
TUN3                              00000003
TUN4                              00000004
TX                                00000006
TX9                               00000006
TX9D                              00000000
TXCKP                             00000004
TXEN                              00000005
TXIE                              00000004
TXIF                              00000004
TXIP                              00000004
TXREG                             00000FAD
TXSTA                             00000FAC
UA                                00000001
UADDR                             00000F6E
UCFG                              00000F6F
UCON                              00000F6D
UEIE                              00000F6B
UEIR                              00000F6A
UEP0                              00000F70
UEP1                              00000F71
UEP10                             00000F7A
UEP11                             00000F7B
UEP12                             00000F7C
UEP13                             00000F7D
UEP14                             00000F7E
UEP15                             00000F7F
UEP2                              00000F72
UEP3                              00000F73
UEP4                              00000F74
UEP5                              00000F75
UEP6                              00000F76
UEP7                              00000F77
UEP8                              00000F78
UEP9                              00000F79
UERRIE                            00000001
UERRIF                            00000001
UFRM                              00000F66
UFRMH                             00000F67
UFRML                             00000F66
UIE                               00000F69
UIR                               00000F68
UOEMON                            00000006
UPUEN                             00000004
URSTIE                            00000000
URSTIF                            00000000
USBEN                             00000003
USBIE                             00000005
USBIF                             00000005
USBIP                             00000005
MPASM 5.77                          MAIN.ASM   4-2-2018  22:47:13         PAGE 20


SYMBOL TABLE
  LABEL                             VALUE 

USTAT                             00000F6C
UTEYE                             00000007
UTRDIS                            00000003
VCFG0                             00000004
VCFG1                             00000005
VDIRMAG                           00000007
VREFM                             00000002
VREFP                             00000003
W                                 00000000
WCOL                              00000007
WDTCON                            00000FD1
WR                                00000001
WREG                              00000FE8
WREN                              00000002
WRERR                             00000003
WRSPP                             00000006
WS0                               00000000
WS1                               00000001
WS2                               00000002
WS3                               00000003
WUE                               00000001
Z                                 00000002
_BORV_0_2L                        000000E7
_BORV_1_2L                        000000EF
_BORV_2_2L                        000000F7
_BORV_3_2L                        000000FF
_BOR_OFF_2L                       000000F9
_BOR_ON_2L                        000000FF
_BOR_ON_ACTIVE_2L                 000000FD
_BOR_SOFT_2L                      000000FB
_CCP2MX_OFF_3H                    000000FE
_CCP2MX_ON_3H                     000000FF
_CONFIG1H                         00300001
_CONFIG1L                         00300000
_CONFIG2H                         00300003
_CONFIG2L                         00300002
_CONFIG3H                         00300005
_CONFIG4L                         00300006
_CONFIG5H                         00300009
_CONFIG5L                         00300008
_CONFIG6H                         0030000B
_CONFIG6L                         0030000A
_CONFIG7H                         0030000D
_CONFIG7L                         0030000C
_CP0_OFF_5L                       000000FF
_CP0_ON_5L                        000000FE
_CP1_OFF_5L                       000000FF
_CP1_ON_5L                        000000FD
_CP2_OFF_5L                       000000FF
_CP2_ON_5L                        000000FB
_CP3_OFF_5L                       000000FF
_CP3_ON_5L                        000000F7
_CPB_OFF_5H                       000000FF
MPASM 5.77                          MAIN.ASM   4-2-2018  22:47:13         PAGE 21


SYMBOL TABLE
  LABEL                             VALUE 

_CPB_ON_5H                        000000BF
_CPD_OFF_5H                       000000FF
_CPD_ON_5H                        0000007F
_CPUDIV_OSC1_PLL2_1L              000000E7
_CPUDIV_OSC2_PLL3_1L              000000EF
_CPUDIV_OSC3_PLL4_1L              000000F7
_CPUDIV_OSC4_PLL6_1L              000000FF
_DEBUG_OFF_4L                     000000FF
_DEBUG_ON_4L                      0000007F
_DEVID1                           003FFFFE
_DEVID2                           003FFFFF
_EBTR0_OFF_7L                     000000FF
_EBTR0_ON_7L                      000000FE
_EBTR1_OFF_7L                     000000FF
_EBTR1_ON_7L                      000000FD
_EBTR2_OFF_7L                     000000FF
_EBTR2_ON_7L                      000000FB
_EBTR3_OFF_7L                     000000FF
_EBTR3_ON_7L                      000000F7
_EBTRB_OFF_7H                     000000FF
_EBTRB_ON_7H                      000000BF
_FCMEN_OFF_1H                     000000BF
_FCMEN_ON_1H                      000000FF
_FOSC_ECIO_EC_1H                  000000F4
_FOSC_ECPLLIO_EC_1H               000000F6
_FOSC_ECPLL_EC_1H                 000000F7
_FOSC_EC_EC_1H                    000000F5
_FOSC_HSPLL_HS_1H                 000000FE
_FOSC_HS_1H                       000000FC
_FOSC_INTOSCIO_EC_1H              000000F8
_FOSC_INTOSC_EC_1H                000000F9
_FOSC_INTOSC_HS_1H                000000FB
_FOSC_INTOSC_XT_1H                000000FA
_FOSC_XTPLL_XT_1H                 000000F2
_FOSC_XT_XT_1H                    000000F0
_ICPRT_OFF_4L                     000000DF
_ICPRT_ON_4L                      000000FF
_IDLOC0                           00200000
_IDLOC1                           00200001
_IDLOC2                           00200002
_IDLOC3                           00200003
_IDLOC4                           00200004
_IDLOC5                           00200005
_IDLOC6                           00200006
_IDLOC7                           00200007
_IESO_OFF_1H                      0000007F
_IESO_ON_1H                       000000FF
_LPT1OSC_OFF_3H                   000000FB
_LPT1OSC_ON_3H                    000000FF
_LVP_OFF_4L                       000000FB
_LVP_ON_4L                        000000FF
_MCLRE_OFF_3H                     0000007F
_MCLRE_ON_3H                      000000FF
MPASM 5.77                          MAIN.ASM   4-2-2018  22:47:13         PAGE 22


SYMBOL TABLE
  LABEL                             VALUE 

_PBADEN_OFF_3H                    000000FD
_PBADEN_ON_3H                     000000FF
_PLLDIV_10_1L                     000000FE
_PLLDIV_12_1L                     000000FF
_PLLDIV_1_1L                      000000F8
_PLLDIV_2_1L                      000000F9
_PLLDIV_3_1L                      000000FA
_PLLDIV_4_1L                      000000FB
_PLLDIV_5_1L                      000000FC
_PLLDIV_6_1L                      000000FD
_PWRT_OFF_2L                      000000FF
_PWRT_ON_2L                       000000FE
_STVREN_OFF_4L                    000000FE
_STVREN_ON_4L                     000000FF
_USBDIV_1_1L                      000000DF
_USBDIV_2_1L                      000000FF
_VREGEN_OFF_2L                    000000DF
_VREGEN_ON_2L                     000000FF
_WDTPS_1024_2H                    000000F5
_WDTPS_128_2H                     000000EF
_WDTPS_16384_2H                   000000FD
_WDTPS_16_2H                      000000E9
_WDTPS_1_2H                       000000E1
_WDTPS_2048_2H                    000000F7
_WDTPS_256_2H                     000000F1
_WDTPS_2_2H                       000000E3
_WDTPS_32768_2H                   000000FF
_WDTPS_32_2H                      000000EB
_WDTPS_4096_2H                    000000F9
_WDTPS_4_2H                       000000E5
_WDTPS_512_2H                     000000F3
_WDTPS_64_2H                      000000ED
_WDTPS_8192_2H                    000000FB
_WDTPS_8_2H                       000000E7
_WDT_OFF_2H                       000000FE
_WDT_ON_2H                        000000FF
_WRT0_OFF_6L                      000000FF
_WRT0_ON_6L                       000000FE
_WRT1_OFF_6L                      000000FF
_WRT1_ON_6L                       000000FD
_WRT2_OFF_6L                      000000FF
_WRT2_ON_6L                       000000FB
_WRT3_OFF_6L                      000000FF
_WRT3_ON_6L                       000000F7
_WRTB_OFF_6H                      000000FF
_WRTB_ON_6H                       000000BF
_WRTC_OFF_6H                      000000FF
_WRTC_ON_6H                       000000DF
_WRTD_OFF_6H                      000000FF
_WRTD_ON_6H                       0000007F
_XINST_OFF_4L                     000000BF
_XINST_ON_4L                      000000FF
__18F4550                         00000001
MPASM 5.77                          MAIN.ASM   4-2-2018  22:47:13         PAGE 23


SYMBOL TABLE
  LABEL                             VALUE 

cic0Delay                         0000101C
ciclo                             00001018
config_ports                      000010E4
cycDelay                          000010C2
i                                 00000010
main                              00001000
num0                              00000020
num1                              00000030
num2                              00000040
num3                              00000050
ret1                              000010D2
ret2                              000010D6
var                               00000060
var1                              00000070
var2                              00000080

Errors   :     0
Warnings :    14 reported,     0 suppressed
Messages :     0 reported,     0 suppressed

