>>> Warning 235 "C:\Users\ivan-\Documents\MEGA\Compartido\Microcontroladores\MPLAB\C\rpg_lcd_progressbar\config.h" Line 13(15,21): Unknown Pragma
>>> Warning 235 "C:\Users\ivan-\Documents\MEGA\Compartido\Microcontroladores\MPLAB\C\rpg_lcd_progressbar\config.h" Line 14(15,21): Unknown Pragma
>>> Warning 235 "C:\Users\ivan-\Documents\MEGA\Compartido\Microcontroladores\MPLAB\C\rpg_lcd_progressbar\config.h" Line 15(15,21): Unknown Pragma
>>> Warning 235 "C:\Users\ivan-\Documents\MEGA\Compartido\Microcontroladores\MPLAB\C\rpg_lcd_progressbar\config.h" Line 18(15,21): Unknown Pragma
>>> Warning 235 "C:\Users\ivan-\Documents\MEGA\Compartido\Microcontroladores\MPLAB\C\rpg_lcd_progressbar\config.h" Line 19(15,21): Unknown Pragma
>>> Warning 235 "C:\Users\ivan-\Documents\MEGA\Compartido\Microcontroladores\MPLAB\C\rpg_lcd_progressbar\config.h" Line 20(15,21): Unknown Pragma
>>> Warning 235 "C:\Users\ivan-\Documents\MEGA\Compartido\Microcontroladores\MPLAB\C\rpg_lcd_progressbar\config.h" Line 23(15,21): Unknown Pragma
>>> Warning 235 "C:\Users\ivan-\Documents\MEGA\Compartido\Microcontroladores\MPLAB\C\rpg_lcd_progressbar\config.h" Line 24(15,21): Unknown Pragma
>>> Warning 235 "C:\Users\ivan-\Documents\MEGA\Compartido\Microcontroladores\MPLAB\C\rpg_lcd_progressbar\config.h" Line 25(15,21): Unknown Pragma
>>> Warning 235 "C:\Users\ivan-\Documents\MEGA\Compartido\Microcontroladores\MPLAB\C\rpg_lcd_progressbar\config.h" Line 26(15,21): Unknown Pragma
>>> Warning 235 "C:\Users\ivan-\Documents\MEGA\Compartido\Microcontroladores\MPLAB\C\rpg_lcd_progressbar\config.h" Line 29(15,21): Unknown Pragma
>>> Warning 235 "C:\Users\ivan-\Documents\MEGA\Compartido\Microcontroladores\MPLAB\C\rpg_lcd_progressbar\config.h" Line 30(15,21): Unknown Pragma
>>> Warning 235 "C:\Users\ivan-\Documents\MEGA\Compartido\Microcontroladores\MPLAB\C\rpg_lcd_progressbar\config.h" Line 33(15,21): Unknown Pragma
>>> Warning 235 "C:\Users\ivan-\Documents\MEGA\Compartido\Microcontroladores\MPLAB\C\rpg_lcd_progressbar\config.h" Line 34(15,21): Unknown Pragma
>>> Warning 235 "C:\Users\ivan-\Documents\MEGA\Compartido\Microcontroladores\MPLAB\C\rpg_lcd_progressbar\config.h" Line 35(15,21): Unknown Pragma
>>> Warning 235 "C:\Users\ivan-\Documents\MEGA\Compartido\Microcontroladores\MPLAB\C\rpg_lcd_progressbar\config.h" Line 36(15,21): Unknown Pragma
>>> Warning 235 "C:\Users\ivan-\Documents\MEGA\Compartido\Microcontroladores\MPLAB\C\rpg_lcd_progressbar\config.h" Line 39(15,21): Unknown Pragma
>>> Warning 235 "C:\Users\ivan-\Documents\MEGA\Compartido\Microcontroladores\MPLAB\C\rpg_lcd_progressbar\config.h" Line 40(15,21): Unknown Pragma
>>> Warning 235 "C:\Users\ivan-\Documents\MEGA\Compartido\Microcontroladores\MPLAB\C\rpg_lcd_progressbar\config.h" Line 41(15,21): Unknown Pragma
>>> Warning 235 "C:\Users\ivan-\Documents\MEGA\Compartido\Microcontroladores\MPLAB\C\rpg_lcd_progressbar\config.h" Line 42(15,21): Unknown Pragma
>>> Warning 235 "C:\Users\ivan-\Documents\MEGA\Compartido\Microcontroladores\MPLAB\C\rpg_lcd_progressbar\config.h" Line 45(15,21): Unknown Pragma
>>> Warning 235 "C:\Users\ivan-\Documents\MEGA\Compartido\Microcontroladores\MPLAB\C\rpg_lcd_progressbar\config.h" Line 46(15,21): Unknown Pragma
>>> Warning 235 "C:\Users\ivan-\Documents\MEGA\Compartido\Microcontroladores\MPLAB\C\rpg_lcd_progressbar\config.h" Line 47(15,21): Unknown Pragma
>>> Warning 235 "C:\Users\ivan-\Documents\MEGA\Compartido\Microcontroladores\MPLAB\C\rpg_lcd_progressbar\config.h" Line 48(15,21): Unknown Pragma
>>> Warning 235 "C:\Users\ivan-\Documents\MEGA\Compartido\Microcontroladores\MPLAB\C\rpg_lcd_progressbar\config.h" Line 51(15,21): Unknown Pragma
>>> Warning 235 "C:\Users\ivan-\Documents\MEGA\Compartido\Microcontroladores\MPLAB\C\rpg_lcd_progressbar\config.h" Line 52(15,21): Unknown Pragma
>>> Warning 235 "C:\Users\ivan-\Documents\MEGA\Compartido\Microcontroladores\MPLAB\C\rpg_lcd_progressbar\config.h" Line 55(15,21): Unknown Pragma
>>> Warning 235 "C:\Users\ivan-\Documents\MEGA\Compartido\Microcontroladores\MPLAB\C\rpg_lcd_progressbar\config.h" Line 56(15,21): Unknown Pragma
>>> Warning 235 "C:\Users\ivan-\Documents\MEGA\Compartido\Microcontroladores\MPLAB\C\rpg_lcd_progressbar\config.h" Line 57(15,21): Unknown Pragma
>>> Warning 235 "C:\Users\ivan-\Documents\MEGA\Compartido\Microcontroladores\MPLAB\C\rpg_lcd_progressbar\config.h" Line 58(15,21): Unknown Pragma
>>> Warning 235 "C:\Users\ivan-\Documents\MEGA\Compartido\Microcontroladores\MPLAB\C\rpg_lcd_progressbar\config.h" Line 61(15,21): Unknown Pragma
>>> Warning 235 "C:\Users\ivan-\Documents\MEGA\Compartido\Microcontroladores\MPLAB\C\rpg_lcd_progressbar\config.h" Line 62(15,21): Unknown Pragma
>>> Warning 235 "C:\Users\ivan-\Documents\MEGA\Compartido\Microcontroladores\MPLAB\C\rpg_lcd_progressbar\config.h" Line 63(15,21): Unknown Pragma
>>> Warning 235 "C:\Users\ivan-\Documents\MEGA\Compartido\Microcontroladores\MPLAB\C\rpg_lcd_progressbar\config.h" Line 66(15,21): Unknown Pragma
>>> Warning 235 "C:\Users\ivan-\Documents\MEGA\Compartido\Microcontroladores\MPLAB\C\rpg_lcd_progressbar\config.h" Line 67(15,21): Unknown Pragma
>>> Warning 235 "C:\Users\ivan-\Documents\MEGA\Compartido\Microcontroladores\MPLAB\C\rpg_lcd_progressbar\config.h" Line 68(15,21): Unknown Pragma
>>> Warning 235 "C:\Users\ivan-\Documents\MEGA\Compartido\Microcontroladores\MPLAB\C\rpg_lcd_progressbar\config.h" Line 69(15,21): Unknown Pragma
>>> Warning 235 "C:\Users\ivan-\Documents\MEGA\Compartido\Microcontroladores\MPLAB\C\rpg_lcd_progressbar\config.h" Line 72(15,21): Unknown Pragma
*** Error 18 "C:\Users\ivan-\Documents\MEGA\Compartido\Microcontroladores\MPLAB\C\rpg_lcd_progressbar\config.h" Line 79(10,16): File can not be opened
    Not in "C:\Program Files (x86)\PICC\Devices\xc.h"
    Not in "C:\Program Files (x86)\PICC\Drivers\xc.h"
    Not in "C:\Users\ivan-\Documents\MEGA\Compartido\Microcontroladores\MPLAB\C\rpg_lcd_progressbar\xc.h"
    Not in project "C:\Users\ivan-\Documents\MEGA\Compartido\Microcontroladores\MPLAB\C\rpg_lcd_progressbar\xc.h"
    Not in local "C:\Users\ivan-\Documents\MEGA\Compartido\PIC\Pic C\16f886\vumetro matriz v2\xc.h"
*** Error 128 "main.c" Line 7(9,15): A #DEVICE required before this line
*** Error 48 "main.c" Line 9(1,5): Expecting a (
      3 Errors,  38 Warnings.
Build Failed.
