

Microchip Technology PIC18 LITE Macro Assembler V1.45 build -152302408 
                                                                                               Tue Jun 05 07:57:36 2018

Microchip Technology Omniscient Code Generator v1.45 (Free mode) build 201711160504
     1                           	processor	18F4550
     2                           	fnconf	rparam,??,?,0
     3                           	opt	pw 120
     4                           	opt	lm
     5                           	psect	cinit,global,reloc=2,class=CODE,delta=1
     6                           	psect	cstackCOMRAM,global,class=COMRAM,space=1,delta=1,noexec
     7                           	psect	text0,global,reloc=2,class=CODE,delta=1
     8                           	psect	text1,global,reloc=2,class=CODE,delta=1
     9                           	psect	intsave_regs,global,class=BIGRAM,space=1,delta=1,noexec
    10                           	psect	rparam,global,class=COMRAM,space=1,delta=1,noexec
    11  0000                     
    12                           ; Version 1.45 (B)
    13                           ; Generated 30/01/2018 GMT
    14                           ; 
    15                           ; Copyright © 2018, Microchip Technology Inc. and its subsidiaries ("Microchip")
    16                           ; All rights reserved.
    17                           ; 
    18                           ; This software is developed by Microchip Technology Inc. and its subsidiaries ("Microch
      +                          ip").
    19                           ; 
    20                           ; Redistribution and use in source and binary forms, with or without modification, are
    21                           ; permitted provided that the following conditions are met:
    22                           ; 
    23                           ;     1. Redistributions of source code must retain the above copyright notice, this lis
      +                          t of
    24                           ;        conditions and the following disclaimer.
    25                           ; 
    26                           ;     2. Redistributions in binary form must reproduce the above copyright notice, this 
      +                          list
    27                           ;        of conditions and the following disclaimer in the documentation and/or other
    28                           ;        materials provided with the distribution.
    29                           ; 
    30                           ;     3. Microchip's name may not be used to endorse or promote products derived from th
      +                          is
    31                           ;        software without specific prior written permission.
    32                           ; 
    33                           ; THIS SOFTWARE IS PROVIDED BY MICROCHIP "AS IS" AND ANY EXPRESS OR IMPLIED WARRANTIES,
    34                           ; INCLUDING, BUT NOT LIMITED TO, THE IMPLIED WARRANTIES OF MERCHANTABILITY AND FITNESS F
      +                          OR
    35                           ; PURPOSE ARE DISCLAIMED.  IN NO EVENT SHALL MICROCHIP BE LIABLE FOR ANY DIRECT, INDIREC
      +                          T,
    36                           ; INCIDENTAL, SPECIAL, EXEMPLARY, OR CONSEQUENTIAL DAMAGES (INCLUDING BUT NOT LIMITED TO
    37                           ; PROCUREMENT OF SUBSTITUTE GOODS OR SERVICES; LOSS OF USE, DATA OR PROFITS; OR BUSINESS
    38                           ; INTERRUPTION) HOWSOEVER CAUSED AND ON ANY THEORY OF LIABILITY, WHETHER IN CONTRACT, ST
      +                          RICT
    39                           ; LIABILITY, OR TORT (INCLUDING NEGLIGENCE OR OTHERWISE) ARISING IN ANY WAY OUT OF THE U
      +                          SE OF
    40                           ; THIS SOFTWARE, EVEN IF ADVISED OF THE POSSIBILITY OF SUCH DAMAGE.
    41                           ; 
    42                           ; 
    43                           ; Code-generator required, PIC18F4550 Definitions
    44                           ; 
    45                           ; SFR Addresses
    46  0000                     _LATD	set	3980
    47  0000                     _ADRESH	set	4036
    48  0000                     _ADCON0bits	set	4034
    49  0000                     _LATC	set	3979
    50  0000                     _ADCON2	set	4032
    51  0000                     _ADCON1	set	4033
    52  0000                     _ADCON0	set	4034
    53  0000                     _TRISC	set	3988
    54  0000                     _TRISD	set	3989
    55                           
    56                           ; #config settings
    57  0000                     
    58                           	psect	cinit
    59  007F9A                     __pcinit:
    60                           	opt stack 0
    61  007F9A                     start_initialization:
    62                           	opt stack 0
    63  007F9A                     __initialization:
    64                           	opt stack 0
    65  007F9A                     end_of_initialization:
    66                           	opt stack 0
    67  007F9A                     __end_of__initialization:
    68                           	opt stack 0
    69  007F9A  0100               	movlb	0
    70  007F9C  EFDD  F03F         	goto	_main	;jump to C main() function
    71                           
    72                           	psect	cstackCOMRAM
    73  000001                     __pcstackCOMRAM:
    74                           	opt stack 0
    75  000001                     main@var:
    76                           	opt stack 0
    77                           
    78                           ; 1 bytes @ 0x0
    79  000001                     	ds	1
    80                           
    81 ;;
    82 ;;Main: autosize = 0, tempsize = 0, incstack = 0, save=0
    83 ;;
    84 ;; *************** function _main *****************
    85 ;; Defined at:
    86 ;;		line 18 in file "main.c"
    87 ;; Parameters:    Size  Location     Type
    88 ;;		None
    89 ;; Auto vars:     Size  Location     Type
    90 ;;  var             1    0[COMRAM] unsigned char 
    91 ;; Return value:  Size  Location     Type
    92 ;;                  1    wreg      void 
    93 ;; Registers used:
    94 ;;		wreg, status,2, status,0, cstack
    95 ;; Tracked objects:
    96 ;;		On entry : 0/0
    97 ;;		On exit  : 0/0
    98 ;;		Unchanged: 0/0
    99 ;; Data sizes:     COMRAM   BANK0   BANK1   BANK2   BANK3   BANK4   BANK5   BANK6   BANK7
   100 ;;      Params:         0       0       0       0       0       0       0       0       0
   101 ;;      Locals:         1       0       0       0       0       0       0       0       0
   102 ;;      Temps:          0       0       0       0       0       0       0       0       0
   103 ;;      Totals:         1       0       0       0       0       0       0       0       0
   104 ;;Total ram usage:        1 bytes
   105 ;; Hardware stack levels required when called:    1
   106 ;; This function calls:
   107 ;;		_setup
   108 ;; This function is called by:
   109 ;;		Startup code after reset
   110 ;; This function uses a non-reentrant model
   111 ;;
   112                           
   113                           	psect	text0
   114  007FBA                     __ptext0:
   115                           	opt stack 0
   116  007FBA                     _main:
   117                           	opt stack 30
   118                           
   119                           ;main.c: 19: setup();
   120                           
   121                           ;incstack = 0
   122  007FBA  ECD0  F03F         	call	_setup	;wreg free
   123  007FBE                     
   124                           ;main.c: 22: ADCON0bits.GO = 1;
   125  007FBE  82C2               	bsf	4034,1,c	;volatile
   126  007FC0  A2C2               	btfss	4034,1,c	;volatile
   127  007FC2  D7FE               	goto	l28
   128                           
   129                           ;main.c: 24: var = ADRESH;
   130  007FC4  CFC4 F001          	movff	4036,main@var	;volatile
   131                           
   132                           ;main.c: 25: if(var< 51)
   133  007FC8  0E33               	movlw	51
   134  007FCA  6001               	cpfslt	main@var,c
   135  007FCC  D002               	goto	l30
   136                           
   137                           ;main.c: 26: LATD = 0x01;
   138  007FCE  0E01               	movlw	1
   139  007FD0  D015               	goto	L5
   140  007FD2                     l30:
   141                           
   142                           ;main.c: 27: else if(var< 102)
   143  007FD2  0E66               	movlw	102
   144  007FD4  6001               	cpfslt	main@var,c
   145  007FD6  D002               	goto	l32
   146                           
   147                           ;main.c: 28: LATD = 0x02;
   148  007FD8  0E02               	movlw	2
   149  007FDA  D010               	goto	L5
   150  007FDC                     l32:
   151                           
   152                           ;main.c: 29: else if(var< 153)
   153  007FDC  0E99               	movlw	153
   154  007FDE  6001               	cpfslt	main@var,c
   155  007FE0  D002               	goto	l34
   156                           
   157                           ;main.c: 30: LATD = 0x04;
   158  007FE2  0E04               	movlw	4
   159  007FE4  D00B               	goto	L5
   160  007FE6                     l34:
   161                           
   162                           ;main.c: 31: else if(var< 204)
   163  007FE6  0ECC               	movlw	204
   164  007FE8  6001               	cpfslt	main@var,c
   165  007FEA  D002               	goto	l36
   166                           
   167                           ;main.c: 32: LATD = 0x08;
   168  007FEC  0E08               	movlw	8
   169  007FEE  D006               	goto	L5
   170  007FF0                     l36:
   171                           
   172                           ;main.c: 33: else if(var< 250)
   173  007FF0  0EFA               	movlw	250
   174  007FF2  6001               	cpfslt	main@var,c
   175  007FF4  D002               	goto	l38
   176                           
   177                           ;main.c: 34: LATD = 0x10;
   178  007FF6  0E10               	movlw	16
   179  007FF8  D001               	goto	L5
   180  007FFA                     l38:
   181                           
   182                           ;main.c: 35: else
   183                           ;main.c: 36: LATD = 0x20;
   184  007FFA  0E20               	movlw	32
   185  007FFC                     L5:
   186  007FFC  6E8C               	movwf	3980,c	;volatile
   187                           
   188                           ;main.c: 37: }
   189  007FFE  D7DF               	goto	l26
   190  008000                     __end_of_main:
   191                           	opt stack 0
   192                           
   193 ;; *************** function _setup *****************
   194 ;; Defined at:
   195 ;;		line 10 in file "main.c"
   196 ;; Parameters:    Size  Location     Type
   197 ;;		None
   198 ;; Auto vars:     Size  Location     Type
   199 ;;		None
   200 ;; Return value:  Size  Location     Type
   201 ;;                  1    wreg      void 
   202 ;; Registers used:
   203 ;;		wreg, status,2
   204 ;; Tracked objects:
   205 ;;		On entry : 0/0
   206 ;;		On exit  : 0/0
   207 ;;		Unchanged: 0/0
   208 ;; Data sizes:     COMRAM   BANK0   BANK1   BANK2   BANK3   BANK4   BANK5   BANK6   BANK7
   209 ;;      Params:         0       0       0       0       0       0       0       0       0
   210 ;;      Locals:         0       0       0       0       0       0       0       0       0
   211 ;;      Temps:          0       0       0       0       0       0       0       0       0
   212 ;;      Totals:         0       0       0       0       0       0       0       0       0
   213 ;;Total ram usage:        0 bytes
   214 ;; Hardware stack levels used:    1
   215 ;; This function calls:
   216 ;;		Nothing
   217 ;; This function is called by:
   218 ;;		_main
   219 ;; This function uses a non-reentrant model
   220 ;;
   221                           
   222                           	psect	text1
   223  007FA0                     __ptext1:
   224                           	opt stack 0
   225  007FA0                     _setup:
   226                           	opt stack 30
   227                           
   228                           ;main.c: 11: TRISD = 0x00;
   229                           
   230                           ;incstack = 0
   231  007FA0  0E00               	movlw	0
   232  007FA2  6E95               	movwf	3989,c	;volatile
   233                           
   234                           ;main.c: 12: TRISC = 0b00111100;
   235  007FA4  0E3C               	movlw	60
   236  007FA6  6E94               	movwf	3988,c	;volatile
   237                           
   238                           ;main.c: 13: ADCON0 = 0b00000001;
   239  007FA8  0E01               	movlw	1
   240  007FAA  6EC2               	movwf	4034,c	;volatile
   241                           
   242                           ;main.c: 14: ADCON1 = 0b00001110;
   243  007FAC  0E0E               	movlw	14
   244  007FAE  6EC1               	movwf	4033,c	;volatile
   245                           
   246                           ;main.c: 15: ADCON2 = 0b00111111;
   247  007FB0  0E3F               	movlw	63
   248  007FB2  6EC0               	movwf	4032,c	;volatile
   249                           
   250                           ;main.c: 16: LATC = 0x7F;
   251  007FB4  0E7F               	movlw	127
   252  007FB6  6E8B               	movwf	3979,c	;volatile
   253  007FB8  0012               	return		;funcret
   254  007FBA                     __end_of_setup:
   255                           	opt stack 0
   256  0000                     
   257                           	psect	rparam


Data Sizes:
    Strings     0
    Constant    0
    Data        0
    BSS         0
    Persistent  0
    Stack       0

Auto Spaces:
    Space          Size  Autos    Used
    COMRAM           95      1       1
    BANK0           160      0       0
    BANK1           256      0       0
    BANK2           256      0       0
    BANK3           256      0       0
    BANK4           256      0       0
    BANK5           256      0       0
    BANK6           256      0       0
    BANK7           256      0       0

Pointer List with Targets:

    None.

Critical Paths under _main in COMRAM

    None.

Critical Paths under _main in BANK0

    None.

Critical Paths under _main in BANK1

    None.

Critical Paths under _main in BANK2

    None.

Critical Paths under _main in BANK3

    None.

Critical Paths under _main in BANK4

    None.

Critical Paths under _main in BANK5

    None.

Critical Paths under _main in BANK6

    None.

Critical Paths under _main in BANK7

    None.

Call Graph Tables:

 ---------------------------------------------------------------------------------
 (Depth) Function   	        Calls       Base Space   Used Autos Params    Refs
 ---------------------------------------------------------------------------------
 (0) _main                                                 1     1      0      75
                                              0 COMRAM     1     1      0
                              _setup
 ---------------------------------------------------------------------------------
 (1) _setup                                                0     0      0       0
 ---------------------------------------------------------------------------------
 Estimated maximum stack depth 1
 ---------------------------------------------------------------------------------

 Call Graph Graphs:

 _main (ROOT)
   _setup

 Address spaces:
Name               Size   Autos  Total    Cost      Usage
BITCOMRAM           5F      0       0       0        0.0%
EEDATA             100      0       0       0        0.0%
NULL                 0      0       0       0        0.0%
CODE                 0      0       0       0        0.0%
COMRAM              5F      1       1       1        1.1%
STACK                0      0       0       2        0.0%
DATA                 0      0       0       3        0.0%
BITBANK0            A0      0       0       4        0.0%
BANK0               A0      0       0       5        0.0%
BITBANK1           100      0       0       6        0.0%
BANK1              100      0       0       7        0.0%
BITBANK2           100      0       0       8        0.0%
BANK2              100      0       0       9        0.0%
BITBANK3           100      0       0      10        0.0%
BANK3              100      0       0      11        0.0%
BITBANK4           100      0       0      12        0.0%
BANK4              100      0       0      13        0.0%
BITBANK5           100      0       0      14        0.0%
BANK5              100      0       0      15        0.0%
BITBANK6           100      0       0      16        0.0%
BANK6              100      0       0      17        0.0%
BITBANK7           100      0       0      18        0.0%
BANK7              100      0       0      19        0.0%
ABS                  0      0       0      20        0.0%
BIGRAM             7FF      0       0      21        0.0%
BITSFR               0      0       0     200        0.0%
SFR                  0      0       0     200        0.0%


Microchip Technology PIC18 Macro Assembler V1.45 build -152302408 
Symbol Table                                                                                   Tue Jun 05 07:57:36 2018

                     l30 7FD2                       l32 7FDC                       l34 7FE6  
                     l26 7FBE                       l36 7FF0                       l28 7FC0  
                     l38 7FFA              __CFG_BORV$3 000000             __CFG_CP0$OFF 000000  
           __CFG_CP1$OFF 000000             __CFG_CP2$OFF 000000             __CFG_CP3$OFF 000000  
           __CFG_CPB$OFF 000000             __CFG_CPD$OFF 000000             __CFG_BOR$OFF 000000  
           __CFG_FOSC$HS 000000             __CFG_LVP$OFF 000000             __CFG_WDT$OFF 000000  
                   _LATC 000F8B                     _LATD 000F8C                     _main 7FBA  
                   start 0000            __CFG_IESO$OFF 000000            __CFG_MCLRE$ON 000000  
           ___param_bank 000000            __CFG_PLLDIV$1 000000           __CFG_CCP2MX$ON 000000  
                  ?_main 0001            __CFG_USBDIV$1 000000                    _TRISC 000F94  
                  _TRISD 000F95            __CFG_PWRT$OFF 000000            __CFG_WRT0$OFF 000000  
          __CFG_WRT1$OFF 000000            __CFG_WRT2$OFF 000000            __CFG_WRT3$OFF 000000  
         __CFG_EBTR0$OFF 000000           __CFG_FCMEN$OFF 000000           __CFG_EBTR1$OFF 000000  
         __CFG_EBTR2$OFF 000000           __CFG_EBTR3$OFF 000000            __CFG_WRTB$OFF 000000  
          __CFG_WRTC$OFF 000000            __CFG_WRTD$OFF 000000           __CFG_EBTRB$OFF 000000  
                  _setup 7FA0           __CFG_ICPRT$OFF 000000          __initialization 7F9A  
           __end_of_main 8000                   ??_main 0001            __activetblptr 000000  
                 _ADCON0 000FC2                   _ADCON1 000FC1                   _ADCON2 000FC0  
                 _ADRESH 000FC4                   ?_setup 0001           __CFG_XINST$OFF 000000  
         __CFG_STVREN$ON 000000               __accesstop 0060  __end_of__initialization 7F9A  
        __CFG_PBADEN$OFF 000000            ___rparam_used 000001           __pcstackCOMRAM 0001  
          __end_of_setup 7FBA                  ??_setup 0001          __CFG_VREGEN$OFF 000000  
                __Hparam 0000                  __Lparam 0000                  __pcinit 7F9A  
                __ramtop 0800                  __ptext0 7FBA                  __ptext1 7FA0  
                main@var 0001     end_of_initialization 7F9A      start_initialization 7F9A  
       __CFG_LPT1OSC$OFF 000000           __size_of_setup 001A         __CFG_WDTPS$32768 000000  
             _ADCON0bits 000FC2                 __Hrparam 0000                 __Lrparam 0000  
          __size_of_main 0046    __CFG_CPUDIV$OSC1_PLL2 000000  
